#
# A fatal error has been detected by the Java Runtime Environment:
#
#  EXCEPTION_ACCESS_VIOLATION (0xc0000005) at pc=0x00007ffa788d26c4, pid=27764, tid=30712
#
# JRE version: OpenJDK Runtime Environment (24.0.1+9) (build 24.0.1+9-30)
# Java VM: OpenJDK 64-Bit Server VM (24.0.1+9-30, mixed mode, sharing, tiered, compressed oops, compressed class ptrs, g1 gc, windows-amd64)
# Problematic frame:
# C  [libasyncProfiler.dll+0x926c4]
#
# No core dump will be written. Minidumps are not enabled by default on client versions of Windows
#
# JFR recording file will be written. Location: C:\Users\choko\IdeaProjects\SeaBattle2.0\hs_err_pid27764.jfr
#
# If you would like to submit a bug report, please visit:
#   https://bugreport.java.com/bugreport/crash.jsp
# The crash happened outside the Java Virtual Machine in native code.
# See problematic frame for where to report the bug.
#

---------------  S U M M A R Y ------------

Command Line: -javaagent:C:\Program Files\JetBrains\IntelliJ IDEA 2025.1\lib\idea_rt.jar=56477 -Dfile.encoding=UTF-8 -Dsun.stdout.encoding=UTF-8 -Dsun.stderr.encoding=UTF-8 org.example.Main

Host: AMD Ryzen 5 7535HS with Radeon Graphics        , 12 cores, 15G,  Windows 11 , 64 bit Build 26100 (10.0.26100.3912)
Time: Mon May 19 13:25:19 2025 RTZ 9 (s 11 , 64 bit Build 26100 (10.0.26100.3912) elapsed time: 2.380855 seconds (0d 0h 0m 2s)

---------------  T H R E A D  ---------------

Current thread (0x000001eaa35f77d0):  JavaThread "Attach Listener" daemon [_thread_in_native, id=30712, stack(0x0000005e6b800000,0x0000005e6b900000) (1024K)]

Stack: [0x0000005e6b800000,0x0000005e6b900000],  sp=0x0000005e6b8ff2b0,  free space=1020k
Native frames: (J=compiled Java code, j=interpreted, Vv=VM code, C=native code)
C  [libasyncProfiler.dll+0x926c4]  (no source info available)
C  [libasyncProfiler.dll+0x92b9b]  (no source info available)
C  [libasyncProfiler.dll+0x917f4]  (no source info available)
C  [libasyncProfiler.dll+0x9206a]  (no source info available)
C  [libasyncProfiler.dll+0x8cc21]  (no source info available)
C  [libasyncProfiler.dll+0x7e5e1]  (no source info available)
C  [libasyncProfiler.dll+0x7d2f8]  (no source info available)
C  [libasyncProfiler.dll+0x7d1e0]  (no source info available)
C  [libasyncProfiler.dll+0x841b9]  (no source info available)
V  [jvm.dll+0x57eff7]  (no source info available)
V  [jvm.dll+0x57fdac]  (no source info available)
V  [jvm.dll+0x14ca17]  (no source info available)
V  [jvm.dll+0x14dfe1]  (no source info available)
V  [jvm.dll+0x42f456]  (no source info available)
V  [jvm.dll+0x87d76b]  (no source info available)
V  [jvm.dll+0x72ee55]  (no source info available)
C  [ucrtbase.dll+0x37b0]  (no source info available)
C  [KERNEL32.DLL+0x2e8d7]  (no source info available)
C  [ntdll.dll+0x9c5dc]  (no source info available)


siginfo: EXCEPTION_ACCESS_VIOLATION (0xc0000005), reading address 0xffffffffffffffff


Registers:
RAX=0x0000000000000010, RBX=0x0000000000000000, RCX=0xffffffffffffffff, RDX=0x007ffa76be300010
RSP=0x0000005e6b8ff2b0, RBP=0x000001eaea468888, RSI=0x0000005e6b8ff420, RDI=0x000001eaea468888
R8 =0x0000000000000042, R9 =0x0000000714234dd8, R10=0x00007ffa76e59fb0, R11=0x0000000000000006
R12=0x0000005e6b8ff420, R13=0x000001eaea060120, R14=0x000001eaa35f7b98, R15=0x000001eaa35f7b98
RIP=0x00007ffa788d26c4, EFLAGS=0x0000000000010202

XMM[0]=0x0000000000000000 0x0000000000000000
XMM[1]=0x0000000000000000 0x0000000000000000
XMM[2]=0x0000000000000000 0x0000000000000000
XMM[3]=0x0000000000000000 0x0000000000000000
XMM[4]=0x0000000000000000 0x0000000000000000
XMM[5]=0x0000000000000000 0x0000000000000000
XMM[6]=0x0000000000000000 0x0000000000000000
XMM[7]=0x0000000000000000 0x0000000000000000
XMM[8]=0x0000000000000000 0x0000000000000000
XMM[9]=0x0000000000000000 0x0000000000000000
XMM[10]=0x0000000000000000 0x0000000000000000
XMM[11]=0x0000000000000000 0x0000000000000000
XMM[12]=0x0000000000000000 0x0000000000000000
XMM[13]=0x0000000000000000 0x0000000000000000
XMM[14]=0x0000000000000000 0x0000000000000000
XMM[15]=0x0000000000000000 0x0000000000000000
  MXCSR=0x00001fa0


Register to memory mapping:

RAX=0x0000000000000010 is an unknown value
RBX=0x0 is null
RCX=0xffffffffffffffff is an unknown value
RDX=0x007ffa76be300010 is an unknown value
RSP=0x0000005e6b8ff2b0 is pointing into the stack for thread: 0x000001eaa35f77d0
RBP=0x000001eaea468888 points into unknown readable memory: 0x0000000714234dd8 | d8 4d 23 14 07 00 00 00
RSI=0x0000005e6b8ff420 is pointing into the stack for thread: 0x000001eaa35f77d0
RDI=0x000001eaea468888 points into unknown readable memory: 0x0000000714234dd8 | d8 4d 23 14 07 00 00 00
R8 =0x0000000000000042 is an unknown value
R9 =0x0000000714234dd8 is an oop: java.lang.Thread 
{0x0000000714234dd8} - klass: 'java/lang/Thread' - flags: 

 - ---- fields (total size 14 words):
 - 'threadLocalRandomProbe' 'I' @12  0 (0x00000000)
 - private volatile 'eetop' 'J' @16  2106755642720 (0x000001ea846bf560)
 - private final 'tid' 'J' @24  3 (0x0000000000000003)
 - 'threadLocalRandomSeed' 'J' @32  0 (0x0000000000000000)
 - injected 'jvmti_thread_state' 'J' @40  2108458543168 (0x000001eae9ec2840)
 - 'threadLocalRandomSecondarySeed' 'I' @48  0 (0x00000000)
 - injected 'jvmti_VTMS_transition_disable_count' 'I' @52  0 (0x00000000)
 - injected 'jfr_epoch' 'S' @56  0 (0x0000)
 - volatile 'interrupted' 'Z' @58  false (0x00)
 - injected 'jvmti_is_in_VTMS_transition' 'Z' @59  false (0x00)
 - private volatile 'name' 'Ljava/lang/String;' @60  "main"{0x00000007142bef18} (0xe2857de3)
 - private volatile 'contextClassLoader' 'Ljava/lang/ClassLoader;' @64  a 'jdk/internal/loader/ClassLoaders$AppClassLoader'{0x0000000714265530} (0xe284caa6)
 - private final 'holder' 'Ljava/lang/Thread$FieldHolder;' @68  a 'java/lang/Thread$FieldHolder'{0x00000007142bef48} (0xe2857de9)
 - 'threadLocals' 'Ljava/lang/ThreadLocal$ThreadLocalMap;' @72  a 'java/lang/ThreadLocal$ThreadLocalMap'{0x00000007142bef70} (0xe2857dee)
 - 'inheritableThreadLocals' 'Ljava/lang/ThreadLocal$ThreadLocalMap;' @76  null (0x00000000)
 - private 'scopedValueBindings' 'Ljava/lang/Object;' @80  a 'java/lang/Class'{0x00000007ffe7c258} = 'java/lang/Thread' (0xfffcf84b)
 - final 'interruptLock' 'Ljava/lang/Object;' @84  a 'java/lang/Object'{0x00000007142bf180} (0xe2857e30)
 - private volatile 'parkBlocker' 'Ljava/lang/Object;' @88  null (0x00000000)
 - private 'nioBlocker' 'Lsun/nio/ch/Interruptible;' @92  null (0x00000000)
 - private 'cont' 'Ljdk/internal/vm/Continuation;' @96  null (0x00000000)
 - private volatile 'uncaughtExceptionHandler' 'Ljava/lang/Thread$UncaughtExceptionHandler;' @100  null (0x00000000)
 - private 'container' 'Ljdk/internal/vm/ThreadContainer;' @104  null (0x00000000)
 - private volatile 'headStackableScopes' 'Ljdk/internal/vm/StackableScope;' @108  null (0x00000000)
R10=0x00007ffa76e59fb0 jvm.dll
R11=0x0000000000000006 is an unknown value
R12=0x0000005e6b8ff420 is pointing into the stack for thread: 0x000001eaa35f77d0
R13=0x000001eaea060120 points into unknown readable memory: 0x00007ffa76dca510 | 10 a5 dc 76 fa 7f 00 00
R14=0x000001eaa35f7b98 points into unknown readable memory: 0x00007ffa76dc17b0 | b0 17 dc 76 fa 7f 00 00
R15=0x000001eaa35f7b98 points into unknown readable memory: 0x00007ffa76dc17b0 | b0 17 dc 76 fa 7f 00 00

Top of Stack: (sp=0x0000005e6b8ff2b0)
0x0000005e6b8ff2b0:   0000005e6b8ff420 000001eaea468888    ..k^.....F.....
0x0000005e6b8ff2c0:   0000000000000000 000001eaa35f7f20   ........ ._.....
0x0000005e6b8ff2d0:   0000000000000025 00007ffa788d2b9b   %........+.x....
0x0000005e6b8ff2e0:   0000000000000000 000001eaa35f7b98   .........{_.....
0x0000005e6b8ff2f0:   0000005e6b8ff401 0000000000000000   ...k^...........
0x0000005e6b8ff300:   000001eaec7797e0 00007ffa788d17f4   ..w........x....
0x0000005e6b8ff310:   0000000000000000 0000000000000025   ........%.......
0x0000005e6b8ff320:   0000000000000000 0000000000000025   ........%.......
0x0000005e6b8ff330:   0000000f00000002 000001eaea59f190   ..........Y.....
0x0000005e6b8ff340:   000001eaec7797e0 000001eaec779874   ..w.....t.w.....
0x0000005e6b8ff350:   000001eaec779888 0000000000003b88   ..w......;......
0x0000005e6b8ff360:   0000000000000000 0000000000000000   ................
0x0000005e6b8ff370:   0000000000000000 00007ffa766257d4   .........Wbv....
0x0000005e6b8ff380:   00007ffa78a14ca0 0000000000006c74   .L.x....tl......
0x0000005e6b8ff390:   00007ffa78a14ca0 00000000ffffffff   .L.x............
0x0000005e6b8ff3a0:   0000000000000000 00007ffa788d206a   ........j .x....
0x0000005e6b8ff3b0:   000001eaa35f7b98 0000000000000000   .{_.............
0x0000005e6b8ff3c0:   0000005e6b8ff429 000001eaea060120   )..k^... .......
0x0000005e6b8ff3d0:   0000000000000004 0000000000000048   ........H.......
0x0000005e6b8ff3e0:   0000000800800310 0000000000000020   ........ .......
0x0000005e6b8ff3f0:   000001eaa35f7b98 00007ffa78a14ca0   .{_......L.x....
0x0000005e6b8ff400:   000001eaa34a9830 000001eae9ec2840   0.J.....@(......
0x0000005e6b8ff410:   0000000800800390 000001eaa35f7b98   .........{_.....
0x0000005e6b8ff420:   000001eae9a58440 000001eae9a588e0   @...............
0x0000005e6b8ff430:   000001eae9a588e0 00007ffa78a14ca0   .........L.x....
0x0000005e6b8ff440:   000001eaea03cad8 0000005e6b8ff5b8   ...........k^...
0x0000005e6b8ff450:   0000005e6b8ff6f0 0000000000008840   ...k^...@.......
0x0000005e6b8ff460:   0000005e6b8ff8d0 00007ffa78a14cf0   ...k^....L.x....
0x0000005e6b8ff470:   0000000000989680 0000000000989680   ................
0x0000005e6b8ff480:   0000005e6b8ff590 00007ffa788ccc21   ...k^...!..x....
0x0000005e6b8ff490:   00007ffa78a14ca0 00007ffa78a14cf8   .L.x.....L.x....
0x0000005e6b8ff4a0:   00007ffa00000000 00007ffa00000001   ................

Instructions: (pc=0x00007ffa788d26c4)
  0x00007ffa788d25c4:   cc cc cc cc cc cc cc cc cc cc cc cc cc cc cc cc
  0x00007ffa788d25d4:   cc cc cc cc cc cc cc cc cc cc cc cc cc cc cc cc
  0x00007ffa788d25e4:   cc cc cc cc cc cc cc cc cc cc cc cc cc cc cc cc
  0x00007ffa788d25f4:   cc cc cc cc cc cc cc cc cc cc cc cc cc cc cc cc
  0x00007ffa788d2604:   cc cc cc cc cc cc cc cc cc cc cc cc cc cc cc cc
  0x00007ffa788d2614:   cc cc cc cc cc cc cc cc cc cc cc cc cc cc cc cc
  0x00007ffa788d2624:   cc cc cc cc cc cc cc cc cc cc cc cc cc cc cc cc
  0x00007ffa788d2634:   cc cc cc cc cc cc cc cc cc cc cc cc cc cc cc cc
  0x00007ffa788d2644:   cc cc cc cc cc cc cc cc cc cc cc cc 40 57 48 83
  0x00007ffa788d2654:   ec 20 48 8b f9 48 8b 0d 10 28 14 00 48 85 c9 74
  0x00007ffa788d2664:   20 48 8b 01 48 8d 54 24 38 41 b8 06 00 01 00 4c
  0x00007ffa788d2674:   8b 48 30 41 ff d1 85 c0 75 07 48 8b 4c 24 38 eb
  0x00007ffa788d2684:   02 33 c9 4c 8b 05 ea 28 14 00 48 89 5c 24 30 4d
  0x00007ffa788d2694:   85 c0 74 4a 48 8b 01 48 8b d7 4c 8b 88 28 03 00
  0x00007ffa788d26a4:   00 41 ff d1 48 85 c0 74 35 48 63 0d f8 e6 13 00
  0x00007ffa788d26b4:   48 8b 14 01 48 85 d2 74 15 48 63 05 fc e6 13 00
=>0x00007ffa788d26c4:   8b 04 10 48 8b 5c 24 30 48 83 c4 20 5f c3 b8 ff
  0x00007ffa788d26d4:   ff ff ff 48 8b 5c 24 30 48 83 c4 20 5f c3 80 3d
  0x00007ffa788d26e4:   9b 27 14 00 00 bb ff ff ff ff 74 20 4c 8b 0d 31
  0x00007ffa788d26f4:   24 14 00 4c 8d 44 24 38 48 8b 0d 15 24 14 00 48
  0x00007ffa788d2704:   8b d7 41 ff d1 85 c0 0f 44 5c 24 38 8b c3 48 8b
  0x00007ffa788d2714:   5c 24 30 48 83 c4 20 5f c3 cc cc cc cc cc cc cc
  0x00007ffa788d2724:   cc cc cc cc cc cc cc cc cc cc cc cc cc cc cc cc
  0x00007ffa788d2734:   cc cc cc cc cc cc cc cc cc cc cc cc cc cc cc cc
  0x00007ffa788d2744:   cc cc cc cc cc cc cc cc cc cc cc cc 48 89 54 24
  0x00007ffa788d2754:   10 53 55 56 57 41 56 41 57 48 83 ec 28 48 8b f2
  0x00007ffa788d2764:   4c 8b f1 48 89 4c 24 78 45 33 ff 44 89 7c 24 68
  0x00007ffa788d2774:   c7 44 24 60 01 00 00 00 48 8d 4c 24 68 e8 ed 42
  0x00007ffa788d2784:   f7 ff 8b d8 48 8d 4c 24 60 e8 e1 42 f7 ff 8b e8
  0x00007ffa788d2794:   49 8b ce e8 00 fc f6 ff 48 8b f8 90 8b c3 f0 0f
  0x00007ffa788d27a4:   b1 2f 74 04 f3 90 eb f4 4c 89 3e 4c 89 7e 08 4c
  0x00007ffa788d27b4:   89 7e 10 49 8b 6e 08 4d 8b 76 10 49 3b ee 0f 84


Stack slot to memory mapping:

stack at sp + 0 slots: 0x0000005e6b8ff420 is pointing into the stack for thread: 0x000001eaa35f77d0
stack at sp + 1 slots: 0x000001eaea468888 points into unknown readable memory: 0x0000000714234dd8 | d8 4d 23 14 07 00 00 00
stack at sp + 2 slots: 0x0 is null
stack at sp + 3 slots: 0x000001eaa35f7f20 points into unknown readable memory: 0x6e616c2e6176616a | 6a 61 76 61 2e 6c 61 6e
stack at sp + 4 slots: 0x0000000000000025 is an unknown value
stack at sp + 5 slots: 0x00007ffa788d2b9b libasyncProfiler.dll
stack at sp + 6 slots: 0x0 is null
stack at sp + 7 slots: 0x000001eaa35f7b98 points into unknown readable memory: 0x00007ffa76dc17b0 | b0 17 dc 76 fa 7f 00 00

Lock stack of current Java thread (top to bottom):


---------------  P R O C E S S  ---------------

Threads class SMR info:
_java_thread_list=0x000001eaea47f070, length=21, elements={
0x000001ea846bf560, 0x000001eaa35f1610, 0x000001eaa35f3d60, 0x000001eaa35f5b60,
0x000001eaa35f77d0, 0x000001eaa35f8b70, 0x000001eaa35fb100, 0x000001eae900a3d0,
0x000001eae900f320, 0x000001eae925fb10, 0x000001eae925d680, 0x000001eae9260260,
0x000001eae925f3c0, 0x000001eae92609b0, 0x000001eae925ddd0, 0x000001eae925e520,
0x000001eae9b28160, 0x000001eae9e12010, 0x000001eae9b288b0, 0x000001eaec8b4bb0,
0x000001eae9b29000
}

Java Threads: ( => current thread )
  0x000001ea846bf560 JavaThread "main"                              [_thread_in_native, id=26284, stack(0x0000005e6ad00000,0x0000005e6ae00000) (1024K)]
  0x000001eaa35f1610 JavaThread "Reference Handler"          daemon [_thread_blocked, id=17560, stack(0x0000005e6b500000,0x0000005e6b600000) (1024K)]
  0x000001eaa35f3d60 JavaThread "Finalizer"                  daemon [_thread_blocked, id=18008, stack(0x0000005e6b600000,0x0000005e6b700000) (1024K)]
  0x000001eaa35f5b60 JavaThread "Signal Dispatcher"          daemon [_thread_blocked, id=19824, stack(0x0000005e6b700000,0x0000005e6b800000) (1024K)]
=>0x000001eaa35f77d0 JavaThread "Attach Listener"            daemon [_thread_in_native, id=30712, stack(0x0000005e6b800000,0x0000005e6b900000) (1024K)]
  0x000001eaa35f8b70 JavaThread "Service Thread"             daemon [_thread_blocked, id=6376, stack(0x0000005e6b900000,0x0000005e6ba00000) (1024K)]
  0x000001eaa35fb100 JavaThread "Monitor Deflation Thread"   daemon [_thread_blocked, id=21700, stack(0x0000005e6ba00000,0x0000005e6bb00000) (1024K)]
  0x000001eae900a3d0 JavaThread "C2 CompilerThread0"         daemon [_thread_blocked, id=19180, stack(0x0000005e6bb00000,0x0000005e6bc00000) (1024K)]
  0x000001eae900f320 JavaThread "C1 CompilerThread0"         daemon [_thread_blocked, id=12348, stack(0x0000005e6bc00000,0x0000005e6bd00000) (1024K)]
  0x000001eae925fb10 JavaThread "Common-Cleaner"             daemon [_thread_blocked, id=29200, stack(0x0000005e6bd00000,0x0000005e6be00000) (1024K)]
  0x000001eae925d680 JavaThread "Monitor Ctrl-Break"         daemon [_thread_in_native, id=3772, stack(0x0000005e6be00000,0x0000005e6bf00000) (1024K)]
  0x000001eae9260260 JavaThread "Notification Thread"        daemon [_thread_blocked, id=13640, stack(0x0000005e6bf00000,0x0000005e6c000000) (1024K)]
  0x000001eae925f3c0 JavaThread "RMI TCP Accept-0"           daemon [_thread_in_native, id=4068, stack(0x0000005e6c200000,0x0000005e6c300000) (1024K)]
  0x000001eae92609b0 JavaThread "RMI TCP Connection(1)-10.2.0.2" daemon [_thread_in_native, id=28016, stack(0x0000005e6c300000,0x0000005e6c400000) (1024K)]
  0x000001eae925ddd0 JavaThread "RMI Scheduler(0)"           daemon [_thread_blocked, id=18332, stack(0x0000005e6c400000,0x0000005e6c500000) (1024K)]
  0x000001eae925e520 JavaThread "JMX server connection timeout 31" daemon [_thread_blocked, id=7408, stack(0x0000005e6c500000,0x0000005e6c600000) (1024K)]
  0x000001eae9b28160 JavaThread "RMI TCP Connection(2)-10.2.0.2" daemon [_thread_in_native, id=22120, stack(0x0000005e6c600000,0x0000005e6c700000) (1024K)]
  0x000001eae9e12010 JavaThread "C2 CompilerThread1"         daemon [_thread_blocked, id=14624, stack(0x0000005e6ca00000,0x0000005e6cb00000) (1024K)]
  0x000001eae9b288b0 JavaThread "JFR Recorder Thread"        daemon [_thread_in_native, id=23236, stack(0x0000005e6cb00000,0x0000005e6cc00000) (1024K)]
  0x000001eaec8b4bb0 JavaThread "C2 CompilerThread2"         daemon [_thread_blocked, id=7796, stack(0x0000005e6cc00000,0x0000005e6cd00000) (1024K)]
  0x000001eae9b29000 JavaThread "JFR Periodic Tasks"         daemon [_thread_blocked, id=15240, stack(0x0000005e6cd00000,0x0000005e6ce00000) (1024K)]
Total: 21

Other Threads:
  0x000001eaa35e0de0 VMThread "VM Thread"                           [id=7268, stack(0x0000005e6b400000,0x0000005e6b500000) (1024K)]
  0x000001eaa35d4310 WatcherThread "VM Periodic Task Thread"        [id=14980, stack(0x0000005e6b300000,0x0000005e6b400000) (1024K)]
  0x000001ea84720d60 WorkerThread "GC Thread#0"                     [id=2068, stack(0x0000005e6ae00000,0x0000005e6af00000) (1024K)]
  0x000001eae9ee9290 WorkerThread "GC Thread#1"                     [id=3352, stack(0x0000005e6c000000,0x0000005e6c100000) (1024K)]
  0x000001eae9ee9640 WorkerThread "GC Thread#2"                     [id=18912, stack(0x0000005e6c100000,0x0000005e6c200000) (1024K)]
  0x000001eae9eeda30 WorkerThread "GC Thread#3"                     [id=18620, stack(0x0000005e6c700000,0x0000005e6c800000) (1024K)]
  0x000001eae9f7f050 WorkerThread "GC Thread#4"                     [id=23392, stack(0x0000005e6c800000,0x0000005e6c900000) (1024K)]
  0x000001eae9f7ff10 WorkerThread "GC Thread#5"                     [id=10052, stack(0x0000005e6c900000,0x0000005e6ca00000) (1024K)]
  0x000001ea84735b10 ConcurrentGCThread "G1 Main Marker"            [id=10952, stack(0x0000005e6af00000,0x0000005e6b000000) (1024K)]
  0x000001ea84736dc0 WorkerThread "G1 Conc#0"                       [id=14536, stack(0x0000005e6b000000,0x0000005e6b100000) (1024K)]
  0x000001ea8477e470 ConcurrentGCThread "G1 Refine#0"               [id=22996, stack(0x0000005e6b100000,0x0000005e6b200000) (1024K)]
  0x000001eaa34a7090 ConcurrentGCThread "G1 Service"                [id=10836, stack(0x0000005e6b200000,0x0000005e6b300000) (1024K)]
Total: 12

Threads with active compile tasks:
Total: 0

VM state: not at safepoint (normal execution)

VM Mutex/Monitor currently owned by a thread: None

Heap address: 0x000000070c000000, size: 3904 MB, Compressed Oops mode: Zero based, Oop shift amount: 3

CDS archive(s) mapped at: [0x000001eaa4000000-0x000001eaa4d40000-0x000001eaa4d40000), size 13893632, SharedBaseAddress: 0x000001eaa4000000, ArchiveRelocationMode: 1.
Compressed class space mapped at: 0x000001eaa5000000-0x000001eae5000000, reserved size: 1073741824
UseCompressedClassPointers 1, UseCompactObjectHeaders 0
Narrow klass pointer bits 32, Max shift 3
Narrow klass base: 0x000001eaa4000000, Narrow klass shift: 0
Encoding Range: [0x000001eaa4000000 - 0x000001eba4000000), (4294967296 bytes)
Klass Range:    [0x000001eaa4000000 - 0x000001eae5000000), (1090519040 bytes)
Klass ID Range:  [8 - 1090519033) (1090519025)

GC Precious Log:
 CardTable entry size: 512
 Card Set container configuration: InlinePtr #cards 4 size 8 Array Of Cards #cards 16 size 48 Howl #buckets 8 coarsen threshold 3686 Howl Bitmap #cards 512 size 80 coarsen threshold 460 Card regions per heap region 1 cards per card region 4096
 CPUs: 12 total, 12 available
 Memory: 15611M
 Large Page Support: Disabled
 NUMA Support: Disabled
 Compressed Oops: Enabled (Zero based)
 Heap Region Size: 2M
 Heap Min Capacity: 8M
 Heap Initial Capacity: 244M
 Heap Max Capacity: 3904M
 Pre-touch: Disabled
 Parallel Workers: 10
 Concurrent Workers: 3
 Concurrent Refinement Workers: 10
 Periodic GC: Disabled

Heap:
 garbage-first heap   total reserved 3997696K, committed 251904K, used 85938K [0x000000070c000000, 0x0000000800000000)
  region size 2048K, 43 young (88064K), 2 survivors (4096K)
 Metaspace       used 7863K, committed 8064K, reserved 1114112K
  class space    used 742K, committed 832K, reserved 1048576K

Heap Regions: E=young(eden), S=young(survivor), O=old, HS=humongous(starts), HC=humongous(continues), CS=collection set, F=free, TAMS=top-at-mark-start, PB=parsable bottom
|   0|0x000000070c000000, 0x000000070c000000, 0x000000070c200000|  0%| F|  |TAMS 0x000000070c000000| PB 0x000000070c000000| Untracked |  0
|   1|0x000000070c200000, 0x000000070c200000, 0x000000070c400000|  0%| F|  |TAMS 0x000000070c200000| PB 0x000000070c200000| Untracked |  0
|   2|0x000000070c400000, 0x000000070c400000, 0x000000070c600000|  0%| F|  |TAMS 0x000000070c400000| PB 0x000000070c400000| Untracked |  0
|   3|0x000000070c600000, 0x000000070c600000, 0x000000070c800000|  0%| F|  |TAMS 0x000000070c600000| PB 0x000000070c600000| Untracked |  0
|   4|0x000000070c800000, 0x000000070c800000, 0x000000070ca00000|  0%| F|  |TAMS 0x000000070c800000| PB 0x000000070c800000| Untracked |  0
|   5|0x000000070ca00000, 0x000000070ca00000, 0x000000070cc00000|  0%| F|  |TAMS 0x000000070ca00000| PB 0x000000070ca00000| Untracked |  0
|   6|0x000000070cc00000, 0x000000070cc00000, 0x000000070ce00000|  0%| F|  |TAMS 0x000000070cc00000| PB 0x000000070cc00000| Untracked |  0
|   7|0x000000070ce00000, 0x000000070ce00000, 0x000000070d000000|  0%| F|  |TAMS 0x000000070ce00000| PB 0x000000070ce00000| Untracked |  0
|   8|0x000000070d000000, 0x000000070d000000, 0x000000070d200000|  0%| F|  |TAMS 0x000000070d000000| PB 0x000000070d000000| Untracked |  0
|   9|0x000000070d200000, 0x000000070d200000, 0x000000070d400000|  0%| F|  |TAMS 0x000000070d200000| PB 0x000000070d200000| Untracked |  0
|  10|0x000000070d400000, 0x000000070d400000, 0x000000070d600000|  0%| F|  |TAMS 0x000000070d400000| PB 0x000000070d400000| Untracked |  0
|  11|0x000000070d600000, 0x000000070d600000, 0x000000070d800000|  0%| F|  |TAMS 0x000000070d600000| PB 0x000000070d600000| Untracked |  0
|  12|0x000000070d800000, 0x000000070d800000, 0x000000070da00000|  0%| F|  |TAMS 0x000000070d800000| PB 0x000000070d800000| Untracked |  0
|  13|0x000000070da00000, 0x000000070da00000, 0x000000070dc00000|  0%| F|  |TAMS 0x000000070da00000| PB 0x000000070da00000| Untracked |  0
|  14|0x000000070dc00000, 0x000000070dc00000, 0x000000070de00000|  0%| F|  |TAMS 0x000000070dc00000| PB 0x000000070dc00000| Untracked |  0
|  15|0x000000070de00000, 0x000000070de00000, 0x000000070e000000|  0%| F|  |TAMS 0x000000070de00000| PB 0x000000070de00000| Untracked |  0
|  16|0x000000070e000000, 0x000000070e000000, 0x000000070e200000|  0%| F|  |TAMS 0x000000070e000000| PB 0x000000070e000000| Untracked |  0
|  17|0x000000070e200000, 0x000000070e200000, 0x000000070e400000|  0%| F|  |TAMS 0x000000070e200000| PB 0x000000070e200000| Untracked |  0
|  18|0x000000070e400000, 0x000000070e400000, 0x000000070e600000|  0%| F|  |TAMS 0x000000070e400000| PB 0x000000070e400000| Untracked |  0
|  19|0x000000070e600000, 0x000000070e600000, 0x000000070e800000|  0%| F|  |TAMS 0x000000070e600000| PB 0x000000070e600000| Untracked |  0
|  20|0x000000070e800000, 0x000000070e800000, 0x000000070ea00000|  0%| F|  |TAMS 0x000000070e800000| PB 0x000000070e800000| Untracked |  0
|  21|0x000000070ea00000, 0x000000070ea00000, 0x000000070ec00000|  0%| F|  |TAMS 0x000000070ea00000| PB 0x000000070ea00000| Untracked |  0
|  22|0x000000070ec00000, 0x000000070ec00000, 0x000000070ee00000|  0%| F|  |TAMS 0x000000070ec00000| PB 0x000000070ec00000| Untracked |  0
|  23|0x000000070ee00000, 0x000000070ee00000, 0x000000070f000000|  0%| F|  |TAMS 0x000000070ee00000| PB 0x000000070ee00000| Untracked |  0
|  24|0x000000070f000000, 0x000000070f000000, 0x000000070f200000|  0%| F|  |TAMS 0x000000070f000000| PB 0x000000070f000000| Untracked |  0
|  25|0x000000070f200000, 0x000000070f200000, 0x000000070f400000|  0%| F|  |TAMS 0x000000070f200000| PB 0x000000070f200000| Untracked |  0
|  26|0x000000070f400000, 0x000000070f400000, 0x000000070f600000|  0%| F|  |TAMS 0x000000070f400000| PB 0x000000070f400000| Untracked |  0
|  27|0x000000070f600000, 0x000000070f600000, 0x000000070f800000|  0%| F|  |TAMS 0x000000070f600000| PB 0x000000070f600000| Untracked |  0
|  28|0x000000070f800000, 0x000000070f800000, 0x000000070fa00000|  0%| F|  |TAMS 0x000000070f800000| PB 0x000000070f800000| Untracked |  0
|  29|0x000000070fa00000, 0x000000070fa00000, 0x000000070fc00000|  0%| F|  |TAMS 0x000000070fa00000| PB 0x000000070fa00000| Untracked |  0
|  30|0x000000070fc00000, 0x000000070fc00000, 0x000000070fe00000|  0%| F|  |TAMS 0x000000070fc00000| PB 0x000000070fc00000| Untracked |  0
|  31|0x000000070fe00000, 0x000000070fe00000, 0x0000000710000000|  0%| F|  |TAMS 0x000000070fe00000| PB 0x000000070fe00000| Untracked |  0
|  32|0x0000000710000000, 0x0000000710000000, 0x0000000710200000|  0%| F|  |TAMS 0x0000000710000000| PB 0x0000000710000000| Untracked |  0
|  33|0x0000000710200000, 0x0000000710200000, 0x0000000710400000|  0%| F|  |TAMS 0x0000000710200000| PB 0x0000000710200000| Untracked |  0
|  34|0x0000000710400000, 0x0000000710400000, 0x0000000710600000|  0%| F|  |TAMS 0x0000000710400000| PB 0x0000000710400000| Untracked |  0
|  35|0x0000000710600000, 0x0000000710600000, 0x0000000710800000|  0%| F|  |TAMS 0x0000000710600000| PB 0x0000000710600000| Untracked |  0
|  36|0x0000000710800000, 0x0000000710800000, 0x0000000710a00000|  0%| F|  |TAMS 0x0000000710800000| PB 0x0000000710800000| Untracked |  0
|  37|0x0000000710a00000, 0x0000000710a00000, 0x0000000710c00000|  0%| F|  |TAMS 0x0000000710a00000| PB 0x0000000710a00000| Untracked |  0
|  38|0x0000000710c00000, 0x0000000710c00000, 0x0000000710e00000|  0%| F|  |TAMS 0x0000000710c00000| PB 0x0000000710c00000| Untracked |  0
|  39|0x0000000710e00000, 0x0000000710e00000, 0x0000000711000000|  0%| F|  |TAMS 0x0000000710e00000| PB 0x0000000710e00000| Untracked |  0
|  40|0x0000000711000000, 0x0000000711000000, 0x0000000711200000|  0%| F|  |TAMS 0x0000000711000000| PB 0x0000000711000000| Untracked |  0
|  41|0x0000000711200000, 0x0000000711200000, 0x0000000711400000|  0%| F|  |TAMS 0x0000000711200000| PB 0x0000000711200000| Untracked |  0
|  42|0x0000000711400000, 0x0000000711400000, 0x0000000711600000|  0%| F|  |TAMS 0x0000000711400000| PB 0x0000000711400000| Untracked |  0
|  43|0x0000000711600000, 0x0000000711600000, 0x0000000711800000|  0%| F|  |TAMS 0x0000000711600000| PB 0x0000000711600000| Untracked |  0
|  44|0x0000000711800000, 0x0000000711800000, 0x0000000711a00000|  0%| F|  |TAMS 0x0000000711800000| PB 0x0000000711800000| Untracked |  0
|  45|0x0000000711a00000, 0x0000000711a00000, 0x0000000711c00000|  0%| F|  |TAMS 0x0000000711a00000| PB 0x0000000711a00000| Untracked |  0
|  46|0x0000000711c00000, 0x0000000711c00000, 0x0000000711e00000|  0%| F|  |TAMS 0x0000000711c00000| PB 0x0000000711c00000| Untracked |  0
|  47|0x0000000711e00000, 0x0000000711e00000, 0x0000000712000000|  0%| F|  |TAMS 0x0000000711e00000| PB 0x0000000711e00000| Untracked |  0
|  48|0x0000000712000000, 0x0000000712000000, 0x0000000712200000|  0%| F|  |TAMS 0x0000000712000000| PB 0x0000000712000000| Untracked |  0
|  49|0x0000000712200000, 0x0000000712200000, 0x0000000712400000|  0%| F|  |TAMS 0x0000000712200000| PB 0x0000000712200000| Untracked |  0
|  50|0x0000000712400000, 0x0000000712400000, 0x0000000712600000|  0%| F|  |TAMS 0x0000000712400000| PB 0x0000000712400000| Untracked |  0
|  51|0x0000000712600000, 0x0000000712600000, 0x0000000712800000|  0%| F|  |TAMS 0x0000000712600000| PB 0x0000000712600000| Untracked |  0
|  52|0x0000000712800000, 0x0000000712800000, 0x0000000712a00000|  0%| F|  |TAMS 0x0000000712800000| PB 0x0000000712800000| Untracked |  0
|  53|0x0000000712a00000, 0x0000000712a00000, 0x0000000712c00000|  0%| F|  |TAMS 0x0000000712a00000| PB 0x0000000712a00000| Untracked |  0
|  54|0x0000000712c00000, 0x0000000712c00000, 0x0000000712e00000|  0%| F|  |TAMS 0x0000000712c00000| PB 0x0000000712c00000| Untracked |  0
|  55|0x0000000712e00000, 0x0000000712e00000, 0x0000000713000000|  0%| F|  |TAMS 0x0000000712e00000| PB 0x0000000712e00000| Untracked |  0
|  56|0x0000000713000000, 0x0000000713000000, 0x0000000713200000|  0%| F|  |TAMS 0x0000000713000000| PB 0x0000000713000000| Untracked |  0
|  57|0x0000000713200000, 0x0000000713200000, 0x0000000713400000|  0%| F|  |TAMS 0x0000000713200000| PB 0x0000000713200000| Untracked |  0
|  58|0x0000000713400000, 0x0000000713400000, 0x0000000713600000|  0%| F|  |TAMS 0x0000000713400000| PB 0x0000000713400000| Untracked |  0
|  59|0x0000000713600000, 0x0000000713600000, 0x0000000713800000|  0%| F|  |TAMS 0x0000000713600000| PB 0x0000000713600000| Untracked |  0
|  60|0x0000000713800000, 0x0000000713800000, 0x0000000713a00000|  0%| F|  |TAMS 0x0000000713800000| PB 0x0000000713800000| Untracked |  0
|  61|0x0000000713a00000, 0x0000000713a00000, 0x0000000713c00000|  0%| F|  |TAMS 0x0000000713a00000| PB 0x0000000713a00000| Untracked |  0
|  62|0x0000000713c00000, 0x0000000713c00000, 0x0000000713e00000|  0%| F|  |TAMS 0x0000000713c00000| PB 0x0000000713c00000| Untracked |  0
|  63|0x0000000713e00000, 0x0000000713e00000, 0x0000000714000000|  0%| F|  |TAMS 0x0000000713e00000| PB 0x0000000713e00000| Untracked |  0
|  64|0x0000000714000000, 0x00000007140d0910, 0x0000000714200000| 40%| S|CS|TAMS 0x0000000714000000| PB 0x0000000714000000| Complete |  0
|  65|0x0000000714200000, 0x0000000714400000, 0x0000000714400000|100%| S|CS|TAMS 0x0000000714200000| PB 0x0000000714200000| Complete |  0
|  66|0x0000000714400000, 0x0000000714400000, 0x0000000714600000|  0%| F|  |TAMS 0x0000000714400000| PB 0x0000000714400000| Untracked |  0
|  67|0x0000000714600000, 0x0000000714600000, 0x0000000714800000|  0%| F|  |TAMS 0x0000000714600000| PB 0x0000000714600000| Untracked |  0
|  68|0x0000000714800000, 0x0000000714800000, 0x0000000714a00000|  0%| F|  |TAMS 0x0000000714800000| PB 0x0000000714800000| Untracked |  0
|  69|0x0000000714a00000, 0x0000000714a00000, 0x0000000714c00000|  0%| F|  |TAMS 0x0000000714a00000| PB 0x0000000714a00000| Untracked |  0
|  70|0x0000000714c00000, 0x0000000714c00000, 0x0000000714e00000|  0%| F|  |TAMS 0x0000000714c00000| PB 0x0000000714c00000| Untracked |  0
|  71|0x0000000714e00000, 0x0000000714e00000, 0x0000000715000000|  0%| F|  |TAMS 0x0000000714e00000| PB 0x0000000714e00000| Untracked |  0
|  72|0x0000000715000000, 0x0000000715000000, 0x0000000715200000|  0%| F|  |TAMS 0x0000000715000000| PB 0x0000000715000000| Untracked |  0
|  73|0x0000000715200000, 0x0000000715200000, 0x0000000715400000|  0%| F|  |TAMS 0x0000000715200000| PB 0x0000000715200000| Untracked |  0
|  74|0x0000000715400000, 0x0000000715400000, 0x0000000715600000|  0%| F|  |TAMS 0x0000000715400000| PB 0x0000000715400000| Untracked |  0
|  75|0x0000000715600000, 0x0000000715600000, 0x0000000715800000|  0%| F|  |TAMS 0x0000000715600000| PB 0x0000000715600000| Untracked |  0
|  76|0x0000000715800000, 0x0000000715800000, 0x0000000715a00000|  0%| F|  |TAMS 0x0000000715800000| PB 0x0000000715800000| Untracked |  0
|  77|0x0000000715a00000, 0x0000000715a00000, 0x0000000715c00000|  0%| F|  |TAMS 0x0000000715a00000| PB 0x0000000715a00000| Untracked |  0
|  78|0x0000000715c00000, 0x0000000715c00000, 0x0000000715e00000|  0%| F|  |TAMS 0x0000000715c00000| PB 0x0000000715c00000| Untracked |  0
|  79|0x0000000715e00000, 0x0000000715e00000, 0x0000000716000000|  0%| F|  |TAMS 0x0000000715e00000| PB 0x0000000715e00000| Untracked |  0
|  80|0x0000000716000000, 0x0000000716000000, 0x0000000716200000|  0%| F|  |TAMS 0x0000000716000000| PB 0x0000000716000000| Untracked |  0
|  81|0x0000000716200000, 0x0000000716400000, 0x0000000716400000|100%| E|  |TAMS 0x0000000716200000| PB 0x0000000716200000| Complete |  0
|  82|0x0000000716400000, 0x0000000716600000, 0x0000000716600000|100%| E|CS|TAMS 0x0000000716400000| PB 0x0000000716400000| Complete |  0
|  83|0x0000000716600000, 0x0000000716800000, 0x0000000716800000|100%| E|CS|TAMS 0x0000000716600000| PB 0x0000000716600000| Complete |  0
|  84|0x0000000716800000, 0x0000000716a00000, 0x0000000716a00000|100%| E|CS|TAMS 0x0000000716800000| PB 0x0000000716800000| Complete |  0
|  85|0x0000000716a00000, 0x0000000716c00000, 0x0000000716c00000|100%| E|CS|TAMS 0x0000000716a00000| PB 0x0000000716a00000| Complete |  0
|  86|0x0000000716c00000, 0x0000000716e00000, 0x0000000716e00000|100%| E|CS|TAMS 0x0000000716c00000| PB 0x0000000716c00000| Complete |  0
|  87|0x0000000716e00000, 0x0000000717000000, 0x0000000717000000|100%| E|CS|TAMS 0x0000000716e00000| PB 0x0000000716e00000| Complete |  0
|  88|0x0000000717000000, 0x0000000717200000, 0x0000000717200000|100%| E|CS|TAMS 0x0000000717000000| PB 0x0000000717000000| Complete |  0
|  89|0x0000000717200000, 0x0000000717400000, 0x0000000717400000|100%| E|CS|TAMS 0x0000000717200000| PB 0x0000000717200000| Complete |  0
|  90|0x0000000717400000, 0x0000000717600000, 0x0000000717600000|100%| E|CS|TAMS 0x0000000717400000| PB 0x0000000717400000| Complete |  0
|  91|0x0000000717600000, 0x0000000717800000, 0x0000000717800000|100%| E|CS|TAMS 0x0000000717600000| PB 0x0000000717600000| Complete |  0
|  92|0x0000000717800000, 0x0000000717a00000, 0x0000000717a00000|100%| E|CS|TAMS 0x0000000717800000| PB 0x0000000717800000| Complete |  0
|  93|0x0000000717a00000, 0x0000000717c00000, 0x0000000717c00000|100%| E|CS|TAMS 0x0000000717a00000| PB 0x0000000717a00000| Complete |  0
|  94|0x0000000717c00000, 0x0000000717e00000, 0x0000000717e00000|100%| E|CS|TAMS 0x0000000717c00000| PB 0x0000000717c00000| Complete |  0
|  95|0x0000000717e00000, 0x0000000718000000, 0x0000000718000000|100%| E|CS|TAMS 0x0000000717e00000| PB 0x0000000717e00000| Complete |  0
|  96|0x0000000718000000, 0x0000000718200000, 0x0000000718200000|100%| E|CS|TAMS 0x0000000718000000| PB 0x0000000718000000| Complete |  0
|  97|0x0000000718200000, 0x0000000718400000, 0x0000000718400000|100%| E|CS|TAMS 0x0000000718200000| PB 0x0000000718200000| Complete |  0
|  98|0x0000000718400000, 0x0000000718600000, 0x0000000718600000|100%| E|CS|TAMS 0x0000000718400000| PB 0x0000000718400000| Complete |  0
|  99|0x0000000718600000, 0x0000000718800000, 0x0000000718800000|100%| E|CS|TAMS 0x0000000718600000| PB 0x0000000718600000| Complete |  0
| 100|0x0000000718800000, 0x0000000718a00000, 0x0000000718a00000|100%| E|CS|TAMS 0x0000000718800000| PB 0x0000000718800000| Complete |  0
| 101|0x0000000718a00000, 0x0000000718c00000, 0x0000000718c00000|100%| E|CS|TAMS 0x0000000718a00000| PB 0x0000000718a00000| Complete |  0
| 102|0x0000000718c00000, 0x0000000718e00000, 0x0000000718e00000|100%| E|CS|TAMS 0x0000000718c00000| PB 0x0000000718c00000| Complete |  0
| 103|0x0000000718e00000, 0x0000000719000000, 0x0000000719000000|100%| E|CS|TAMS 0x0000000718e00000| PB 0x0000000718e00000| Complete |  0
| 104|0x0000000719000000, 0x0000000719200000, 0x0000000719200000|100%| E|CS|TAMS 0x0000000719000000| PB 0x0000000719000000| Complete |  0
| 105|0x0000000719200000, 0x0000000719400000, 0x0000000719400000|100%| E|CS|TAMS 0x0000000719200000| PB 0x0000000719200000| Complete |  0
| 106|0x0000000719400000, 0x0000000719600000, 0x0000000719600000|100%| E|CS|TAMS 0x0000000719400000| PB 0x0000000719400000| Complete |  0
| 107|0x0000000719600000, 0x0000000719800000, 0x0000000719800000|100%| E|CS|TAMS 0x0000000719600000| PB 0x0000000719600000| Complete |  0
| 108|0x0000000719800000, 0x0000000719a00000, 0x0000000719a00000|100%| E|CS|TAMS 0x0000000719800000| PB 0x0000000719800000| Complete |  0
| 109|0x0000000719a00000, 0x0000000719c00000, 0x0000000719c00000|100%| E|CS|TAMS 0x0000000719a00000| PB 0x0000000719a00000| Complete |  0
| 110|0x0000000719c00000, 0x0000000719e00000, 0x0000000719e00000|100%| E|CS|TAMS 0x0000000719c00000| PB 0x0000000719c00000| Complete |  0
| 111|0x0000000719e00000, 0x000000071a000000, 0x000000071a000000|100%| E|CS|TAMS 0x0000000719e00000| PB 0x0000000719e00000| Complete |  0
| 112|0x000000071a000000, 0x000000071a200000, 0x000000071a200000|100%| E|CS|TAMS 0x000000071a000000| PB 0x000000071a000000| Complete |  0
| 113|0x000000071a200000, 0x000000071a400000, 0x000000071a400000|100%| E|CS|TAMS 0x000000071a200000| PB 0x000000071a200000| Complete |  0
| 114|0x000000071a400000, 0x000000071a600000, 0x000000071a600000|100%| E|CS|TAMS 0x000000071a400000| PB 0x000000071a400000| Complete |  0
| 115|0x000000071a600000, 0x000000071a800000, 0x000000071a800000|100%| E|CS|TAMS 0x000000071a600000| PB 0x000000071a600000| Complete |  0
| 116|0x000000071a800000, 0x000000071aa00000, 0x000000071aa00000|100%| E|CS|TAMS 0x000000071a800000| PB 0x000000071a800000| Complete |  0
| 117|0x000000071aa00000, 0x000000071ac00000, 0x000000071ac00000|100%| E|CS|TAMS 0x000000071aa00000| PB 0x000000071aa00000| Complete |  0
| 118|0x000000071ac00000, 0x000000071ae00000, 0x000000071ae00000|100%| E|CS|TAMS 0x000000071ac00000| PB 0x000000071ac00000| Complete |  0
| 119|0x000000071ae00000, 0x000000071b000000, 0x000000071b000000|100%| E|CS|TAMS 0x000000071ae00000| PB 0x000000071ae00000| Complete |  0
| 120|0x000000071b000000, 0x000000071b200000, 0x000000071b200000|100%| E|CS|TAMS 0x000000071b000000| PB 0x000000071b000000| Complete |  0
| 121|0x000000071b200000, 0x000000071b400000, 0x000000071b400000|100%| E|CS|TAMS 0x000000071b200000| PB 0x000000071b200000| Complete |  0
|1951|0x00000007ffe00000, 0x00000007fff1c288, 0x0000000800000000| 55%| O|  |TAMS 0x00000007ffe00000| PB 0x00000007ffe00000| Untracked |  0

Card table byte_map: [0x000001ea9cd60000,0x000001ea9d500000] _byte_map_base: 0x000001ea99500000

Marking Bits: (CMBitMap*) 0x000001ea84721280
 Bits: [0x000001ea9d500000, 0x000001eaa1200000)

Polling page: 0x000001ea824c0000

Metaspace:

Usage:
  Non-class:      6.95 MB used.
      Class:    742.18 KB used.
       Both:      7.68 MB used.

Virtual space:
  Non-class space:       64.00 MB reserved,       7.06 MB ( 11%) committed,  1 nodes.
      Class space:        1.00 GB reserved,     832.00 KB ( <1%) committed,  1 nodes.
             Both:        1.06 GB reserved,       7.88 MB ( <1%) committed. 

Chunk freelists:
   Non-Class:  8.97 MB
       Class:  15.19 MB
        Both:  24.16 MB

MaxMetaspaceSize: unlimited
CompressedClassSpaceSize: 1.00 GB
Initial GC threshold: 21.00 MB
Current GC threshold: 21.00 MB
CDS: on
 - commit_granule_bytes: 65536.
 - commit_granule_words: 8192.
 - virtual_space_node_default_size: 8388608.
 - enlarge_chunks_in_place: 1.
UseCompressedClassPointers 1, UseCompactObjectHeaders 0
Narrow klass pointer bits 32, Max shift 3
Narrow klass base: 0x000001eaa4000000, Narrow klass shift: 0
Encoding Range: [0x000001eaa4000000 - 0x000001eba4000000), (4294967296 bytes)
Klass Range:    [0x000001eaa4000000 - 0x000001eae5000000), (1090519040 bytes)
Klass ID Range:  [8 - 1090519033) (1090519025)


Internal statistics:

num_allocs_failed_limit: 0.
num_arena_births: 192.
num_arena_deaths: 0.
num_vsnodes_births: 2.
num_vsnodes_deaths: 0.
num_space_committed: 126.
num_space_uncommitted: 0.
num_chunks_returned_to_freelist: 0.
num_chunks_taken_from_freelist: 252.
num_chunk_merges: 0.
num_chunk_splits: 151.
num_chunks_enlarged: 62.
num_inconsistent_stats: 0.

CodeHeap 'non-profiled nmethods': size=120064Kb used=791Kb max_used=791Kb free=119272Kb
 bounds [0x000001ea94a20000, 0x000001ea94c90000, 0x000001ea9bf60000]
CodeHeap 'profiled nmethods': size=120000Kb used=2710Kb max_used=2710Kb free=117289Kb
 bounds [0x000001ea8cf60000, 0x000001ea8d210000, 0x000001ea94490000]
CodeHeap 'non-nmethods': size=5696Kb used=1331Kb max_used=1379Kb free=4364Kb
 bounds [0x000001ea94490000, 0x000001ea94700000, 0x000001ea94a20000]
CodeCache: size=245760Kb, used=4832Kb, max_used=4880Kb, free=240925Kb
 total_blobs=2515, nmethods=2017, adapters=403, full_count=0
Compilation: enabled, stopped_count=0, restarted_count=0

Compilation events (20 events):
Event: 2.333 Thread 0x000001eae900f320 nmethod 2012 0x000001ea8d203388 code [0x000001ea8d2034a0, 0x000001ea8d203650]
Event: 2.333 Thread 0x000001eae900f320 2013   !   3       jdk.jfr.internal.Control::setValue (102 bytes)
Event: 2.333 Thread 0x000001eaec8b4bb0 nmethod 1986 0x000001ea94ae0e08 code [0x000001ea94ae0f40, 0x000001ea94ae12c8]
Event: 2.333 Thread 0x000001eaec8b4bb0 1983       4       java.util.LinkedHashMap::linkNodeAtEnd (76 bytes)
Event: 2.334 Thread 0x000001eaec8b4bb0 nmethod 1983 0x000001ea94ae1308 code [0x000001ea94ae1420, 0x000001ea94ae1948]
Event: 2.334 Thread 0x000001eae900f320 nmethod 2013 0x000001ea8d203688 code [0x000001ea8d203920, 0x000001ea8d204d78]
Event: 2.334 Thread 0x000001eae900f320 2011       1       jdk.jfr.internal.PlatformEventType::isEnabled (5 bytes)
Event: 2.334 Thread 0x000001eae900f320 nmethod 2011 0x000001ea94ae1988 code [0x000001ea94ae1a80, 0x000001ea94ae1b48]
Event: 2.334 Thread 0x000001eae900f320 2010       1       jdk.jfr.internal.EventControl::getNamedControls (5 bytes)
Event: 2.334 Thread 0x000001eae900f320 nmethod 2010 0x000001ea94ae1c88 code [0x000001ea94ae1d80, 0x000001ea94ae1e48]
Event: 2.335 Thread 0x000001eae9e12010 nmethod 1982 0x000001ea94ae1f88 code [0x000001ea94ae2220, 0x000001ea94ae3e08]
Event: 2.337 Thread 0x000001eae900f320 2014       1       jdk.jfr.internal.periodic.EventTask::getEventType (5 bytes)
Event: 2.337 Thread 0x000001eae900f320 nmethod 2014 0x000001ea94ae3f08 code [0x000001ea94ae4000, 0x000001ea94ae40c8]
Event: 2.337 Thread 0x000001eae900f320 2015       1       jdk.jfr.internal.periodic.PeriodicTask::getPeriod (5 bytes)
Event: 2.337 Thread 0x000001eae900f320 nmethod 2015 0x000001ea94ae4208 code [0x000001ea94ae4300, 0x000001ea94ae43c8]
Event: 2.337 Thread 0x000001eae900f320 2016       3       java.util.Comparator$$Lambda/0x000001eaa50a6590::compare (10 bytes)
Event: 2.337 Thread 0x000001eae900f320 nmethod 2016 0x000001ea8d204e08 code [0x000001ea8d204f60, 0x000001ea8d2053d8]
Event: 2.337 Thread 0x000001eae900f320 2017       3       java.util.Comparator::lambda$comparingLong$6043328a$1 (18 bytes)
Event: 2.337 Thread 0x000001eae900f320 nmethod 2017 0x000001ea8d205408 code [0x000001ea8d205560, 0x000001ea8d205940]
Event: 2.340 Thread 0x000001eae900a3d0 nmethod 1967 0x000001ea94ae4508 code [0x000001ea94ae47c0, 0x000001ea94ae5b98]

GC Heap History (4 events):
Event: 0.718 GC heap before
{Heap before GC invocations=0 (full 0):
 garbage-first heap   total reserved 3997696K, committed 251904K, used 50288K [0x000000070c000000, 0x0000000800000000)
  region size 2048K, 24 young (49152K), 0 survivors (0K)
 Metaspace       used 6433K, committed 6720K, reserved 1114112K
  class space    used 592K, committed 704K, reserved 1048576K
}
Event: 0.721 GC heap after
{Heap after GC invocations=1 (full 0):
 garbage-first heap   total reserved 3997696K, committed 251904K, used 3888K [0x000000070c000000, 0x0000000800000000)
  region size 2048K, 2 young (4096K), 2 survivors (4096K)
 Metaspace       used 6433K, committed 6720K, reserved 1114112K
  class space    used 592K, committed 704K, reserved 1048576K
}
Event: 1.853 GC heap before
{Heap before GC invocations=1 (full 0):
 garbage-first heap   total reserved 3997696K, committed 251904K, used 114480K [0x000000070c000000, 0x0000000800000000)
  region size 2048K, 56 young (114688K), 2 survivors (4096K)
 Metaspace       used 6479K, committed 6720K, reserved 1114112K
  class space    used 597K, committed 704K, reserved 1048576K
}
Event: 1.855 GC heap after
{Heap after GC invocations=2 (full 0):
 garbage-first heap   total reserved 3997696K, committed 251904K, used 4018K [0x000000070c000000, 0x0000000800000000)
  region size 2048K, 2 young (4096K), 2 survivors (4096K)
 Metaspace       used 6479K, committed 6720K, reserved 1114112K
  class space    used 597K, committed 704K, reserved 1048576K
}

Dll operation events (12 events):
Event: 0.009 Loaded shared library C:\Users\choko\.jdks\openjdk-24.0.1\bin\java.dll
Event: 0.038 Loaded shared library C:\Users\choko\.jdks\openjdk-24.0.1\bin\jsvml.dll
Event: 0.072 Loaded shared library C:\Users\choko\.jdks\openjdk-24.0.1\bin\zip.dll
Event: 0.074 Loaded shared library C:\Users\choko\.jdks\openjdk-24.0.1\bin\instrument.dll
Event: 0.080 Loaded shared library C:\Users\choko\.jdks\openjdk-24.0.1\bin\net.dll
Event: 0.082 Loaded shared library C:\Users\choko\.jdks\openjdk-24.0.1\bin\nio.dll
Event: 0.088 Loaded shared library C:\Users\choko\.jdks\openjdk-24.0.1\bin\zip.dll
Event: 0.111 Loaded shared library C:\Users\choko\.jdks\openjdk-24.0.1\bin\extnet.dll
Event: 0.150 Loaded shared library C:\Users\choko\.jdks\openjdk-24.0.1\bin\jimage.dll
Event: 0.225 Loaded shared library C:\Users\choko\.jdks\openjdk-24.0.1\bin\management.dll
Event: 0.235 Loaded shared library C:\Users\choko\.jdks\openjdk-24.0.1\bin\management_ext.dll
Event: 2.173 Loaded shared library C:\Users\choko\AppData\Local\Temp\idea_libasyncProfiler_dll_temp_folder10574\libasyncProfiler.dll

Deoptimization events (20 events):
Event: 2.301 Thread 0x000001ea846bf560 Uncommon trap: trap_request=0xffffff4d fr.pc=0x000001ea94aa277c relative=0x000000000000013c
Event: 2.301 Thread 0x000001ea846bf560 Uncommon trap: reason=unstable_if action=reinterpret pc=0x000001ea94aa277c method=java.io.FileOutputStream.write([BII)V @ 17 c2
Event: 2.301 Thread 0x000001ea846bf560 DEOPT PACKING pc=0x000001ea94aa277c sp=0x0000005e6adfec00
Event: 2.301 Thread 0x000001ea846bf560 DEOPT UNPACKING pc=0x000001ea945a7282 sp=0x0000005e6adfeaa8 mode 2
Event: 2.307 Thread 0x000001eaa35f77d0 Uncommon trap: trap_request=0xffffff4d fr.pc=0x000001ea94aa4f88 relative=0x0000000000000be8
Event: 2.307 Thread 0x000001eaa35f77d0 Uncommon trap: reason=unstable_if action=reinterpret pc=0x000001ea94aa4f88 method=java.io.BufferedWriter.flushBuffer()V @ 15 c2
Event: 2.307 Thread 0x000001eaa35f77d0 DEOPT PACKING pc=0x000001ea94aa4f88 sp=0x0000005e6b8fedc0
Event: 2.307 Thread 0x000001eaa35f77d0 DEOPT UNPACKING pc=0x000001ea945a7282 sp=0x0000005e6b8fedd0 mode 2
Event: 2.307 Thread 0x000001eaa35f77d0 Uncommon trap: trap_request=0xffffff4d fr.pc=0x000001ea94a61424 relative=0x0000000000000404
Event: 2.307 Thread 0x000001eaa35f77d0 Uncommon trap: reason=unstable_if action=reinterpret pc=0x000001ea94a61424 method=java.nio.charset.CharsetEncoder.encode(Ljava/nio/CharBuffer;Ljava/nio/ByteBuffer;Z)Ljava/nio/charset/CoderResult; @ 1 c2
Event: 2.307 Thread 0x000001eaa35f77d0 DEOPT PACKING pc=0x000001ea94a61424 sp=0x0000005e6b8fec20
Event: 2.307 Thread 0x000001eaa35f77d0 DEOPT UNPACKING pc=0x000001ea945a7282 sp=0x0000005e6b8febe8 mode 2
Event: 2.324 Thread 0x000001eaa35f77d0 Uncommon trap: trap_request=0xffffff4d fr.pc=0x000001ea94adcbac relative=0x000000000000020c
Event: 2.324 Thread 0x000001eaa35f77d0 Uncommon trap: reason=unstable_if action=reinterpret pc=0x000001ea94adcbac method=java.io.ByteArrayOutputStream.ensureCapacity(I)V @ 11 c2
Event: 2.324 Thread 0x000001eaa35f77d0 DEOPT PACKING pc=0x000001ea94adcbac sp=0x0000005e6b8fe9a0
Event: 2.324 Thread 0x000001eaa35f77d0 DEOPT UNPACKING pc=0x000001ea945a7282 sp=0x0000005e6b8fe8d8 mode 2
Event: 2.326 Thread 0x000001eaa35f77d0 Uncommon trap: trap_request=0xffffff4d fr.pc=0x000001ea94add170 relative=0x00000000000003d0
Event: 2.326 Thread 0x000001eaa35f77d0 Uncommon trap: reason=unstable_if action=reinterpret pc=0x000001ea94add170 method=java.io.ByteArrayOutputStream.ensureCapacity(I)V @ 11 c2
Event: 2.326 Thread 0x000001eaa35f77d0 DEOPT PACKING pc=0x000001ea94add170 sp=0x0000005e6b8fe900
Event: 2.326 Thread 0x000001eaa35f77d0 DEOPT UNPACKING pc=0x000001ea945a7282 sp=0x0000005e6b8fe7e0 mode 2

Classes loaded (20 events):
Event: 2.313 Loading class jdk/jfr/internal/MetadataWriter
Event: 2.313 Loading class jdk/jfr/internal/MetadataWriter done
Event: 2.313 Loading class jdk/jfr/internal/MetadataDescriptor$Element
Event: 2.313 Loading class jdk/jfr/internal/MetadataDescriptor$Element done
Event: 2.314 Loading class jdk/jfr/internal/MetadataDescriptor$Attribute
Event: 2.314 Loading class jdk/jfr/internal/MetadataDescriptor$Attribute done
Event: 2.321 Loading class jdk/jfr/internal/consumer/StringParser$Encoding
Event: 2.321 Loading class jdk/jfr/internal/consumer/StringParser$Encoding done
Event: 2.328 Loading class jdk/jfr/internal/consumer/RepositoryFiles
Event: 2.328 Loading class jdk/jfr/internal/consumer/RepositoryFiles done
Event: 2.330 Loading class jdk/jfr/internal/SettingsManager$InternalSetting
Event: 2.330 Loading class jdk/jfr/internal/SettingsManager$InternalSetting done
Event: 2.332 Loading class jdk/jfr/internal/util/Rate
Event: 2.332 Loading class jdk/jfr/internal/util/Rate done
Event: 2.332 Loading class jdk/jfr/internal/util/TimespanUnit
Event: 2.332 Loading class jdk/jfr/internal/util/TimespanUnit done
Event: 2.332 Loading class jdk/jfr/internal/util/ValueParser
Event: 2.332 Loading class jdk/jfr/internal/util/ValueParser done
Event: 2.333 Loading class jdk/jfr/internal/periodic/PeriodicType
Event: 2.333 Loading class jdk/jfr/internal/periodic/PeriodicType done

Classes unloaded (0 events):
No events

Classes redefined (0 events):
No events

Internal exceptions (20 events):
Event: 0.506 Thread 0x000001eae92609b0 Exception <a 'java/lang/NoSuchMethodError'{0x00000007194af268}: 'int java.lang.invoke.DelegatingMethodHandle$Holder.reinvoke_L(java.lang.Object, java.lang.Object, java.lang.Object, java.lang.Object, java.lang.Object)'> (0x00000007194af268) 
thrown [s\open\src\hotspot\share\interpreter\linkResolver.cpp, line 805]
Event: 0.509 Thread 0x000001eae92609b0 Exception <a 'java/lang/NoSuchMethodError'{0x00000007194f2638}: 'java.lang.Object java.lang.invoke.DirectMethodHandle$Holder.invokeStatic(java.lang.Object, java.lang.Object, java.lang.Object, java.lang.Object, java.lang.Object, java.lang.Object, java.lang.Object, java.lang.Object)'> (0x00000007194f2638) 
thrown [s\open\src\hotspot\share\interpreter\linkResolver.cpp, line 805]
Event: 0.511 Thread 0x000001eae92609b0 Exception <a 'java/lang/NoSuchMethodError'{0x000000071900fb78}: 'java.lang.Object java.lang.invoke.DirectMethodHandle$Holder.invokeStatic(java.lang.Object, java.lang.Object, java.lang.Object, java.lang.Object, java.lang.Object, java.lang.Object, java.lang.Object, java.lang.Object, java.lang.Object)'> (0x000000071900fb78) 
thrown [s\open\src\hotspot\share\interpreter\linkResolver.cpp, line 805]
Event: 0.512 Thread 0x000001eae92609b0 Exception <a 'java/lang/NoSuchMethodError'{0x0000000719023028}: 'java.lang.Object java.lang.invoke.Invokers$Holder.invokeExact_MT(java.lang.Object, java.lang.Object, java.lang.Object, java.lang.Object, java.lang.Object, java.lang.Object)'> (0x0000000719023028) 
thrown [s\open\src\hotspot\share\interpreter\linkResolver.cpp, line 805]
Event: 0.514 Thread 0x000001eae92609b0 Exception <a 'java/lang/NoSuchMethodError'{0x000000071902ed68}: 'java.lang.Object java.lang.invoke.DirectMethodHandle$Holder.invokeInterface(java.lang.Object, java.lang.Object, java.lang.Object, java.lang.Object, java.lang.Object)'> (0x000000071902ed68) 
thrown [s\open\src\hotspot\share\interpreter\linkResolver.cpp, line 805]
Event: 0.519 Thread 0x000001eae92609b0 Exception <a 'java/lang/NoSuchMethodError'{0x0000000719079770}: 'double java.lang.invoke.DirectMethodHandle$Holder.invokeInterface(java.lang.Object, java.lang.Object)'> (0x0000000719079770) 
thrown [s\open\src\hotspot\share\interpreter\linkResolver.cpp, line 805]
Event: 0.519 Thread 0x000001eae92609b0 Exception <a 'java/lang/NoSuchMethodError'{0x000000071908a3e0}: 'double java.lang.invoke.DelegatingMethodHandle$Holder.reinvoke_L(java.lang.Object, java.lang.Object)'> (0x000000071908a3e0) 
thrown [s\open\src\hotspot\share\interpreter\linkResolver.cpp, line 805]
Event: 0.934 Thread 0x000001eae92609b0 Exception <a 'java/lang/NoSuchMethodError'{0x000000071a40ebb8}: 'long java.lang.invoke.DirectMethodHandle$Holder.invokeVirtual(java.lang.Object, java.lang.Object)'> (0x000000071a40ebb8) 
thrown [s\open\src\hotspot\share\interpreter\linkResolver.cpp, line 805]
Event: 0.935 Thread 0x000001eae92609b0 Exception <a 'java/lang/NoSuchMethodError'{0x000000071a416ea8}: 'java.lang.Object java.lang.invoke.DirectMethodHandle$Holder.invokeStatic(java.lang.Object, long)'> (0x000000071a416ea8) 
thrown [s\open\src\hotspot\share\interpreter\linkResolver.cpp, line 805]
Event: 0.935 Thread 0x000001eae92609b0 Exception <a 'java/lang/NoSuchMethodError'{0x000000071a426f50}: 'long java.lang.invoke.DelegatingMethodHandle$Holder.reinvoke_L(java.lang.Object, java.lang.Object)'> (0x000000071a426f50) 
thrown [s\open\src\hotspot\share\interpreter\linkResolver.cpp, line 805]
Event: 2.201 Thread 0x000001eaa35f77d0 Exception <a 'java/lang/NoSuchMethodError'{0x0000000718ab6248}: 'void java.lang.invoke.DirectMethodHandle$Holder.invokeStaticInit(java.lang.Object)'> (0x0000000718ab6248) 
thrown [s\open\src\hotspot\share\interpreter\linkResolver.cpp, line 805]
Event: 2.207 Thread 0x000001eaa35f77d0 Exception <a 'java/lang/NoSuchMethodError'{0x00000007189168a0}: 'java.lang.Object java.lang.invoke.DirectMethodHandle$Holder.newInvokeSpecial(java.lang.Object, java.lang.Object, java.lang.Object, java.lang.Object, java.lang.Object)'> (0x00000007189168a0) 
thrown [s\open\src\hotspot\share\interpreter\linkResolver.cpp, line 805]
Event: 2.239 Thread 0x000001eaa35f77d0 Exception <a 'java/lang/NoSuchMethodError'{0x00000007187ab5a0}: 'int java.lang.invoke.DirectMethodHandle$Holder.invokeStatic(java.lang.Object, java.lang.Object, java.lang.Object, java.lang.Object)'> (0x00000007187ab5a0) 
thrown [s\open\src\hotspot\share\interpreter\linkResolver.cpp, line 805]
Event: 2.301 Thread 0x000001eaa35f77d0 Exception <a 'java/lang/NoSuchMethodError'{0x0000000717db6790}: 'void java.lang.invoke.DirectMethodHandle$Holder.invokeSpecial(java.lang.Object, java.lang.Object, int)'> (0x0000000717db6790) 
thrown [s\open\src\hotspot\share\interpreter\linkResolver.cpp, line 805]
Event: 2.301 Thread 0x000001eaa35f77d0 Exception <a 'java/lang/NoSuchMethodError'{0x0000000717dbe3b0}: 'void java.lang.invoke.Invokers$Holder.invokeExact_MT(java.lang.Object, int, java.lang.Object)'> (0x0000000717dbe3b0) 
thrown [s\open\src\hotspot\share\interpreter\linkResolver.cpp, line 805]
Event: 2.302 Thread 0x000001eaa35f77d0 Exception <a 'java/lang/NoSuchMethodError'{0x0000000717dd8b90}: 'void java.lang.invoke.DirectMethodHandle$Holder.invokeStatic(java.lang.Object, java.lang.Object, int)'> (0x0000000717dd8b90) 
thrown [s\open\src\hotspot\share\interpreter\linkResolver.cpp, line 805]
Event: 2.303 Thread 0x000001eaa35f77d0 Exception <a 'java/lang/NoSuchMethodError'{0x0000000717de7a98}: 'java.lang.Object java.lang.invoke.DirectMethodHandle$Holder.newInvokeSpecial(java.lang.Object, java.lang.Object, int)'> (0x0000000717de7a98) 
thrown [s\open\src\hotspot\share\interpreter\linkResolver.cpp, line 805]
Event: 2.306 Thread 0x000001eaa35f77d0 Exception <a 'sun/nio/fs/WindowsException'{0x0000000717b9bc10}> (0x0000000717b9bc10) 
thrown [s\open\src\hotspot\share\prims\jni.cpp, line 518]
Event: 2.308 Thread 0x000001eaa35f77d0 Exception <a 'sun/nio/fs/WindowsException'{0x0000000717ba89e8}> (0x0000000717ba89e8) 
thrown [s\open\src\hotspot\share\prims\jni.cpp, line 518]
Event: 2.311 Thread 0x000001eaa35f77d0 Exception <a 'sun/nio/fs/WindowsException'{0x0000000717bba798}> (0x0000000717bba798) 
thrown [s\open\src\hotspot\share\prims\jni.cpp, line 518]

VM Operations (20 events):
Event: 0.223 Executing VM operation: HandshakeAllThreads (Deoptimize)
Event: 0.223 Executing VM operation: HandshakeAllThreads (Deoptimize) done
Event: 0.413 Executing VM operation: HandshakeAllThreads (Deoptimize)
Event: 0.413 Executing VM operation: HandshakeAllThreads (Deoptimize) done
Event: 0.417 Executing VM operation: HandshakeAllThreads (Deoptimize)
Event: 0.417 Executing VM operation: HandshakeAllThreads (Deoptimize) done
Event: 0.464 Executing VM operation: HandshakeAllThreads (Deoptimize)
Event: 0.464 Executing VM operation: HandshakeAllThreads (Deoptimize) done
Event: 0.496 Executing VM operation: HandshakeAllThreads (Deoptimize)
Event: 0.496 Executing VM operation: HandshakeAllThreads (Deoptimize) done
Event: 0.718 Executing VM operation: G1CollectForAllocation (G1 Evacuation Pause)
Event: 0.721 Executing VM operation: G1CollectForAllocation (G1 Evacuation Pause) done
Event: 0.931 Executing VM operation: HandshakeAllThreads (Deoptimize)
Event: 0.931 Executing VM operation: HandshakeAllThreads (Deoptimize) done
Event: 1.853 Executing VM operation: G1CollectForAllocation (G1 Evacuation Pause)
Event: 1.855 Executing VM operation: G1CollectForAllocation (G1 Evacuation Pause) done
Event: 2.304 Executing VM operation: HandshakeAllThreads (Deoptimize)
Event: 2.304 Executing VM operation: HandshakeAllThreads (Deoptimize) done
Event: 2.329 Executing VM operation: JFRSafepointClear
Event: 2.329 Executing VM operation: JFRSafepointClear done

Memory protections (0 events):
No events

Nmethod flushes (0 events):
No events

Events (20 events):
Event: 0.078 Thread 0x000001ea846bf560 Thread added: 0x000001eae925fb10
Event: 0.098 Thread 0x000001ea846bf560 Thread added: 0x000001eae925d680
Event: 0.098 Thread 0x000001ea846bf560 Thread added: 0x000001eae9260260
Event: 0.154 Thread 0x000001eae900f320 Thread added: 0x000001eae9819470
Event: 0.181 Thread 0x000001eae900f320 Thread added: 0x000001eae98659f0
Event: 0.468 Thread 0x000001eaa35f77d0 Thread added: 0x000001eae925f3c0
Event: 0.478 Thread 0x000001eae925f3c0 Thread added: 0x000001eae92609b0
Event: 0.491 Thread 0x000001eae92609b0 Thread added: 0x000001eae925ddd0
Event: 0.495 Thread 0x000001eae92609b0 Thread added: 0x000001eae925e520
Event: 0.649 Thread 0x000001eae925f3c0 Thread added: 0x000001eae9b28160
Event: 0.650 Thread 0x000001eae98659f0 Thread exited: 0x000001eae98659f0
Event: 0.650 Thread 0x000001eae9819470 Thread exited: 0x000001eae9819470
Event: 0.932 Thread 0x000001eae900f320 Thread added: 0x000001eae9f2f330
Event: 0.932 Thread 0x000001eae900f320 Thread added: 0x000001eae9f2fac0
Event: 1.967 Thread 0x000001eae9f2fac0 Thread exited: 0x000001eae9f2fac0
Event: 1.967 Thread 0x000001eae9f2f330 Thread exited: 0x000001eae9f2f330
Event: 2.186 Thread 0x000001eae900f320 Thread added: 0x000001eae9e12010
Event: 2.198 Thread 0x000001eaa35f77d0 Thread added: 0x000001eae9b288b0
Event: 2.247 Thread 0x000001eae900f320 Thread added: 0x000001eaec8b4bb0
Event: 2.303 Thread 0x000001eaa35f77d0 Thread added: 0x000001eae9b29000


Dynamic libraries:
0x00007ff6377a0000 - 0x00007ff6377ae000 	C:\Users\choko\.jdks\openjdk-24.0.1\bin\java.exe
0x00007ffb04d40000 - 0x00007ffb04fa6000 	C:\WINDOWS\SYSTEM32\ntdll.dll
0x00007ffb04400000 - 0x00007ffb044c9000 	C:\WINDOWS\System32\KERNEL32.DLL
0x00007ffb01f00000 - 0x00007ffb022cc000 	C:\WINDOWS\System32\KERNELBASE.dll
0x00007ffb022d0000 - 0x00007ffb0241b000 	C:\WINDOWS\System32\ucrtbase.dll
0x00007ffaf8460000 - 0x00007ffaf8476000 	C:\Users\choko\.jdks\openjdk-24.0.1\bin\jli.dll
0x00007ffaf00a0000 - 0x00007ffaf00bb000 	C:\Users\choko\.jdks\openjdk-24.0.1\bin\VCRUNTIME140.dll
0x00007ffb03d60000 - 0x00007ffb03f2a000 	C:\WINDOWS\System32\USER32.dll
0x00007ffaef560000 - 0x00007ffaef7fa000 	C:\WINDOWS\WinSxS\amd64_microsoft.windows.common-controls_6595b64144ccf1df_6.0.26100.3912_none_3e07963ce335137e\COMCTL32.dll
0x00007ffb01ed0000 - 0x00007ffb01ef7000 	C:\WINDOWS\System32\win32u.dll
0x00007ffb041c0000 - 0x00007ffb04269000 	C:\WINDOWS\System32\msvcrt.dll
0x00007ffb04a80000 - 0x00007ffb04aab000 	C:\WINDOWS\System32\GDI32.dll
0x00007ffb024d0000 - 0x00007ffb02602000 	C:\WINDOWS\System32\gdi32full.dll
0x00007ffb02420000 - 0x00007ffb024c3000 	C:\WINDOWS\System32\msvcp_win.dll
0x00007ffb045b0000 - 0x00007ffb045e0000 	C:\WINDOWS\System32\IMM32.DLL
0x00007ffafcdc0000 - 0x00007ffafcdcc000 	C:\Users\choko\.jdks\openjdk-24.0.1\bin\vcruntime140_1.dll
0x00007ffaede80000 - 0x00007ffaedf0e000 	C:\Users\choko\.jdks\openjdk-24.0.1\bin\msvcp140.dll
0x00007ffa76190000 - 0x00007ffa76f32000 	C:\Users\choko\.jdks\openjdk-24.0.1\bin\server\jvm.dll
0x00007ffb044e0000 - 0x00007ffb04592000 	C:\WINDOWS\System32\ADVAPI32.dll
0x00007ffb04b60000 - 0x00007ffb04c06000 	C:\WINDOWS\System32\sechost.dll
0x00007ffb040a0000 - 0x00007ffb041b6000 	C:\WINDOWS\System32\RPCRT4.dll
0x00007ffb04c80000 - 0x00007ffb04cf4000 	C:\WINDOWS\System32\WS2_32.dll
0x00007ffb01d40000 - 0x00007ffb01d9e000 	C:\WINDOWS\SYSTEM32\POWRPROF.dll
0x00007ffafb520000 - 0x00007ffafb52b000 	C:\WINDOWS\SYSTEM32\VERSION.dll
0x00007ffaf8240000 - 0x00007ffaf8276000 	C:\WINDOWS\SYSTEM32\WINMM.dll
0x00007ffb01d00000 - 0x00007ffb01d14000 	C:\WINDOWS\SYSTEM32\UMPDC.dll
0x00007ffb00c90000 - 0x00007ffb00caa000 	C:\WINDOWS\SYSTEM32\kernel.appcore.dll
0x00007ffafba10000 - 0x00007ffafba1a000 	C:\Users\choko\.jdks\openjdk-24.0.1\bin\jimage.dll
0x00007ffaff6c0000 - 0x00007ffaff901000 	C:\WINDOWS\SYSTEM32\DBGHELP.DLL
0x00007ffb046f0000 - 0x00007ffb04a74000 	C:\WINDOWS\System32\combase.dll
0x00007ffb04270000 - 0x00007ffb04350000 	C:\WINDOWS\System32\OLEAUT32.dll
0x00007ffadb1a0000 - 0x00007ffadb1d9000 	C:\WINDOWS\SYSTEM32\dbgcore.DLL
0x00007ffb02a60000 - 0x00007ffb02af9000 	C:\WINDOWS\System32\bcryptPrimitives.dll
0x00007ffaf0090000 - 0x00007ffaf009f000 	C:\Users\choko\.jdks\openjdk-24.0.1\bin\instrument.dll
0x00007ffaf0060000 - 0x00007ffaf007e000 	C:\Users\choko\.jdks\openjdk-24.0.1\bin\java.dll
0x00007ffb03330000 - 0x00007ffb034cf000 	C:\WINDOWS\System32\ole32.dll
0x00007ffb02b00000 - 0x00007ffb0322d000 	C:\WINDOWS\System32\SHELL32.dll
0x00007ffb026d0000 - 0x00007ffb02844000 	C:\WINDOWS\System32\wintypes.dll
0x00007ffaffb60000 - 0x00007ffb003b6000 	C:\WINDOWS\SYSTEM32\windows.storage.dll
0x00007ffb03230000 - 0x00007ffb0331f000 	C:\WINDOWS\System32\SHCORE.dll
0x00007ffb03be0000 - 0x00007ffb03c49000 	C:\WINDOWS\System32\shlwapi.dll
0x00007ffb01de0000 - 0x00007ffb01e0f000 	C:\WINDOWS\SYSTEM32\profapi.dll
0x00007ffadd4a0000 - 0x00007ffadd577000 	C:\Users\choko\.jdks\openjdk-24.0.1\bin\jsvml.dll
0x00007ffae5720000 - 0x00007ffae5737000 	C:\Users\choko\.jdks\openjdk-24.0.1\bin\zip.dll
0x00007ffaede70000 - 0x00007ffaede80000 	C:\Users\choko\.jdks\openjdk-24.0.1\bin\net.dll
0x00007ffb01200000 - 0x00007ffb0126a000 	C:\WINDOWS\system32\mswsock.dll
0x00007ffaea650000 - 0x00007ffaea666000 	C:\Users\choko\.jdks\openjdk-24.0.1\bin\nio.dll
0x00007ffaede60000 - 0x00007ffaede69000 	C:\Users\choko\.jdks\openjdk-24.0.1\bin\extnet.dll
0x00007ffb007c0000 - 0x00007ffb008e7000 	C:\WINDOWS\SYSTEM32\DNSAPI.dll
0x00007ffb006d0000 - 0x00007ffb00703000 	C:\WINDOWS\SYSTEM32\IPHLPAPI.DLL
0x00007ffb045a0000 - 0x00007ffb045aa000 	C:\WINDOWS\System32\NSI.dll
0x00007ffafb530000 - 0x00007ffafb53b000 	C:\Windows\System32\rasadhlp.dll
0x00007ffafbc30000 - 0x00007ffafbcb6000 	C:\WINDOWS\System32\fwpuclnt.dll
0x00007ffae8520000 - 0x00007ffae852a000 	C:\Users\choko\.jdks\openjdk-24.0.1\bin\management.dll
0x00007ffae8340000 - 0x00007ffae834b000 	C:\Users\choko\.jdks\openjdk-24.0.1\bin\management_ext.dll
0x00007ffb04c70000 - 0x00007ffb04c78000 	C:\WINDOWS\System32\PSAPI.DLL
0x00007ffb014a0000 - 0x00007ffb014bc000 	C:\WINDOWS\SYSTEM32\CRYPTSP.dll
0x00007ffb00bf0000 - 0x00007ffb00c2a000 	C:\WINDOWS\system32\rsaenh.dll
0x00007ffb012a0000 - 0x00007ffb012cb000 	C:\WINDOWS\SYSTEM32\USERENV.dll
0x00007ffb01db0000 - 0x00007ffb01dd6000 	C:\WINDOWS\SYSTEM32\bcrypt.dll
0x00007ffb014c0000 - 0x00007ffb014cc000 	C:\WINDOWS\SYSTEM32\CRYPTBASE.dll
0x00007ffad9cd0000 - 0x00007ffad9ce8000 	C:\WINDOWS\system32\napinsp.dll
0x00007ffada0d0000 - 0x00007ffada0e2000 	C:\WINDOWS\System32\winrnr.dll
0x00007ffad9d80000 - 0x00007ffad9db0000 	C:\WINDOWS\system32\nlansp_c.dll
0x00007ffaf9300000 - 0x00007ffaf9320000 	C:\WINDOWS\system32\wshbth.dll
0x00007ffaebfe0000 - 0x00007ffaec02e000 	C:\WINDOWS\SYSTEM32\pdh.dll
0x00007ffafa280000 - 0x00007ffafa292000 	C:\WINDOWS\System32\perfproc.dll
0x00007ffaddf30000 - 0x00007ffaddf41000 	C:\WINDOWS\System32\perfos.dll
0x00007ffb003e0000 - 0x00007ffb003f2000 	C:\WINDOWS\SYSTEM32\pfclient.dll
0x00007ffa78840000 - 0x00007ffa78a38000 	C:\Users\choko\AppData\Local\Temp\idea_libasyncProfiler_dll_temp_folder10574\libasyncProfiler.dll

JVMTI agents:
C:\Program Files\JetBrains\IntelliJ IDEA 2025.1\lib\idea_rt.jar path:C:\Users\choko\.jdks\openjdk-24.0.1\bin\instrument.dll, loaded, initialized, instrumentlib options:56477

dbghelp: loaded successfully - version: 4.0.5 - missing functions: none
symbol engine: initialized successfully - sym options: 0x614 - pdb path: .;C:\Users\choko\.jdks\openjdk-24.0.1\bin;C:\WINDOWS\SYSTEM32;C:\WINDOWS\WinSxS\amd64_microsoft.windows.common-controls_6595b64144ccf1df_6.0.26100.3912_none_3e07963ce335137e;C:\Users\choko\.jdks\openjdk-24.0.1\bin\server;C:\Users\choko\AppData\Local\Temp\idea_libasyncProfiler_dll_temp_folder10574

VM Arguments:
jvm_args: -javaagent:C:\Program Files\JetBrains\IntelliJ IDEA 2025.1\lib\idea_rt.jar=56477 -Dfile.encoding=UTF-8 -Dsun.stdout.encoding=UTF-8 -Dsun.stderr.encoding=UTF-8 
java_command: org.example.Main
java_class_path (initial): C:\Users\choko\IdeaProjects\SeaBattle2.0\target\classes
Launcher Type: SUN_STANDARD

[Global flags]
     intx CICompilerCount                          = 4                                         {product} {ergonomic}
     uint ConcGCThreads                            = 3                                         {product} {ergonomic}
     bool FlightRecorder                           = true                                      {product} {management}
     uint G1ConcRefinementThreads                  = 10                                        {product} {ergonomic}
   size_t G1HeapRegionSize                         = 2097152                                   {product} {ergonomic}
   size_t InitialHeapSize                          = 255852544                                 {product} {ergonomic}
   size_t MarkStackSize                            = 4194304                                   {product} {ergonomic}
   size_t MarkStackSizeMax                         = 536870912                                 {product} {ergonomic}
   size_t MaxHeapSize                              = 4093640704                                {product} {ergonomic}
   size_t MaxNewSize                               = 2455764992                                {product} {ergonomic}
   size_t MinHeapDeltaBytes                        = 2097152                                   {product} {ergonomic}
   size_t MinHeapSize                              = 8388608                                   {product} {ergonomic}
    uintx NonNMethodCodeHeapSize                   = 5832704                                {pd product} {ergonomic}
    uintx NonProfiledCodeHeapSize                  = 122945536                              {pd product} {ergonomic}
    uintx ProfiledCodeHeapSize                     = 122880000                              {pd product} {ergonomic}
    uintx ReservedCodeCacheSize                    = 251658240                              {pd product} {ergonomic}
     bool SegmentedCodeCache                       = true                                      {product} {ergonomic}
   size_t SoftMaxHeapSize                          = 4093640704                             {manageable} {ergonomic}
     bool UseCompressedOops                        = true                           {product lp64_product} {ergonomic}
     bool UseG1GC                                  = true                                      {product} {ergonomic}
     bool UseLargePagesIndividualAllocation        = false                                  {pd product} {ergonomic}

Logging:
Log output configuration:
 #0: stdout all=warning uptime,level,tags foldmultilines=false
 #1: stderr all=off uptime,level,tags foldmultilines=false

Environment Variables:
PATH=C:\Program Files (x86)\Common Files\Oracle\Java\java8path;C:\Program Files (x86)\Common Files\Oracle\Java\javapath;C:\WINDOWS\system32;C:\WINDOWS;C:\WINDOWS\System32\Wbem;C:\WINDOWS\System32\WindowsPowerShell\v1.0\;C:\WINDOWS\System32\OpenSSH\;C:\Program Files\dotnet\;C:\Program Files\NVIDIA Corporation\NVIDIA app\NvDLISR;C:\Program Files (x86)\NVIDIA Corporation\PhysX\Common;C:\Program Files\Git\cmd;C:\Users\choko\apache-maven-3.9.9;C:\Users\choko\AppData\Local\Microsoft\WindowsApps;C:\Users\choko\AppData\Local\gitkraken\bin;C:\Users\choko\.dotnet\tools
USERNAME=choko
OS=Windows_NT
PROCESSOR_IDENTIFIER=AMD64 Family 25 Model 68 Stepping 1, AuthenticAMD
TMP=C:\Users\choko\AppData\Local\Temp
TEMP=C:\Users\choko\AppData\Local\Temp




Periodic native trim disabled

---------------  S Y S T E M  ---------------

OS:
 Windows 11 , 64 bit Build 26100 (10.0.26100.3912)
OS uptime: 1 days 22:15 hours

CPU: total 12 (initial active 12) (12 cores per cpu, 2 threads per core) family 25 model 68 stepping 1 microcode 0xa404107, cx8, cmov, fxsr, ht, mmx, 3dnowpref, sse, sse2, sse3, ssse3, sse4a, sse4.1, sse4.2, popcnt, lzcnt, tsc, tscinvbit, avx, avx2, aes, erms, clmul, bmi1, bmi2, adx, sha, fma, vzeroupper, clflush, clflushopt, rdtscp, rdpid, fsrm, f16c, pku, cet_ss
Processor Information for processor 0
  Max Mhz: 3301, Current Mhz: 2496, Mhz Limit: 3301
Processor Information for processor 1
  Max Mhz: 3301, Current Mhz: 3301, Mhz Limit: 3301
Processor Information for processor 2
  Max Mhz: 3301, Current Mhz: 2496, Mhz Limit: 3301
Processor Information for processor 3
  Max Mhz: 3301, Current Mhz: 3301, Mhz Limit: 3301
Processor Information for processor 4
  Max Mhz: 3301, Current Mhz: 2496, Mhz Limit: 3301
Processor Information for processor 5
  Max Mhz: 3301, Current Mhz: 3301, Mhz Limit: 3301
Processor Information for processor 6
  Max Mhz: 3301, Current Mhz: 3301, Mhz Limit: 3301
Processor Information for processor 7
  Max Mhz: 3301, Current Mhz: 2496, Mhz Limit: 3301
Processor Information for processor 8
  Max Mhz: 3301, Current Mhz: 3301, Mhz Limit: 3301
Processor Information for processor 9
  Max Mhz: 3301, Current Mhz: 2496, Mhz Limit: 3301
Processor Information for processor 10
  Max Mhz: 3301, Current Mhz: 2496, Mhz Limit: 3301
Processor Information for processor 11
  Max Mhz: 3301, Current Mhz: 3301, Mhz Limit: 3301

Memory: 4k page, system-wide physical 15611M (5223M free)
TotalPageFile size 27387M (AvailPageFile size 11723M)
current process WorkingSet (physical memory assigned to process): 200M, peak: 200M
current process commit charge ("private bytes"): 397M, peak: 400M

vm_info: OpenJDK 64-Bit Server VM (24.0.1+9-30) for windows-amd64 JRE (24.0.1+9-30), built on 2025-03-05T07:23:45Z with MS VC++ 17.6 (VS2022)

END.
