#
# A fatal error has been detected by the Java Runtime Environment:
#
#  EXCEPTION_ACCESS_VIOLATION (0xc0000005) at pc=0x00007ffa787526c4, pid=4240, tid=24672
#
# JRE version: OpenJDK Runtime Environment (24.0.1+9) (build 24.0.1+9-30)
# Java VM: OpenJDK 64-Bit Server VM (24.0.1+9-30, mixed mode, sharing, tiered, compressed oops, compressed class ptrs, g1 gc, windows-amd64)
# Problematic frame:
# C  [libasyncProfiler.dll+0x926c4]
#
# No core dump will be written. Minidumps are not enabled by default on client versions of Windows
#
# JFR recording file will be written. Location: C:\Users\choko\IdeaProjects\SeaBattle2.0\hs_err_pid4240.jfr
#
# If you would like to submit a bug report, please visit:
#   https://bugreport.java.com/bugreport/crash.jsp
# The crash happened outside the Java Virtual Machine in native code.
# See problematic frame for where to report the bug.
#

---------------  S U M M A R Y ------------

Command Line: -javaagent:C:\Program Files\JetBrains\IntelliJ IDEA 2025.1\lib\idea_rt.jar=56489 -Dfile.encoding=UTF-8 -Dsun.stdout.encoding=UTF-8 -Dsun.stderr.encoding=UTF-8 org.example.Main

Host: AMD Ryzen 5 7535HS with Radeon Graphics        , 12 cores, 15G,  Windows 11 , 64 bit Build 26100 (10.0.26100.3912)
Time: Mon May 19 13:25:30 2025 RTZ 9 (s 11 , 64 bit Build 26100 (10.0.26100.3912) elapsed time: 5.128877 seconds (0d 0h 0m 5s)

---------------  T H R E A D  ---------------

Current thread (0x0000020cbe14ae10):  JavaThread "Attach Listener" daemon [_thread_in_native, id=24672, stack(0x000000e393000000,0x000000e393100000) (1024K)]

Stack: [0x000000e393000000,0x000000e393100000],  sp=0x000000e3930ff380,  free space=1020k
Native frames: (J=compiled Java code, j=interpreted, Vv=VM code, C=native code)
C  [libasyncProfiler.dll+0x926c4]  (no source info available)
C  [libasyncProfiler.dll+0x92b9b]  (no source info available)
C  [libasyncProfiler.dll+0x917f4]  (no source info available)
C  [libasyncProfiler.dll+0x9206a]  (no source info available)
C  [libasyncProfiler.dll+0x8cc21]  (no source info available)
C  [libasyncProfiler.dll+0x7e5e1]  (no source info available)
C  [libasyncProfiler.dll+0x7d2f8]  (no source info available)
C  [libasyncProfiler.dll+0x7d1e0]  (no source info available)
C  [libasyncProfiler.dll+0x841b9]  (no source info available)
V  [jvm.dll+0x57eff7]  (no source info available)
V  [jvm.dll+0x57fdac]  (no source info available)
V  [jvm.dll+0x14ca17]  (no source info available)
V  [jvm.dll+0x14dfe1]  (no source info available)
V  [jvm.dll+0x42f456]  (no source info available)
V  [jvm.dll+0x87d76b]  (no source info available)
V  [jvm.dll+0x72ee55]  (no source info available)
C  [ucrtbase.dll+0x37b0]  (no source info available)
C  [KERNEL32.DLL+0x2e8d7]  (no source info available)
C  [ntdll.dll+0x9c5dc]  (no source info available)


siginfo: EXCEPTION_ACCESS_VIOLATION (0xc0000005), reading address 0xffffffffffffffff


Registers:
RAX=0x0000000000000010, RBX=0x0000000000000000, RCX=0xffffffffffffffff, RDX=0x007ffa76be300010
RSP=0x000000e3930ff380, RBP=0x0000020d0436ea38, RSI=0x000000e3930ff4f0, RDI=0x0000020d0436ea38
R8 =0x0000000000000042, R9 =0x0000000712204050, R10=0x00007ffa76e59fb0, R11=0x000000000000000a
R12=0x000000e3930ff4f0, R13=0x0000020d0440b710, R14=0x0000020cbe14b1d8, R15=0x0000020cbe14b1d8
RIP=0x00007ffa787526c4, EFLAGS=0x0000000000010202

XMM[0]=0x0000000000000000 0x0000000000000000
XMM[1]=0x0000000000000000 0x0000000000000000
XMM[2]=0x0000000000000000 0x0000000000000000
XMM[3]=0x0000000000000000 0x0000000000000000
XMM[4]=0x0000000000000000 0x0000000000000000
XMM[5]=0x0000000000000000 0x0000000000000000
XMM[6]=0x0000000000000000 0x0000000000000000
XMM[7]=0x0000000000000000 0x0000000000000000
XMM[8]=0x0000000000000000 0x0000000000000000
XMM[9]=0x0000000000000000 0x0000000000000000
XMM[10]=0x0000000000000000 0x0000000000000000
XMM[11]=0x0000000000000000 0x0000000000000000
XMM[12]=0x0000000000000000 0x0000000000000000
XMM[13]=0x0000000000000000 0x0000000000000000
XMM[14]=0x0000000000000000 0x0000000000000000
XMM[15]=0x0000000000000000 0x0000000000000000
  MXCSR=0x00001fa0


Register to memory mapping:

RAX=0x0000000000000010 is an unknown value
RBX=0x0 is null
RCX=0xffffffffffffffff is an unknown value
RDX=0x007ffa76be300010 is an unknown value
RSP=0x000000e3930ff380 is pointing into the stack for thread: 0x0000020cbe14ae10
RBP=0x0000020d0436ea38 points into unknown readable memory: 0x0000000712204050 | 50 40 20 12 07 00 00 00
RSI=0x000000e3930ff4f0 is pointing into the stack for thread: 0x0000020cbe14ae10
RDI=0x0000020d0436ea38 points into unknown readable memory: 0x0000000712204050 | 50 40 20 12 07 00 00 00
R8 =0x0000000000000042 is an unknown value
R9 =0x0000000712204050 is an oop: java.lang.Thread 
{0x0000000712204050} - klass: 'java/lang/Thread' - flags: 

 - ---- fields (total size 14 words):
 - 'threadLocalRandomProbe' 'I' @12  0 (0x00000000)
 - private volatile 'eetop' 'J' @16  2253223276656 (0x0000020c9e92b070)
 - private final 'tid' 'J' @24  3 (0x0000000000000003)
 - 'threadLocalRandomSeed' 'J' @32  0 (0x0000000000000000)
 - injected 'jvmti_thread_state' 'J' @40  2254930187520 (0x0000020d04501500)
 - 'threadLocalRandomSecondarySeed' 'I' @48  0 (0x00000000)
 - injected 'jvmti_VTMS_transition_disable_count' 'I' @52  0 (0x00000000)
 - injected 'jfr_epoch' 'S' @56  0 (0x0000)
 - volatile 'interrupted' 'Z' @58  false (0x00)
 - injected 'jvmti_is_in_VTMS_transition' 'Z' @59  false (0x00)
 - private volatile 'name' 'Ljava/lang/String;' @60  "main"{0x000000071239b6b0} (0xe24736d6)
 - private volatile 'contextClassLoader' 'Ljava/lang/ClassLoader;' @64  a 'jdk/internal/loader/ClassLoaders$AppClassLoader'{0x00000007122041d0} (0xe244083a)
 - private final 'holder' 'Ljava/lang/Thread$FieldHolder;' @68  a 'java/lang/Thread$FieldHolder'{0x000000071239b6e0} (0xe24736dc)
 - 'threadLocals' 'Ljava/lang/ThreadLocal$ThreadLocalMap;' @72  a 'java/lang/ThreadLocal$ThreadLocalMap'{0x000000071239b708} (0xe24736e1)
 - 'inheritableThreadLocals' 'Ljava/lang/ThreadLocal$ThreadLocalMap;' @76  null (0x00000000)
 - private 'scopedValueBindings' 'Ljava/lang/Object;' @80  a 'java/lang/Class'{0x00000007ffe7c258} = 'java/lang/Thread' (0xfffcf84b)
 - final 'interruptLock' 'Ljava/lang/Object;' @84  a 'java/lang/Object'{0x000000071239b918} (0xe2473723)
 - private volatile 'parkBlocker' 'Ljava/lang/Object;' @88  null (0x00000000)
 - private 'nioBlocker' 'Lsun/nio/ch/Interruptible;' @92  null (0x00000000)
 - private 'cont' 'Ljdk/internal/vm/Continuation;' @96  null (0x00000000)
 - private volatile 'uncaughtExceptionHandler' 'Ljava/lang/Thread$UncaughtExceptionHandler;' @100  null (0x00000000)
 - private 'container' 'Ljdk/internal/vm/ThreadContainer;' @104  null (0x00000000)
 - private volatile 'headStackableScopes' 'Ljdk/internal/vm/StackableScope;' @108  null (0x00000000)
R10=0x00007ffa76e59fb0 jvm.dll
R11=0x000000000000000a is an unknown value
R12=0x000000e3930ff4f0 is pointing into the stack for thread: 0x0000020cbe14ae10
R13=0x0000020d0440b710 points into unknown readable memory: 0x00007ffa76dca510 | 10 a5 dc 76 fa 7f 00 00
R14=0x0000020cbe14b1d8 points into unknown readable memory: 0x00007ffa76dc17b0 | b0 17 dc 76 fa 7f 00 00
R15=0x0000020cbe14b1d8 points into unknown readable memory: 0x00007ffa76dc17b0 | b0 17 dc 76 fa 7f 00 00

Top of Stack: (sp=0x000000e3930ff380)
0x000000e3930ff380:   000000e3930ff4f0 0000020d0436ea38   ........8.6.....
0x000000e3930ff390:   0000000000000000 0000020cbe14b560   ........`.......
0x000000e3930ff3a0:   0000000000000025 00007ffa78752b9b   %........+ux....
0x000000e3930ff3b0:   0000000000000000 0000020cbe14b1d8   ................
0x000000e3930ff3c0:   000000e3930ff401 0000000000000000   ................
0x000000e3930ff3d0:   0000020d04919370 00007ffa787517f4   p.........ux....
0x000000e3930ff3e0:   0000000000000000 0000000000000025   ........%.......
0x000000e3930ff3f0:   0000000000000000 0000000000000025   ........%.......
0x000000e3930ff400:   0000000f00000002 0000020d04a619f0   ................
0x000000e3930ff410:   0000020d04919370 0000020d04919404   p...............
0x000000e3930ff420:   0000020d04919418 0000000000000eb8   ................
0x000000e3930ff430:   0000000000000000 0000000000000000   ................
0x000000e3930ff440:   0000000000000000 00007ffa766257d4   .........Wbv....
0x000000e3930ff450:   00007ffa78894ca0 0000000000001090   .L.x............
0x000000e3930ff460:   00007ffa78894ca0 00000000ffffffff   .L.x............
0x000000e3930ff470:   0000000000000000 00007ffa7875206a   ........j ux....
0x000000e3930ff480:   0000020cbe14b1d8 0000000000000000   ................
0x000000e3930ff490:   000000e3930ff4f9 0000020d0440b710   ..........@.....
0x000000e3930ff4a0:   0000000000000004 0000000000000048   ........H.......
0x000000e3930ff4b0:   0000000800800310 0000000000000020   ........ .......
0x000000e3930ff4c0:   0000020cbe14b1d8 00007ffa78894ca0   .........L.x....
0x000000e3930ff4d0:   0000020cbdff3fa0 0000020d04501500   .?........P.....
0x000000e3930ff4e0:   0000000800800390 0000020cbe14b1d8   ................
0x000000e3930ff4f0:   0000020d043b23c0 0000020d043b2860   .#;.....`(;.....
0x000000e3930ff500:   0000020d043b2860 00007ffa78894ca0   `(;......L.x....
0x000000e3930ff510:   0000020d042968a8 000000e3930ff688   .h).............
0x000000e3930ff520:   000000e3930ff7c0 0000000000008840   ........@.......
0x000000e3930ff530:   000000e3930ff9a0 00007ffa78894cf0   .........L.x....
0x000000e3930ff540:   0000000000989680 0000000000989680   ................
0x000000e3930ff550:   000000e3930ff660 00007ffa7874cc21   `.......!.tx....
0x000000e3930ff560:   00007ffa78894ca0 00007ffa78894cf8   .L.x.....L.x....
0x000000e3930ff570:   00007ffa00000000 00007ffa00000001   ................

Instructions: (pc=0x00007ffa787526c4)
  0x00007ffa787525c4:   cc cc cc cc cc cc cc cc cc cc cc cc cc cc cc cc
  0x00007ffa787525d4:   cc cc cc cc cc cc cc cc cc cc cc cc cc cc cc cc
  0x00007ffa787525e4:   cc cc cc cc cc cc cc cc cc cc cc cc cc cc cc cc
  0x00007ffa787525f4:   cc cc cc cc cc cc cc cc cc cc cc cc cc cc cc cc
  0x00007ffa78752604:   cc cc cc cc cc cc cc cc cc cc cc cc cc cc cc cc
  0x00007ffa78752614:   cc cc cc cc cc cc cc cc cc cc cc cc cc cc cc cc
  0x00007ffa78752624:   cc cc cc cc cc cc cc cc cc cc cc cc cc cc cc cc
  0x00007ffa78752634:   cc cc cc cc cc cc cc cc cc cc cc cc cc cc cc cc
  0x00007ffa78752644:   cc cc cc cc cc cc cc cc cc cc cc cc 40 57 48 83
  0x00007ffa78752654:   ec 20 48 8b f9 48 8b 0d 10 28 14 00 48 85 c9 74
  0x00007ffa78752664:   20 48 8b 01 48 8d 54 24 38 41 b8 06 00 01 00 4c
  0x00007ffa78752674:   8b 48 30 41 ff d1 85 c0 75 07 48 8b 4c 24 38 eb
  0x00007ffa78752684:   02 33 c9 4c 8b 05 ea 28 14 00 48 89 5c 24 30 4d
  0x00007ffa78752694:   85 c0 74 4a 48 8b 01 48 8b d7 4c 8b 88 28 03 00
  0x00007ffa787526a4:   00 41 ff d1 48 85 c0 74 35 48 63 0d f8 e6 13 00
  0x00007ffa787526b4:   48 8b 14 01 48 85 d2 74 15 48 63 05 fc e6 13 00
=>0x00007ffa787526c4:   8b 04 10 48 8b 5c 24 30 48 83 c4 20 5f c3 b8 ff
  0x00007ffa787526d4:   ff ff ff 48 8b 5c 24 30 48 83 c4 20 5f c3 80 3d
  0x00007ffa787526e4:   9b 27 14 00 00 bb ff ff ff ff 74 20 4c 8b 0d 31
  0x00007ffa787526f4:   24 14 00 4c 8d 44 24 38 48 8b 0d 15 24 14 00 48
  0x00007ffa78752704:   8b d7 41 ff d1 85 c0 0f 44 5c 24 38 8b c3 48 8b
  0x00007ffa78752714:   5c 24 30 48 83 c4 20 5f c3 cc cc cc cc cc cc cc
  0x00007ffa78752724:   cc cc cc cc cc cc cc cc cc cc cc cc cc cc cc cc
  0x00007ffa78752734:   cc cc cc cc cc cc cc cc cc cc cc cc cc cc cc cc
  0x00007ffa78752744:   cc cc cc cc cc cc cc cc cc cc cc cc 48 89 54 24
  0x00007ffa78752754:   10 53 55 56 57 41 56 41 57 48 83 ec 28 48 8b f2
  0x00007ffa78752764:   4c 8b f1 48 89 4c 24 78 45 33 ff 44 89 7c 24 68
  0x00007ffa78752774:   c7 44 24 60 01 00 00 00 48 8d 4c 24 68 e8 ed 42
  0x00007ffa78752784:   f7 ff 8b d8 48 8d 4c 24 60 e8 e1 42 f7 ff 8b e8
  0x00007ffa78752794:   49 8b ce e8 00 fc f6 ff 48 8b f8 90 8b c3 f0 0f
  0x00007ffa787527a4:   b1 2f 74 04 f3 90 eb f4 4c 89 3e 4c 89 7e 08 4c
  0x00007ffa787527b4:   89 7e 10 49 8b 6e 08 4d 8b 76 10 49 3b ee 0f 84


Stack slot to memory mapping:

stack at sp + 0 slots: 0x000000e3930ff4f0 is pointing into the stack for thread: 0x0000020cbe14ae10
stack at sp + 1 slots: 0x0000020d0436ea38 points into unknown readable memory: 0x0000000712204050 | 50 40 20 12 07 00 00 00
stack at sp + 2 slots: 0x0 is null
stack at sp + 3 slots: 0x0000020cbe14b560 points into unknown readable memory: 0x6e616c2e6176616a | 6a 61 76 61 2e 6c 61 6e
stack at sp + 4 slots: 0x0000000000000025 is an unknown value
stack at sp + 5 slots: 0x00007ffa78752b9b libasyncProfiler.dll
stack at sp + 6 slots: 0x0 is null
stack at sp + 7 slots: 0x0000020cbe14b1d8 points into unknown readable memory: 0x00007ffa76dc17b0 | b0 17 dc 76 fa 7f 00 00

Lock stack of current Java thread (top to bottom):


---------------  P R O C E S S  ---------------

Threads class SMR info:
_java_thread_list=0x0000020d047d8cc0, length=21, elements={
0x0000020c9e92b070, 0x0000020cbe143280, 0x0000020cbe1439c0, 0x0000020cbe147e40,
0x0000020cbe14ae10, 0x0000020cbe14d020, 0x0000020cbe14db50, 0x0000020cbe155560,
0x0000020cbe15ec60, 0x0000020cbe3f27b0, 0x0000020cbe36f050, 0x0000020cbe36f790,
0x0000020d041fc400, 0x0000020d04177570, 0x0000020cbe6c7740, 0x0000020cbe6c7e80,
0x0000020d042717f0, 0x0000020d047d6390, 0x0000020d047d6b20, 0x0000020d0426fab0,
0x0000020d04272de0
}

Java Threads: ( => current thread )
  0x0000020c9e92b070 JavaThread "main"                              [_thread_in_Java, id=19364, stack(0x000000e392500000,0x000000e392600000) (1024K)]
  0x0000020cbe143280 JavaThread "Reference Handler"          daemon [_thread_blocked, id=16432, stack(0x000000e392d00000,0x000000e392e00000) (1024K)]
  0x0000020cbe1439c0 JavaThread "Finalizer"                  daemon [_thread_blocked, id=15456, stack(0x000000e392e00000,0x000000e392f00000) (1024K)]
  0x0000020cbe147e40 JavaThread "Signal Dispatcher"          daemon [_thread_blocked, id=11664, stack(0x000000e392f00000,0x000000e393000000) (1024K)]
=>0x0000020cbe14ae10 JavaThread "Attach Listener"            daemon [_thread_in_native, id=24672, stack(0x000000e393000000,0x000000e393100000) (1024K)]
  0x0000020cbe14d020 JavaThread "Service Thread"             daemon [_thread_blocked, id=21648, stack(0x000000e393100000,0x000000e393200000) (1024K)]
  0x0000020cbe14db50 JavaThread "Monitor Deflation Thread"   daemon [_thread_blocked, id=17896, stack(0x000000e393200000,0x000000e393300000) (1024K)]
  0x0000020cbe155560 JavaThread "C2 CompilerThread0"         daemon [_thread_blocked, id=27180, stack(0x000000e393300000,0x000000e393400000) (1024K)]
  0x0000020cbe15ec60 JavaThread "C1 CompilerThread0"         daemon [_thread_blocked, id=5244, stack(0x000000e393400000,0x000000e393500000) (1024K)]
  0x0000020cbe3f27b0 JavaThread "Common-Cleaner"             daemon [_thread_blocked, id=11896, stack(0x000000e393500000,0x000000e393600000) (1024K)]
  0x0000020cbe36f050 JavaThread "Monitor Ctrl-Break"         daemon [_thread_in_native, id=14608, stack(0x000000e393600000,0x000000e393700000) (1024K)]
  0x0000020cbe36f790 JavaThread "Notification Thread"        daemon [_thread_blocked, id=2768, stack(0x000000e393800000,0x000000e393900000) (1024K)]
  0x0000020d041fc400 JavaThread "RMI TCP Accept-0"           daemon [_thread_in_native, id=9420, stack(0x000000e393a00000,0x000000e393b00000) (1024K)]
  0x0000020d04177570 JavaThread "RMI TCP Connection(1)-10.2.0.2" daemon [_thread_in_native, id=25672, stack(0x000000e393b00000,0x000000e393c00000) (1024K)]
  0x0000020cbe6c7740 JavaThread "RMI Scheduler(0)"           daemon [_thread_blocked, id=28020, stack(0x000000e393c00000,0x000000e393d00000) (1024K)]
  0x0000020cbe6c7e80 JavaThread "JMX server connection timeout 31" daemon [_thread_blocked, id=14720, stack(0x000000e393d00000,0x000000e393e00000) (1024K)]
  0x0000020d042717f0 JavaThread "RMI TCP Connection(2)-10.2.0.2" daemon [_thread_in_native, id=14144, stack(0x000000e394300000,0x000000e394400000) (1024K)]
  0x0000020d047d6390 JavaThread "C2 CompilerThread1"         daemon [_thread_blocked, id=22612, stack(0x000000e393700000,0x000000e393800000) (1024K)]
  0x0000020d047d6b20 JavaThread "C2 CompilerThread2"         daemon [_thread_blocked, id=19236, stack(0x000000e393900000,0x000000e393a00000) (1024K)]
  0x0000020d0426fab0 JavaThread "JFR Recorder Thread"        daemon [_thread_in_native, id=13768, stack(0x000000e394400000,0x000000e394500000) (1024K)]
  0x0000020d04272de0 JavaThread "JFR Periodic Tasks"         daemon [_thread_blocked, id=3768, stack(0x000000e394500000,0x000000e394600000) (1024K)]
Total: 21

Other Threads:
  0x0000020cbe133270 VMThread "VM Thread"                           [id=22696, stack(0x000000e392c00000,0x000000e392d00000) (1024K)]
  0x0000020cbe1243c0 WatcherThread "VM Periodic Task Thread"        [id=1984, stack(0x000000e392b00000,0x000000e392c00000) (1024K)]
  0x0000020c9e9922f0 WorkerThread "GC Thread#0"                     [id=25220, stack(0x000000e392600000,0x000000e392700000) (1024K)]
  0x0000020cbec686b0 WorkerThread "GC Thread#1"                     [id=24160, stack(0x000000e393e00000,0x000000e393f00000) (1024K)]
  0x0000020cbec6a360 WorkerThread "GC Thread#2"                     [id=24564, stack(0x000000e393f00000,0x000000e394000000) (1024K)]
  0x0000020cbec6a710 WorkerThread "GC Thread#3"                     [id=16224, stack(0x000000e394000000,0x000000e394100000) (1024K)]
  0x0000020cbec70fc0 WorkerThread "GC Thread#4"                     [id=21228, stack(0x000000e394100000,0x000000e394200000) (1024K)]
  0x0000020d040ebfb0 WorkerThread "GC Thread#5"                     [id=6592, stack(0x000000e394200000,0x000000e394300000) (1024K)]
  0x0000020c9e9a7330 ConcurrentGCThread "G1 Main Marker"            [id=13368, stack(0x000000e392700000,0x000000e392800000) (1024K)]
  0x0000020c9e9aab00 WorkerThread "G1 Conc#0"                       [id=16952, stack(0x000000e392800000,0x000000e392900000) (1024K)]
  0x0000020cbdfef5b0 ConcurrentGCThread "G1 Refine#0"               [id=24168, stack(0x000000e392900000,0x000000e392a00000) (1024K)]
  0x0000020cbdff0030 ConcurrentGCThread "G1 Service"                [id=8852, stack(0x000000e392a00000,0x000000e392b00000) (1024K)]
Total: 12

Threads with active compile tasks:
Total: 0

VM state: not at safepoint (normal execution)

VM Mutex/Monitor currently owned by a thread: None

Heap address: 0x000000070c000000, size: 3904 MB, Compressed Oops mode: Zero based, Oop shift amount: 3

CDS archive(s) mapped at: [0x0000020cbf000000-0x0000020cbfd40000-0x0000020cbfd40000), size 13893632, SharedBaseAddress: 0x0000020cbf000000, ArchiveRelocationMode: 1.
Compressed class space mapped at: 0x0000020cc0000000-0x0000020d00000000, reserved size: 1073741824
UseCompressedClassPointers 1, UseCompactObjectHeaders 0
Narrow klass pointer bits 32, Max shift 3
Narrow klass base: 0x0000020cbf000000, Narrow klass shift: 0
Encoding Range: [0x0000020cbf000000 - 0x0000020dbf000000), (4294967296 bytes)
Klass Range:    [0x0000020cbf000000 - 0x0000020d00000000), (1090519040 bytes)
Klass ID Range:  [8 - 1090519033) (1090519025)

GC Precious Log:
 CardTable entry size: 512
 Card Set container configuration: InlinePtr #cards 4 size 8 Array Of Cards #cards 16 size 48 Howl #buckets 8 coarsen threshold 3686 Howl Bitmap #cards 512 size 80 coarsen threshold 460 Card regions per heap region 1 cards per card region 4096
 CPUs: 12 total, 12 available
 Memory: 15611M
 Large Page Support: Disabled
 NUMA Support: Disabled
 Compressed Oops: Enabled (Zero based)
 Heap Region Size: 2M
 Heap Min Capacity: 8M
 Heap Initial Capacity: 244M
 Heap Max Capacity: 3904M
 Pre-touch: Disabled
 Parallel Workers: 10
 Concurrent Workers: 3
 Concurrent Refinement Workers: 10
 Periodic GC: Disabled

Heap:
 garbage-first heap   total reserved 3997696K, committed 251904K, used 145334K [0x000000070c000000, 0x0000000800000000)
  region size 2048K, 72 young (147456K), 2 survivors (4096K)
 Metaspace       used 7883K, committed 8128K, reserved 1114112K
  class space    used 742K, committed 832K, reserved 1048576K

Heap Regions: E=young(eden), S=young(survivor), O=old, HS=humongous(starts), HC=humongous(continues), CS=collection set, F=free, TAMS=top-at-mark-start, PB=parsable bottom
|   0|0x000000070c000000, 0x000000070c000000, 0x000000070c200000|  0%| F|  |TAMS 0x000000070c000000| PB 0x000000070c000000| Untracked |  0
|   1|0x000000070c200000, 0x000000070c200000, 0x000000070c400000|  0%| F|  |TAMS 0x000000070c200000| PB 0x000000070c200000| Untracked |  0
|   2|0x000000070c400000, 0x000000070c400000, 0x000000070c600000|  0%| F|  |TAMS 0x000000070c400000| PB 0x000000070c400000| Untracked |  0
|   3|0x000000070c600000, 0x000000070c600000, 0x000000070c800000|  0%| F|  |TAMS 0x000000070c600000| PB 0x000000070c600000| Untracked |  0
|   4|0x000000070c800000, 0x000000070c800000, 0x000000070ca00000|  0%| F|  |TAMS 0x000000070c800000| PB 0x000000070c800000| Untracked |  0
|   5|0x000000070ca00000, 0x000000070ca00000, 0x000000070cc00000|  0%| F|  |TAMS 0x000000070ca00000| PB 0x000000070ca00000| Untracked |  0
|   6|0x000000070cc00000, 0x000000070cc00000, 0x000000070ce00000|  0%| F|  |TAMS 0x000000070cc00000| PB 0x000000070cc00000| Untracked |  0
|   7|0x000000070ce00000, 0x000000070ce00000, 0x000000070d000000|  0%| F|  |TAMS 0x000000070ce00000| PB 0x000000070ce00000| Untracked |  0
|   8|0x000000070d000000, 0x000000070d000000, 0x000000070d200000|  0%| F|  |TAMS 0x000000070d000000| PB 0x000000070d000000| Untracked |  0
|   9|0x000000070d200000, 0x000000070d200000, 0x000000070d400000|  0%| F|  |TAMS 0x000000070d200000| PB 0x000000070d200000| Untracked |  0
|  10|0x000000070d400000, 0x000000070d400000, 0x000000070d600000|  0%| F|  |TAMS 0x000000070d400000| PB 0x000000070d400000| Untracked |  0
|  11|0x000000070d600000, 0x000000070d600000, 0x000000070d800000|  0%| F|  |TAMS 0x000000070d600000| PB 0x000000070d600000| Untracked |  0
|  12|0x000000070d800000, 0x000000070d800000, 0x000000070da00000|  0%| F|  |TAMS 0x000000070d800000| PB 0x000000070d800000| Untracked |  0
|  13|0x000000070da00000, 0x000000070da00000, 0x000000070dc00000|  0%| F|  |TAMS 0x000000070da00000| PB 0x000000070da00000| Untracked |  0
|  14|0x000000070dc00000, 0x000000070dc00000, 0x000000070de00000|  0%| F|  |TAMS 0x000000070dc00000| PB 0x000000070dc00000| Untracked |  0
|  15|0x000000070de00000, 0x000000070de00000, 0x000000070e000000|  0%| F|  |TAMS 0x000000070de00000| PB 0x000000070de00000| Untracked |  0
|  16|0x000000070e000000, 0x000000070e000000, 0x000000070e200000|  0%| F|  |TAMS 0x000000070e000000| PB 0x000000070e000000| Untracked |  0
|  17|0x000000070e200000, 0x000000070e200000, 0x000000070e400000|  0%| F|  |TAMS 0x000000070e200000| PB 0x000000070e200000| Untracked |  0
|  18|0x000000070e400000, 0x000000070e400000, 0x000000070e600000|  0%| F|  |TAMS 0x000000070e400000| PB 0x000000070e400000| Untracked |  0
|  19|0x000000070e600000, 0x000000070e600000, 0x000000070e800000|  0%| F|  |TAMS 0x000000070e600000| PB 0x000000070e600000| Untracked |  0
|  20|0x000000070e800000, 0x000000070e800000, 0x000000070ea00000|  0%| F|  |TAMS 0x000000070e800000| PB 0x000000070e800000| Untracked |  0
|  21|0x000000070ea00000, 0x000000070ea00000, 0x000000070ec00000|  0%| F|  |TAMS 0x000000070ea00000| PB 0x000000070ea00000| Untracked |  0
|  22|0x000000070ec00000, 0x000000070ec00000, 0x000000070ee00000|  0%| F|  |TAMS 0x000000070ec00000| PB 0x000000070ec00000| Untracked |  0
|  23|0x000000070ee00000, 0x000000070ee00000, 0x000000070f000000|  0%| F|  |TAMS 0x000000070ee00000| PB 0x000000070ee00000| Untracked |  0
|  24|0x000000070f000000, 0x000000070f000000, 0x000000070f200000|  0%| F|  |TAMS 0x000000070f000000| PB 0x000000070f000000| Untracked |  0
|  25|0x000000070f200000, 0x000000070f200000, 0x000000070f400000|  0%| F|  |TAMS 0x000000070f200000| PB 0x000000070f200000| Untracked |  0
|  26|0x000000070f400000, 0x000000070f400000, 0x000000070f600000|  0%| F|  |TAMS 0x000000070f400000| PB 0x000000070f400000| Untracked |  0
|  27|0x000000070f600000, 0x000000070f600000, 0x000000070f800000|  0%| F|  |TAMS 0x000000070f600000| PB 0x000000070f600000| Untracked |  0
|  28|0x000000070f800000, 0x000000070f800000, 0x000000070fa00000|  0%| F|  |TAMS 0x000000070f800000| PB 0x000000070f800000| Untracked |  0
|  29|0x000000070fa00000, 0x000000070fa00000, 0x000000070fc00000|  0%| F|  |TAMS 0x000000070fa00000| PB 0x000000070fa00000| Untracked |  0
|  30|0x000000070fc00000, 0x000000070fc00000, 0x000000070fe00000|  0%| F|  |TAMS 0x000000070fc00000| PB 0x000000070fc00000| Untracked |  0
|  31|0x000000070fe00000, 0x000000070fe00000, 0x0000000710000000|  0%| F|  |TAMS 0x000000070fe00000| PB 0x000000070fe00000| Untracked |  0
|  32|0x0000000710000000, 0x0000000710000000, 0x0000000710200000|  0%| F|  |TAMS 0x0000000710000000| PB 0x0000000710000000| Untracked |  0
|  33|0x0000000710200000, 0x0000000710200000, 0x0000000710400000|  0%| F|  |TAMS 0x0000000710200000| PB 0x0000000710200000| Untracked |  0
|  34|0x0000000710400000, 0x0000000710400000, 0x0000000710600000|  0%| F|  |TAMS 0x0000000710400000| PB 0x0000000710400000| Untracked |  0
|  35|0x0000000710600000, 0x0000000710600000, 0x0000000710800000|  0%| F|  |TAMS 0x0000000710600000| PB 0x0000000710600000| Untracked |  0
|  36|0x0000000710800000, 0x0000000710800000, 0x0000000710a00000|  0%| F|  |TAMS 0x0000000710800000| PB 0x0000000710800000| Untracked |  0
|  37|0x0000000710a00000, 0x0000000710a00000, 0x0000000710c00000|  0%| F|  |TAMS 0x0000000710a00000| PB 0x0000000710a00000| Untracked |  0
|  38|0x0000000710c00000, 0x0000000710c00000, 0x0000000710e00000|  0%| F|  |TAMS 0x0000000710c00000| PB 0x0000000710c00000| Untracked |  0
|  39|0x0000000710e00000, 0x0000000710e00000, 0x0000000711000000|  0%| F|  |TAMS 0x0000000710e00000| PB 0x0000000710e00000| Untracked |  0
|  40|0x0000000711000000, 0x0000000711000000, 0x0000000711200000|  0%| F|  |TAMS 0x0000000711000000| PB 0x0000000711000000| Untracked |  0
|  41|0x0000000711200000, 0x0000000711200000, 0x0000000711400000|  0%| F|  |TAMS 0x0000000711200000| PB 0x0000000711200000| Untracked |  0
|  42|0x0000000711400000, 0x0000000711400000, 0x0000000711600000|  0%| F|  |TAMS 0x0000000711400000| PB 0x0000000711400000| Untracked |  0
|  43|0x0000000711600000, 0x0000000711600000, 0x0000000711800000|  0%| F|  |TAMS 0x0000000711600000| PB 0x0000000711600000| Untracked |  0
|  44|0x0000000711800000, 0x0000000711800000, 0x0000000711a00000|  0%| F|  |TAMS 0x0000000711800000| PB 0x0000000711800000| Untracked |  0
|  45|0x0000000711a00000, 0x0000000711a00000, 0x0000000711c00000|  0%| F|  |TAMS 0x0000000711a00000| PB 0x0000000711a00000| Untracked |  0
|  46|0x0000000711c00000, 0x0000000711c00000, 0x0000000711e00000|  0%| F|  |TAMS 0x0000000711c00000| PB 0x0000000711c00000| Untracked |  0
|  47|0x0000000711e00000, 0x0000000711e00000, 0x0000000712000000|  0%| F|  |TAMS 0x0000000711e00000| PB 0x0000000711e00000| Untracked |  0
|  48|0x0000000712000000, 0x00000007120d1710, 0x0000000712200000| 40%| S|CS|TAMS 0x0000000712000000| PB 0x0000000712000000| Complete |  0
|  49|0x0000000712200000, 0x0000000712400000, 0x0000000712400000|100%| S|CS|TAMS 0x0000000712200000| PB 0x0000000712200000| Complete |  0
|  50|0x0000000712400000, 0x0000000712400000, 0x0000000712600000|  0%| F|  |TAMS 0x0000000712400000| PB 0x0000000712400000| Untracked |  0
|  51|0x0000000712600000, 0x0000000712600000, 0x0000000712800000|  0%| F|  |TAMS 0x0000000712600000| PB 0x0000000712600000| Untracked |  0
|  52|0x0000000712800000, 0x0000000712a00000, 0x0000000712a00000|100%| E|  |TAMS 0x0000000712800000| PB 0x0000000712800000| Complete |  0
|  53|0x0000000712a00000, 0x0000000712c00000, 0x0000000712c00000|100%| E|CS|TAMS 0x0000000712a00000| PB 0x0000000712a00000| Complete |  0
|  54|0x0000000712c00000, 0x0000000712e00000, 0x0000000712e00000|100%| E|CS|TAMS 0x0000000712c00000| PB 0x0000000712c00000| Complete |  0
|  55|0x0000000712e00000, 0x0000000713000000, 0x0000000713000000|100%| E|CS|TAMS 0x0000000712e00000| PB 0x0000000712e00000| Complete |  0
|  56|0x0000000713000000, 0x0000000713200000, 0x0000000713200000|100%| E|CS|TAMS 0x0000000713000000| PB 0x0000000713000000| Complete |  0
|  57|0x0000000713200000, 0x0000000713400000, 0x0000000713400000|100%| E|CS|TAMS 0x0000000713200000| PB 0x0000000713200000| Complete |  0
|  58|0x0000000713400000, 0x0000000713600000, 0x0000000713600000|100%| E|CS|TAMS 0x0000000713400000| PB 0x0000000713400000| Complete |  0
|  59|0x0000000713600000, 0x0000000713800000, 0x0000000713800000|100%| E|CS|TAMS 0x0000000713600000| PB 0x0000000713600000| Complete |  0
|  60|0x0000000713800000, 0x0000000713a00000, 0x0000000713a00000|100%| E|CS|TAMS 0x0000000713800000| PB 0x0000000713800000| Complete |  0
|  61|0x0000000713a00000, 0x0000000713c00000, 0x0000000713c00000|100%| E|CS|TAMS 0x0000000713a00000| PB 0x0000000713a00000| Complete |  0
|  62|0x0000000713c00000, 0x0000000713e00000, 0x0000000713e00000|100%| E|CS|TAMS 0x0000000713c00000| PB 0x0000000713c00000| Complete |  0
|  63|0x0000000713e00000, 0x0000000714000000, 0x0000000714000000|100%| E|CS|TAMS 0x0000000713e00000| PB 0x0000000713e00000| Complete |  0
|  64|0x0000000714000000, 0x0000000714200000, 0x0000000714200000|100%| E|CS|TAMS 0x0000000714000000| PB 0x0000000714000000| Complete |  0
|  65|0x0000000714200000, 0x0000000714400000, 0x0000000714400000|100%| E|CS|TAMS 0x0000000714200000| PB 0x0000000714200000| Complete |  0
|  66|0x0000000714400000, 0x0000000714600000, 0x0000000714600000|100%| E|CS|TAMS 0x0000000714400000| PB 0x0000000714400000| Complete |  0
|  67|0x0000000714600000, 0x0000000714800000, 0x0000000714800000|100%| E|CS|TAMS 0x0000000714600000| PB 0x0000000714600000| Complete |  0
|  68|0x0000000714800000, 0x0000000714a00000, 0x0000000714a00000|100%| E|CS|TAMS 0x0000000714800000| PB 0x0000000714800000| Complete |  0
|  69|0x0000000714a00000, 0x0000000714c00000, 0x0000000714c00000|100%| E|CS|TAMS 0x0000000714a00000| PB 0x0000000714a00000| Complete |  0
|  70|0x0000000714c00000, 0x0000000714e00000, 0x0000000714e00000|100%| E|CS|TAMS 0x0000000714c00000| PB 0x0000000714c00000| Complete |  0
|  71|0x0000000714e00000, 0x0000000715000000, 0x0000000715000000|100%| E|CS|TAMS 0x0000000714e00000| PB 0x0000000714e00000| Complete |  0
|  72|0x0000000715000000, 0x0000000715200000, 0x0000000715200000|100%| E|CS|TAMS 0x0000000715000000| PB 0x0000000715000000| Complete |  0
|  73|0x0000000715200000, 0x0000000715400000, 0x0000000715400000|100%| E|CS|TAMS 0x0000000715200000| PB 0x0000000715200000| Complete |  0
|  74|0x0000000715400000, 0x0000000715600000, 0x0000000715600000|100%| E|CS|TAMS 0x0000000715400000| PB 0x0000000715400000| Complete |  0
|  75|0x0000000715600000, 0x0000000715800000, 0x0000000715800000|100%| E|CS|TAMS 0x0000000715600000| PB 0x0000000715600000| Complete |  0
|  76|0x0000000715800000, 0x0000000715a00000, 0x0000000715a00000|100%| E|CS|TAMS 0x0000000715800000| PB 0x0000000715800000| Complete |  0
|  77|0x0000000715a00000, 0x0000000715c00000, 0x0000000715c00000|100%| E|CS|TAMS 0x0000000715a00000| PB 0x0000000715a00000| Complete |  0
|  78|0x0000000715c00000, 0x0000000715e00000, 0x0000000715e00000|100%| E|CS|TAMS 0x0000000715c00000| PB 0x0000000715c00000| Complete |  0
|  79|0x0000000715e00000, 0x0000000716000000, 0x0000000716000000|100%| E|CS|TAMS 0x0000000715e00000| PB 0x0000000715e00000| Complete |  0
|  80|0x0000000716000000, 0x0000000716200000, 0x0000000716200000|100%| E|CS|TAMS 0x0000000716000000| PB 0x0000000716000000| Complete |  0
|  81|0x0000000716200000, 0x0000000716400000, 0x0000000716400000|100%| E|CS|TAMS 0x0000000716200000| PB 0x0000000716200000| Complete |  0
|  82|0x0000000716400000, 0x0000000716600000, 0x0000000716600000|100%| E|CS|TAMS 0x0000000716400000| PB 0x0000000716400000| Complete |  0
|  83|0x0000000716600000, 0x0000000716800000, 0x0000000716800000|100%| E|CS|TAMS 0x0000000716600000| PB 0x0000000716600000| Complete |  0
|  84|0x0000000716800000, 0x0000000716a00000, 0x0000000716a00000|100%| E|CS|TAMS 0x0000000716800000| PB 0x0000000716800000| Complete |  0
|  85|0x0000000716a00000, 0x0000000716c00000, 0x0000000716c00000|100%| E|CS|TAMS 0x0000000716a00000| PB 0x0000000716a00000| Complete |  0
|  86|0x0000000716c00000, 0x0000000716e00000, 0x0000000716e00000|100%| E|CS|TAMS 0x0000000716c00000| PB 0x0000000716c00000| Complete |  0
|  87|0x0000000716e00000, 0x0000000717000000, 0x0000000717000000|100%| E|CS|TAMS 0x0000000716e00000| PB 0x0000000716e00000| Complete |  0
|  88|0x0000000717000000, 0x0000000717200000, 0x0000000717200000|100%| E|CS|TAMS 0x0000000717000000| PB 0x0000000717000000| Complete |  0
|  89|0x0000000717200000, 0x0000000717400000, 0x0000000717400000|100%| E|CS|TAMS 0x0000000717200000| PB 0x0000000717200000| Complete |  0
|  90|0x0000000717400000, 0x0000000717600000, 0x0000000717600000|100%| E|CS|TAMS 0x0000000717400000| PB 0x0000000717400000| Complete |  0
|  91|0x0000000717600000, 0x0000000717800000, 0x0000000717800000|100%| E|CS|TAMS 0x0000000717600000| PB 0x0000000717600000| Complete |  0
|  92|0x0000000717800000, 0x0000000717a00000, 0x0000000717a00000|100%| E|CS|TAMS 0x0000000717800000| PB 0x0000000717800000| Complete |  0
|  93|0x0000000717a00000, 0x0000000717c00000, 0x0000000717c00000|100%| E|CS|TAMS 0x0000000717a00000| PB 0x0000000717a00000| Complete |  0
|  94|0x0000000717c00000, 0x0000000717e00000, 0x0000000717e00000|100%| E|CS|TAMS 0x0000000717c00000| PB 0x0000000717c00000| Complete |  0
|  95|0x0000000717e00000, 0x0000000718000000, 0x0000000718000000|100%| E|CS|TAMS 0x0000000717e00000| PB 0x0000000717e00000| Complete |  0
|  96|0x0000000718000000, 0x0000000718200000, 0x0000000718200000|100%| E|CS|TAMS 0x0000000718000000| PB 0x0000000718000000| Complete |  0
|  97|0x0000000718200000, 0x0000000718400000, 0x0000000718400000|100%| E|CS|TAMS 0x0000000718200000| PB 0x0000000718200000| Complete |  0
|  98|0x0000000718400000, 0x0000000718600000, 0x0000000718600000|100%| E|CS|TAMS 0x0000000718400000| PB 0x0000000718400000| Complete |  0
|  99|0x0000000718600000, 0x0000000718800000, 0x0000000718800000|100%| E|CS|TAMS 0x0000000718600000| PB 0x0000000718600000| Complete |  0
| 100|0x0000000718800000, 0x0000000718a00000, 0x0000000718a00000|100%| E|CS|TAMS 0x0000000718800000| PB 0x0000000718800000| Complete |  0
| 101|0x0000000718a00000, 0x0000000718c00000, 0x0000000718c00000|100%| E|CS|TAMS 0x0000000718a00000| PB 0x0000000718a00000| Complete |  0
| 102|0x0000000718c00000, 0x0000000718e00000, 0x0000000718e00000|100%| E|CS|TAMS 0x0000000718c00000| PB 0x0000000718c00000| Complete |  0
| 103|0x0000000718e00000, 0x0000000719000000, 0x0000000719000000|100%| E|CS|TAMS 0x0000000718e00000| PB 0x0000000718e00000| Complete |  0
| 104|0x0000000719000000, 0x0000000719200000, 0x0000000719200000|100%| E|CS|TAMS 0x0000000719000000| PB 0x0000000719000000| Complete |  0
| 105|0x0000000719200000, 0x0000000719400000, 0x0000000719400000|100%| E|CS|TAMS 0x0000000719200000| PB 0x0000000719200000| Complete |  0
| 106|0x0000000719400000, 0x0000000719600000, 0x0000000719600000|100%| E|CS|TAMS 0x0000000719400000| PB 0x0000000719400000| Complete |  0
| 107|0x0000000719600000, 0x0000000719800000, 0x0000000719800000|100%| E|CS|TAMS 0x0000000719600000| PB 0x0000000719600000| Complete |  0
| 108|0x0000000719800000, 0x0000000719a00000, 0x0000000719a00000|100%| E|CS|TAMS 0x0000000719800000| PB 0x0000000719800000| Complete |  0
| 109|0x0000000719a00000, 0x0000000719c00000, 0x0000000719c00000|100%| E|CS|TAMS 0x0000000719a00000| PB 0x0000000719a00000| Complete |  0
| 110|0x0000000719c00000, 0x0000000719e00000, 0x0000000719e00000|100%| E|CS|TAMS 0x0000000719c00000| PB 0x0000000719c00000| Complete |  0
| 111|0x0000000719e00000, 0x000000071a000000, 0x000000071a000000|100%| E|CS|TAMS 0x0000000719e00000| PB 0x0000000719e00000| Complete |  0
| 112|0x000000071a000000, 0x000000071a200000, 0x000000071a200000|100%| E|CS|TAMS 0x000000071a000000| PB 0x000000071a000000| Complete |  0
| 113|0x000000071a200000, 0x000000071a400000, 0x000000071a400000|100%| E|CS|TAMS 0x000000071a200000| PB 0x000000071a200000| Complete |  0
| 114|0x000000071a400000, 0x000000071a600000, 0x000000071a600000|100%| E|CS|TAMS 0x000000071a400000| PB 0x000000071a400000| Complete |  0
| 115|0x000000071a600000, 0x000000071a800000, 0x000000071a800000|100%| E|CS|TAMS 0x000000071a600000| PB 0x000000071a600000| Complete |  0
| 116|0x000000071a800000, 0x000000071aa00000, 0x000000071aa00000|100%| E|CS|TAMS 0x000000071a800000| PB 0x000000071a800000| Complete |  0
| 117|0x000000071aa00000, 0x000000071ac00000, 0x000000071ac00000|100%| E|CS|TAMS 0x000000071aa00000| PB 0x000000071aa00000| Complete |  0
| 118|0x000000071ac00000, 0x000000071ae00000, 0x000000071ae00000|100%| E|CS|TAMS 0x000000071ac00000| PB 0x000000071ac00000| Complete |  0
| 119|0x000000071ae00000, 0x000000071b000000, 0x000000071b000000|100%| E|CS|TAMS 0x000000071ae00000| PB 0x000000071ae00000| Complete |  0
| 120|0x000000071b000000, 0x000000071b200000, 0x000000071b200000|100%| E|CS|TAMS 0x000000071b000000| PB 0x000000071b000000| Complete |  0
| 121|0x000000071b200000, 0x000000071b400000, 0x000000071b400000|100%| E|CS|TAMS 0x000000071b200000| PB 0x000000071b200000| Complete |  0
|1951|0x00000007ffe00000, 0x00000007fff1c288, 0x0000000800000000| 55%| O|  |TAMS 0x00000007ffe00000| PB 0x00000007ffe00000| Untracked |  0

Card table byte_map: [0x0000020cb6fd0000,0x0000020cb7770000] _byte_map_base: 0x0000020cb3770000

Marking Bits: (CMBitMap*) 0x0000020c9e992a00
 Bits: [0x0000020cb7770000, 0x0000020cbb470000)

Polling page: 0x0000020c9e0f0000

Metaspace:

Usage:
  Non-class:      6.97 MB used.
      Class:    742.18 KB used.
       Both:      7.70 MB used.

Virtual space:
  Non-class space:       64.00 MB reserved,       7.12 MB ( 11%) committed,  1 nodes.
      Class space:        1.00 GB reserved,     832.00 KB ( <1%) committed,  1 nodes.
             Both:        1.06 GB reserved,       7.94 MB ( <1%) committed. 

Chunk freelists:
   Non-Class:  8.47 MB
       Class:  15.19 MB
        Both:  23.66 MB

MaxMetaspaceSize: unlimited
CompressedClassSpaceSize: 1.00 GB
Initial GC threshold: 21.00 MB
Current GC threshold: 21.00 MB
CDS: on
 - commit_granule_bytes: 65536.
 - commit_granule_words: 8192.
 - virtual_space_node_default_size: 8388608.
 - enlarge_chunks_in_place: 1.
UseCompressedClassPointers 1, UseCompactObjectHeaders 0
Narrow klass pointer bits 32, Max shift 3
Narrow klass base: 0x0000020cbf000000, Narrow klass shift: 0
Encoding Range: [0x0000020cbf000000 - 0x0000020dbf000000), (4294967296 bytes)
Klass Range:    [0x0000020cbf000000 - 0x0000020d00000000), (1090519040 bytes)
Klass ID Range:  [8 - 1090519033) (1090519025)


Internal statistics:

num_allocs_failed_limit: 0.
num_arena_births: 192.
num_arena_deaths: 0.
num_vsnodes_births: 2.
num_vsnodes_deaths: 0.
num_space_committed: 127.
num_space_uncommitted: 0.
num_chunks_returned_to_freelist: 0.
num_chunks_taken_from_freelist: 253.
num_chunk_merges: 0.
num_chunk_splits: 151.
num_chunks_enlarged: 62.
num_inconsistent_stats: 0.

CodeHeap 'non-profiled nmethods': size=120064Kb used=807Kb max_used=807Kb free=119257Kb
 bounds [0x0000020caec90000, 0x0000020caef00000, 0x0000020cb61d0000]
CodeHeap 'profiled nmethods': size=120000Kb used=2730Kb max_used=2730Kb free=117269Kb
 bounds [0x0000020ca71d0000, 0x0000020ca7480000, 0x0000020cae700000]
CodeHeap 'non-nmethods': size=5696Kb used=1332Kb max_used=1392Kb free=4363Kb
 bounds [0x0000020cae700000, 0x0000020cae970000, 0x0000020caec90000]
CodeCache: size=245760Kb, used=4869Kb, max_used=4929Kb, free=240889Kb
 total_blobs=2555, nmethods=2057, adapters=403, full_count=0
Compilation: enabled, stopped_count=0, restarted_count=0

Compilation events (20 events):
Event: 5.071 Thread 0x0000020cbe15ec60 nmethod 2046 0x0000020ca7474e08 code [0x0000020ca7474f60, 0x0000020ca7475340]
Event: 5.071 Thread 0x0000020cbe15ec60 2045       3       java.util.Comparator$$Lambda/0x0000020cc00a6590::compare (10 bytes)
Event: 5.072 Thread 0x0000020cbe15ec60 nmethod 2045 0x0000020ca7475388 code [0x0000020ca74754e0, 0x0000020ca7475958]
Event: 5.072 Thread 0x0000020d047d6b20 nmethod 2025 0x0000020caed58e88 code [0x0000020caed58fa0, 0x0000020caed594a0]
Event: 5.114 Thread 0x0000020d047d6b20 2047       4       java.lang.System$1::countPositives (7 bytes)
Event: 5.115 Thread 0x0000020cbe15ec60 2049       3       java.io.ClassCache::processQueue (32 bytes)
Event: 5.115 Thread 0x0000020d047d6b20 nmethod 2047 0x0000020caed59908 code [0x0000020caed59a00, 0x0000020caed59b98]
Event: 5.115 Thread 0x0000020cbe15ec60 nmethod 2049 0x0000020ca7475988 code [0x0000020ca7475b00, 0x0000020ca7476088]
Event: 5.115 Thread 0x0000020cbe15ec60 2050       3       java.lang.ClassValue::get (31 bytes)
Event: 5.116 Thread 0x0000020cbe15ec60 nmethod 2050 0x0000020ca7476108 code [0x0000020ca74762c0, 0x0000020ca7476bd8]
Event: 5.116 Thread 0x0000020cbe15ec60 2051       3       java.lang.ClassValue::getCacheCarefully (20 bytes)
Event: 5.116 Thread 0x0000020cbe15ec60 nmethod 2051 0x0000020ca7476c88 code [0x0000020ca7476da0, 0x0000020ca7476f28]
Event: 5.116 Thread 0x0000020cbe15ec60 2052       3       jdk.internal.misc.Unsafe::convEndian (16 bytes)
Event: 5.116 Thread 0x0000020cbe15ec60 nmethod 2052 0x0000020ca7476f88 code [0x0000020ca74770a0, 0x0000020ca74771f8]
Event: 5.116 Thread 0x0000020cbe15ec60 2053       3       java.lang.Long::reverseBytes (46 bytes)
Event: 5.116 Thread 0x0000020cbe15ec60 nmethod 2053 0x0000020ca7477288 code [0x0000020ca74773a0, 0x0000020ca74774f0]
Event: 5.116 Thread 0x0000020cbe15ec60 2054       3       sun.util.logging.internal.LoggingProviderImpl$JULWrapper::toJUL (40 bytes)
Event: 5.117 Thread 0x0000020cbe15ec60 nmethod 2054 0x0000020ca7477588 code [0x0000020ca74776a0, 0x0000020ca74778c8]
Event: 5.117 Thread 0x0000020cbe15ec60 2057       3       java.io.ObjectOutputStream$BlockDataOutputStream::writeUTFInternal (93 bytes)
Event: 5.120 Thread 0x0000020cbe15ec60 nmethod 2057 0x0000020ca7477908 code [0x0000020ca7477b80, 0x0000020ca7479250]

GC Heap History (8 events):
Event: 0.473 GC heap before
{Heap before GC invocations=0 (full 0):
 garbage-first heap   total reserved 3997696K, committed 251904K, used 50288K [0x000000070c000000, 0x0000000800000000)
  region size 2048K, 24 young (49152K), 0 survivors (0K)
 Metaspace       used 6426K, committed 6656K, reserved 1114112K
  class space    used 592K, committed 704K, reserved 1048576K
}
Event: 0.476 GC heap after
{Heap after GC invocations=1 (full 0):
 garbage-first heap   total reserved 3997696K, committed 251904K, used 3888K [0x000000070c000000, 0x0000000800000000)
  region size 2048K, 2 young (4096K), 2 survivors (4096K)
 Metaspace       used 6426K, committed 6656K, reserved 1114112K
  class space    used 592K, committed 704K, reserved 1048576K
}
Event: 1.581 GC heap before
{Heap before GC invocations=1 (full 0):
 garbage-first heap   total reserved 3997696K, committed 251904K, used 114480K [0x000000070c000000, 0x0000000800000000)
  region size 2048K, 56 young (114688K), 2 survivors (4096K)
 Metaspace       used 6469K, committed 6720K, reserved 1114112K
  class space    used 597K, committed 704K, reserved 1048576K
}
Event: 1.583 GC heap after
{Heap after GC invocations=2 (full 0):
 garbage-first heap   total reserved 3997696K, committed 251904K, used 4133K [0x000000070c000000, 0x0000000800000000)
  region size 2048K, 2 young (4096K), 2 survivors (4096K)
 Metaspace       used 6469K, committed 6720K, reserved 1114112K
  class space    used 597K, committed 704K, reserved 1048576K
}
Event: 2.697 GC heap before
{Heap before GC invocations=2 (full 0):
 garbage-first heap   total reserved 3997696K, committed 251904K, used 131109K [0x000000070c000000, 0x0000000800000000)
  region size 2048K, 64 young (131072K), 2 survivors (4096K)
 Metaspace       used 6476K, committed 6720K, reserved 1114112K
  class space    used 597K, committed 704K, reserved 1048576K
}
Event: 2.699 GC heap after
{Heap after GC invocations=3 (full 0):
 garbage-first heap   total reserved 3997696K, committed 251904K, used 3977K [0x000000070c000000, 0x0000000800000000)
  region size 2048K, 2 young (4096K), 2 survivors (4096K)
 Metaspace       used 6476K, committed 6720K, reserved 1114112K
  class space    used 597K, committed 704K, reserved 1048576K
}
Event: 3.990 GC heap before
{Heap before GC invocations=3 (full 0):
 garbage-first heap   total reserved 3997696K, committed 251904K, used 147337K [0x000000070c000000, 0x0000000800000000)
  region size 2048K, 72 young (147456K), 2 survivors (4096K)
 Metaspace       used 6499K, committed 6720K, reserved 1114112K
  class space    used 597K, committed 704K, reserved 1048576K
}
Event: 3.992 GC heap after
{Heap after GC invocations=4 (full 0):
 garbage-first heap   total reserved 3997696K, committed 251904K, used 4022K [0x000000070c000000, 0x0000000800000000)
  region size 2048K, 2 young (4096K), 2 survivors (4096K)
 Metaspace       used 6499K, committed 6720K, reserved 1114112K
  class space    used 597K, committed 704K, reserved 1048576K
}

Dll operation events (12 events):
Event: 0.007 Loaded shared library C:\Users\choko\.jdks\openjdk-24.0.1\bin\java.dll
Event: 0.026 Loaded shared library C:\Users\choko\.jdks\openjdk-24.0.1\bin\jsvml.dll
Event: 0.054 Loaded shared library C:\Users\choko\.jdks\openjdk-24.0.1\bin\zip.dll
Event: 0.056 Loaded shared library C:\Users\choko\.jdks\openjdk-24.0.1\bin\instrument.dll
Event: 0.059 Loaded shared library C:\Users\choko\.jdks\openjdk-24.0.1\bin\net.dll
Event: 0.061 Loaded shared library C:\Users\choko\.jdks\openjdk-24.0.1\bin\nio.dll
Event: 0.064 Loaded shared library C:\Users\choko\.jdks\openjdk-24.0.1\bin\zip.dll
Event: 0.079 Loaded shared library C:\Users\choko\.jdks\openjdk-24.0.1\bin\extnet.dll
Event: 0.081 Loaded shared library C:\Users\choko\.jdks\openjdk-24.0.1\bin\jimage.dll
Event: 0.135 Loaded shared library C:\Users\choko\.jdks\openjdk-24.0.1\bin\management.dll
Event: 0.143 Loaded shared library C:\Users\choko\.jdks\openjdk-24.0.1\bin\management_ext.dll
Event: 4.906 Loaded shared library C:\Users\choko\AppData\Local\Temp\idea_libasyncProfiler_dll_temp_folder10574\libasyncProfiler.dll

Deoptimization events (20 events):
Event: 5.115 Thread 0x0000020d04177570 Uncommon trap: trap_request=0xffffffde fr.pc=0x0000020caed4d478 relative=0x00000000000000d8
Event: 5.115 Thread 0x0000020d04177570 Uncommon trap: reason=class_check action=maybe_recompile pc=0x0000020caed4d478 method=java.util.Collections$UnmodifiableCollection$1.next()Ljava/lang/Object; @ 4 c2
Event: 5.115 Thread 0x0000020d04177570 DEOPT PACKING pc=0x0000020caed4d478 sp=0x000000e393bfe0e0
Event: 5.115 Thread 0x0000020d04177570 DEOPT UNPACKING pc=0x0000020cae816782 sp=0x000000e393bfe080 mode 2
Event: 5.115 Thread 0x0000020d04177570 Uncommon trap: trap_request=0xffffffde fr.pc=0x0000020caed4b494 relative=0x0000000000000074
Event: 5.115 Thread 0x0000020d04177570 Uncommon trap: reason=class_check action=maybe_recompile pc=0x0000020caed4b494 method=java.util.Collections$UnmodifiableCollection$1.hasNext()Z @ 4 c2
Event: 5.115 Thread 0x0000020d04177570 DEOPT PACKING pc=0x0000020caed4b494 sp=0x000000e393bfe0f0
Event: 5.115 Thread 0x0000020d04177570 DEOPT UNPACKING pc=0x0000020cae816782 sp=0x000000e393bfe080 mode 2
Event: 5.115 Thread 0x0000020d04177570 Uncommon trap: trap_request=0xffffffde fr.pc=0x0000020caed4d478 relative=0x00000000000000d8
Event: 5.115 Thread 0x0000020d04177570 Uncommon trap: reason=class_check action=maybe_recompile pc=0x0000020caed4d478 method=java.util.Collections$UnmodifiableCollection$1.next()Ljava/lang/Object; @ 4 c2
Event: 5.115 Thread 0x0000020d04177570 DEOPT PACKING pc=0x0000020caed4d478 sp=0x000000e393bfe0e0
Event: 5.115 Thread 0x0000020d04177570 DEOPT UNPACKING pc=0x0000020cae816782 sp=0x000000e393bfe080 mode 2
Event: 5.115 Thread 0x0000020d04177570 Uncommon trap: trap_request=0xffffffde fr.pc=0x0000020caed4b494 relative=0x0000000000000074
Event: 5.115 Thread 0x0000020d04177570 Uncommon trap: reason=class_check action=maybe_recompile pc=0x0000020caed4b494 method=java.util.Collections$UnmodifiableCollection$1.hasNext()Z @ 4 c2
Event: 5.115 Thread 0x0000020d04177570 DEOPT PACKING pc=0x0000020caed4b494 sp=0x000000e393bfe0f0
Event: 5.115 Thread 0x0000020d04177570 DEOPT UNPACKING pc=0x0000020cae816782 sp=0x000000e393bfe080 mode 2
Event: 5.115 Thread 0x0000020d04177570 Uncommon trap: trap_request=0xffffffde fr.pc=0x0000020caed4d478 relative=0x00000000000000d8
Event: 5.115 Thread 0x0000020d04177570 Uncommon trap: reason=class_check action=maybe_recompile pc=0x0000020caed4d478 method=java.util.Collections$UnmodifiableCollection$1.next()Ljava/lang/Object; @ 4 c2
Event: 5.115 Thread 0x0000020d04177570 DEOPT PACKING pc=0x0000020caed4d478 sp=0x000000e393bfe0e0
Event: 5.115 Thread 0x0000020d04177570 DEOPT UNPACKING pc=0x0000020cae816782 sp=0x000000e393bfe080 mode 2

Classes loaded (20 events):
Event: 5.044 Loading class jdk/jfr/internal/MetadataWriter
Event: 5.044 Loading class jdk/jfr/internal/MetadataWriter done
Event: 5.044 Loading class jdk/jfr/internal/MetadataDescriptor$Element
Event: 5.044 Loading class jdk/jfr/internal/MetadataDescriptor$Element done
Event: 5.045 Loading class jdk/jfr/internal/MetadataDescriptor$Attribute
Event: 5.045 Loading class jdk/jfr/internal/MetadataDescriptor$Attribute done
Event: 5.052 Loading class jdk/jfr/internal/consumer/StringParser$Encoding
Event: 5.052 Loading class jdk/jfr/internal/consumer/StringParser$Encoding done
Event: 5.061 Loading class jdk/jfr/internal/consumer/RepositoryFiles
Event: 5.061 Loading class jdk/jfr/internal/consumer/RepositoryFiles done
Event: 5.064 Loading class jdk/jfr/internal/SettingsManager$InternalSetting
Event: 5.064 Loading class jdk/jfr/internal/SettingsManager$InternalSetting done
Event: 5.066 Loading class jdk/jfr/internal/util/Rate
Event: 5.066 Loading class jdk/jfr/internal/util/Rate done
Event: 5.066 Loading class jdk/jfr/internal/util/TimespanUnit
Event: 5.066 Loading class jdk/jfr/internal/util/TimespanUnit done
Event: 5.066 Loading class jdk/jfr/internal/util/ValueParser
Event: 5.066 Loading class jdk/jfr/internal/util/ValueParser done
Event: 5.067 Loading class jdk/jfr/internal/periodic/PeriodicType
Event: 5.067 Loading class jdk/jfr/internal/periodic/PeriodicType done

Classes unloaded (0 events):
No events

Classes redefined (0 events):
No events

Internal exceptions (20 events):
Event: 0.409 Thread 0x0000020d04177570 Exception <a 'java/lang/NoSuchMethodError'{0x0000000718fa4ea8}: 'int java.lang.invoke.DelegatingMethodHandle$Holder.reinvoke_L(java.lang.Object, java.lang.Object, java.lang.Object, java.lang.Object, java.lang.Object)'> (0x0000000718fa4ea8) 
thrown [s\open\src\hotspot\share\interpreter\linkResolver.cpp, line 805]
Event: 0.414 Thread 0x0000020d04177570 Exception <a 'java/lang/NoSuchMethodError'{0x0000000718fe8278}: 'java.lang.Object java.lang.invoke.DirectMethodHandle$Holder.invokeStatic(java.lang.Object, java.lang.Object, java.lang.Object, java.lang.Object, java.lang.Object, java.lang.Object, java.lang.Object, java.lang.Object)'> (0x0000000718fe8278) 
thrown [s\open\src\hotspot\share\interpreter\linkResolver.cpp, line 805]
Event: 0.419 Thread 0x0000020d04177570 Exception <a 'java/lang/NoSuchMethodError'{0x0000000718917dd8}: 'java.lang.Object java.lang.invoke.DirectMethodHandle$Holder.invokeStatic(java.lang.Object, java.lang.Object, java.lang.Object, java.lang.Object, java.lang.Object, java.lang.Object, java.lang.Object, java.lang.Object, java.lang.Object)'> (0x0000000718917dd8) 
thrown [s\open\src\hotspot\share\interpreter\linkResolver.cpp, line 805]
Event: 0.421 Thread 0x0000020d04177570 Exception <a 'java/lang/NoSuchMethodError'{0x000000071892b288}: 'java.lang.Object java.lang.invoke.Invokers$Holder.invokeExact_MT(java.lang.Object, java.lang.Object, java.lang.Object, java.lang.Object, java.lang.Object, java.lang.Object)'> (0x000000071892b288) 
thrown [s\open\src\hotspot\share\interpreter\linkResolver.cpp, line 805]
Event: 0.424 Thread 0x0000020d04177570 Exception <a 'java/lang/NoSuchMethodError'{0x0000000718936fc8}: 'java.lang.Object java.lang.invoke.DirectMethodHandle$Holder.invokeInterface(java.lang.Object, java.lang.Object, java.lang.Object, java.lang.Object, java.lang.Object)'> (0x0000000718936fc8) 
thrown [s\open\src\hotspot\share\interpreter\linkResolver.cpp, line 805]
Event: 0.428 Thread 0x0000020d04177570 Exception <a 'java/lang/NoSuchMethodError'{0x00000007189819d0}: 'double java.lang.invoke.DirectMethodHandle$Holder.invokeInterface(java.lang.Object, java.lang.Object)'> (0x00000007189819d0) 
thrown [s\open\src\hotspot\share\interpreter\linkResolver.cpp, line 805]
Event: 0.429 Thread 0x0000020d04177570 Exception <a 'java/lang/NoSuchMethodError'{0x0000000718992640}: 'double java.lang.invoke.DelegatingMethodHandle$Holder.reinvoke_L(java.lang.Object, java.lang.Object)'> (0x0000000718992640) 
thrown [s\open\src\hotspot\share\interpreter\linkResolver.cpp, line 805]
Event: 0.889 Thread 0x0000020d04177570 Exception <a 'java/lang/NoSuchMethodError'{0x0000000718d7d0a8}: 'long java.lang.invoke.DirectMethodHandle$Holder.invokeVirtual(java.lang.Object, java.lang.Object)'> (0x0000000718d7d0a8) 
thrown [s\open\src\hotspot\share\interpreter\linkResolver.cpp, line 805]
Event: 0.889 Thread 0x0000020d04177570 Exception <a 'java/lang/NoSuchMethodError'{0x0000000718d85398}: 'java.lang.Object java.lang.invoke.DirectMethodHandle$Holder.invokeStatic(java.lang.Object, long)'> (0x0000000718d85398) 
thrown [s\open\src\hotspot\share\interpreter\linkResolver.cpp, line 805]
Event: 0.890 Thread 0x0000020d04177570 Exception <a 'java/lang/NoSuchMethodError'{0x0000000718d95440}: 'long java.lang.invoke.DelegatingMethodHandle$Holder.reinvoke_L(java.lang.Object, java.lang.Object)'> (0x0000000718d95440) 
thrown [s\open\src\hotspot\share\interpreter\linkResolver.cpp, line 805]
Event: 4.932 Thread 0x0000020cbe14ae10 Exception <a 'java/lang/NoSuchMethodError'{0x00000007150b6220}: 'void java.lang.invoke.DirectMethodHandle$Holder.invokeStaticInit(java.lang.Object)'> (0x00000007150b6220) 
thrown [s\open\src\hotspot\share\interpreter\linkResolver.cpp, line 805]
Event: 4.939 Thread 0x0000020cbe14ae10 Exception <a 'java/lang/NoSuchMethodError'{0x0000000714f168a0}: 'java.lang.Object java.lang.invoke.DirectMethodHandle$Holder.newInvokeSpecial(java.lang.Object, java.lang.Object, java.lang.Object, java.lang.Object, java.lang.Object)'> (0x0000000714f168a0) 
thrown [s\open\src\hotspot\share\interpreter\linkResolver.cpp, line 805]
Event: 4.968 Thread 0x0000020cbe14ae10 Exception <a 'java/lang/NoSuchMethodError'{0x0000000714aab5a0}: 'int java.lang.invoke.DirectMethodHandle$Holder.invokeStatic(java.lang.Object, java.lang.Object, java.lang.Object, java.lang.Object)'> (0x0000000714aab5a0) 
thrown [s\open\src\hotspot\share\interpreter\linkResolver.cpp, line 805]
Event: 5.032 Thread 0x0000020cbe14ae10 Exception <a 'java/lang/NoSuchMethodError'{0x00000007143b6790}: 'void java.lang.invoke.DirectMethodHandle$Holder.invokeSpecial(java.lang.Object, java.lang.Object, int)'> (0x00000007143b6790) 
thrown [s\open\src\hotspot\share\interpreter\linkResolver.cpp, line 805]
Event: 5.032 Thread 0x0000020cbe14ae10 Exception <a 'java/lang/NoSuchMethodError'{0x00000007143be3b0}: 'void java.lang.invoke.Invokers$Holder.invokeExact_MT(java.lang.Object, int, java.lang.Object)'> (0x00000007143be3b0) 
thrown [s\open\src\hotspot\share\interpreter\linkResolver.cpp, line 805]
Event: 5.034 Thread 0x0000020cbe14ae10 Exception <a 'java/lang/NoSuchMethodError'{0x00000007143d8b90}: 'void java.lang.invoke.DirectMethodHandle$Holder.invokeStatic(java.lang.Object, java.lang.Object, int)'> (0x00000007143d8b90) 
thrown [s\open\src\hotspot\share\interpreter\linkResolver.cpp, line 805]
Event: 5.034 Thread 0x0000020cbe14ae10 Exception <a 'java/lang/NoSuchMethodError'{0x00000007143e7a98}: 'java.lang.Object java.lang.invoke.DirectMethodHandle$Holder.newInvokeSpecial(java.lang.Object, java.lang.Object, int)'> (0x00000007143e7a98) 
thrown [s\open\src\hotspot\share\interpreter\linkResolver.cpp, line 805]
Event: 5.037 Thread 0x0000020cbe14ae10 Exception <a 'sun/nio/fs/WindowsException'{0x0000000713ed28a0}> (0x0000000713ed28a0) 
thrown [s\open\src\hotspot\share\prims\jni.cpp, line 518]
Event: 5.039 Thread 0x0000020cbe14ae10 Exception <a 'sun/nio/fs/WindowsException'{0x0000000713edf678}> (0x0000000713edf678) 
thrown [s\open\src\hotspot\share\prims\jni.cpp, line 518]
Event: 5.042 Thread 0x0000020cbe14ae10 Exception <a 'sun/nio/fs/WindowsException'{0x0000000713ef1400}> (0x0000000713ef1400) 
thrown [s\open\src\hotspot\share\prims\jni.cpp, line 518]

VM Operations (20 events):
Event: 0.301 Executing VM operation: HandshakeAllThreads (Deoptimize)
Event: 0.301 Executing VM operation: HandshakeAllThreads (Deoptimize) done
Event: 0.353 Executing VM operation: HandshakeAllThreads (Deoptimize)
Event: 0.353 Executing VM operation: HandshakeAllThreads (Deoptimize) done
Event: 0.398 Executing VM operation: HandshakeAllThreads (Deoptimize)
Event: 0.398 Executing VM operation: HandshakeAllThreads (Deoptimize) done
Event: 0.473 Executing VM operation: G1CollectForAllocation (G1 Evacuation Pause)
Event: 0.476 Executing VM operation: G1CollectForAllocation (G1 Evacuation Pause) done
Event: 0.886 Executing VM operation: HandshakeAllThreads (Deoptimize)
Event: 0.886 Executing VM operation: HandshakeAllThreads (Deoptimize) done
Event: 1.581 Executing VM operation: G1CollectForAllocation (G1 Evacuation Pause)
Event: 1.583 Executing VM operation: G1CollectForAllocation (G1 Evacuation Pause) done
Event: 2.697 Executing VM operation: G1CollectForAllocation (G1 Evacuation Pause)
Event: 2.699 Executing VM operation: G1CollectForAllocation (G1 Evacuation Pause) done
Event: 3.990 Executing VM operation: G1CollectForAllocation (G1 Evacuation Pause)
Event: 3.992 Executing VM operation: G1CollectForAllocation (G1 Evacuation Pause) done
Event: 5.035 Executing VM operation: HandshakeAllThreads (Deoptimize)
Event: 5.035 Executing VM operation: HandshakeAllThreads (Deoptimize) done
Event: 5.061 Executing VM operation: JFRSafepointClear
Event: 5.061 Executing VM operation: JFRSafepointClear done

Memory protections (0 events):
No events

Nmethod flushes (0 events):
No events

Events (20 events):
Event: 0.058 Thread 0x0000020c9e92b070 Thread added: 0x0000020cbe3f27b0
Event: 0.071 Thread 0x0000020c9e92b070 Thread added: 0x0000020cbe36f050
Event: 0.071 Thread 0x0000020c9e92b070 Thread added: 0x0000020cbe36f790
Event: 0.095 Thread 0x0000020cbe15ec60 Thread added: 0x0000020cbe44a150
Event: 0.100 Thread 0x0000020cbe15ec60 Thread added: 0x0000020cbe505660
Event: 0.359 Thread 0x0000020cbe14ae10 Thread added: 0x0000020d041fc400
Event: 0.373 Thread 0x0000020d041fc400 Thread added: 0x0000020d04177570
Event: 0.385 Thread 0x0000020d04177570 Thread added: 0x0000020cbe6c7740
Event: 0.397 Thread 0x0000020d04177570 Thread added: 0x0000020cbe6c7e80
Event: 0.850 Thread 0x0000020d041fc400 Thread added: 0x0000020d042717f0
Event: 0.850 Thread 0x0000020cbe505660 Thread exited: 0x0000020cbe505660
Event: 0.886 Thread 0x0000020cbe44a150 Thread exited: 0x0000020cbe44a150
Event: 0.887 Thread 0x0000020cbe15ec60 Thread added: 0x0000020cbe44a150
Event: 0.889 Thread 0x0000020cbe15ec60 Thread added: 0x0000020d042da910
Event: 1.902 Thread 0x0000020d042da910 Thread exited: 0x0000020d042da910
Event: 1.902 Thread 0x0000020cbe44a150 Thread exited: 0x0000020cbe44a150
Event: 4.915 Thread 0x0000020cbe15ec60 Thread added: 0x0000020d047d6390
Event: 4.915 Thread 0x0000020cbe15ec60 Thread added: 0x0000020d047d6b20
Event: 4.927 Thread 0x0000020cbe14ae10 Thread added: 0x0000020d0426fab0
Event: 5.035 Thread 0x0000020cbe14ae10 Thread added: 0x0000020d04272de0


Dynamic libraries:
0x00007ff6377a0000 - 0x00007ff6377ae000 	C:\Users\choko\.jdks\openjdk-24.0.1\bin\java.exe
0x00007ffb04d40000 - 0x00007ffb04fa6000 	C:\WINDOWS\SYSTEM32\ntdll.dll
0x00007ffb04400000 - 0x00007ffb044c9000 	C:\WINDOWS\System32\KERNEL32.DLL
0x00007ffb01f00000 - 0x00007ffb022cc000 	C:\WINDOWS\System32\KERNELBASE.dll
0x00007ffb022d0000 - 0x00007ffb0241b000 	C:\WINDOWS\System32\ucrtbase.dll
0x00007ffaf8460000 - 0x00007ffaf8476000 	C:\Users\choko\.jdks\openjdk-24.0.1\bin\jli.dll
0x00007ffaf00a0000 - 0x00007ffaf00bb000 	C:\Users\choko\.jdks\openjdk-24.0.1\bin\VCRUNTIME140.dll
0x00007ffb03d60000 - 0x00007ffb03f2a000 	C:\WINDOWS\System32\USER32.dll
0x00007ffb01ed0000 - 0x00007ffb01ef7000 	C:\WINDOWS\System32\win32u.dll
0x00007ffaef560000 - 0x00007ffaef7fa000 	C:\WINDOWS\WinSxS\amd64_microsoft.windows.common-controls_6595b64144ccf1df_6.0.26100.3912_none_3e07963ce335137e\COMCTL32.dll
0x00007ffb04a80000 - 0x00007ffb04aab000 	C:\WINDOWS\System32\GDI32.dll
0x00007ffb041c0000 - 0x00007ffb04269000 	C:\WINDOWS\System32\msvcrt.dll
0x00007ffb024d0000 - 0x00007ffb02602000 	C:\WINDOWS\System32\gdi32full.dll
0x00007ffb02420000 - 0x00007ffb024c3000 	C:\WINDOWS\System32\msvcp_win.dll
0x00007ffb045b0000 - 0x00007ffb045e0000 	C:\WINDOWS\System32\IMM32.DLL
0x00007ffafcdc0000 - 0x00007ffafcdcc000 	C:\Users\choko\.jdks\openjdk-24.0.1\bin\vcruntime140_1.dll
0x00007ffaede80000 - 0x00007ffaedf0e000 	C:\Users\choko\.jdks\openjdk-24.0.1\bin\msvcp140.dll
0x00007ffa76190000 - 0x00007ffa76f32000 	C:\Users\choko\.jdks\openjdk-24.0.1\bin\server\jvm.dll
0x00007ffb044e0000 - 0x00007ffb04592000 	C:\WINDOWS\System32\ADVAPI32.dll
0x00007ffb04b60000 - 0x00007ffb04c06000 	C:\WINDOWS\System32\sechost.dll
0x00007ffb040a0000 - 0x00007ffb041b6000 	C:\WINDOWS\System32\RPCRT4.dll
0x00007ffb04c80000 - 0x00007ffb04cf4000 	C:\WINDOWS\System32\WS2_32.dll
0x00007ffb01d40000 - 0x00007ffb01d9e000 	C:\WINDOWS\SYSTEM32\POWRPROF.dll
0x00007ffaf8240000 - 0x00007ffaf8276000 	C:\WINDOWS\SYSTEM32\WINMM.dll
0x00007ffafb520000 - 0x00007ffafb52b000 	C:\WINDOWS\SYSTEM32\VERSION.dll
0x00007ffb01d00000 - 0x00007ffb01d14000 	C:\WINDOWS\SYSTEM32\UMPDC.dll
0x00007ffb00c90000 - 0x00007ffb00caa000 	C:\WINDOWS\SYSTEM32\kernel.appcore.dll
0x00007ffafba10000 - 0x00007ffafba1a000 	C:\Users\choko\.jdks\openjdk-24.0.1\bin\jimage.dll
0x00007ffaff6c0000 - 0x00007ffaff901000 	C:\WINDOWS\SYSTEM32\DBGHELP.DLL
0x00007ffb046f0000 - 0x00007ffb04a74000 	C:\WINDOWS\System32\combase.dll
0x00007ffb04270000 - 0x00007ffb04350000 	C:\WINDOWS\System32\OLEAUT32.dll
0x00007ffadb1a0000 - 0x00007ffadb1d9000 	C:\WINDOWS\SYSTEM32\dbgcore.DLL
0x00007ffb02a60000 - 0x00007ffb02af9000 	C:\WINDOWS\System32\bcryptPrimitives.dll
0x00007ffaf0090000 - 0x00007ffaf009f000 	C:\Users\choko\.jdks\openjdk-24.0.1\bin\instrument.dll
0x00007ffaf0060000 - 0x00007ffaf007e000 	C:\Users\choko\.jdks\openjdk-24.0.1\bin\java.dll
0x00007ffb03330000 - 0x00007ffb034cf000 	C:\WINDOWS\System32\ole32.dll
0x00007ffb02b00000 - 0x00007ffb0322d000 	C:\WINDOWS\System32\SHELL32.dll
0x00007ffb026d0000 - 0x00007ffb02844000 	C:\WINDOWS\System32\wintypes.dll
0x00007ffaffb60000 - 0x00007ffb003b6000 	C:\WINDOWS\SYSTEM32\windows.storage.dll
0x00007ffb03230000 - 0x00007ffb0331f000 	C:\WINDOWS\System32\SHCORE.dll
0x00007ffb03be0000 - 0x00007ffb03c49000 	C:\WINDOWS\System32\shlwapi.dll
0x00007ffb01de0000 - 0x00007ffb01e0f000 	C:\WINDOWS\SYSTEM32\profapi.dll
0x00007ffadd4a0000 - 0x00007ffadd577000 	C:\Users\choko\.jdks\openjdk-24.0.1\bin\jsvml.dll
0x00007ffae5720000 - 0x00007ffae5737000 	C:\Users\choko\.jdks\openjdk-24.0.1\bin\zip.dll
0x00007ffaede70000 - 0x00007ffaede80000 	C:\Users\choko\.jdks\openjdk-24.0.1\bin\net.dll
0x00007ffb01200000 - 0x00007ffb0126a000 	C:\WINDOWS\system32\mswsock.dll
0x00007ffaea650000 - 0x00007ffaea666000 	C:\Users\choko\.jdks\openjdk-24.0.1\bin\nio.dll
0x00007ffaede60000 - 0x00007ffaede69000 	C:\Users\choko\.jdks\openjdk-24.0.1\bin\extnet.dll
0x00007ffb007c0000 - 0x00007ffb008e7000 	C:\WINDOWS\SYSTEM32\DNSAPI.dll
0x00007ffb006d0000 - 0x00007ffb00703000 	C:\WINDOWS\SYSTEM32\IPHLPAPI.DLL
0x00007ffb045a0000 - 0x00007ffb045aa000 	C:\WINDOWS\System32\NSI.dll
0x00007ffafb530000 - 0x00007ffafb53b000 	C:\Windows\System32\rasadhlp.dll
0x00007ffafbc30000 - 0x00007ffafbcb6000 	C:\WINDOWS\System32\fwpuclnt.dll
0x00007ffae8520000 - 0x00007ffae852a000 	C:\Users\choko\.jdks\openjdk-24.0.1\bin\management.dll
0x00007ffae8340000 - 0x00007ffae834b000 	C:\Users\choko\.jdks\openjdk-24.0.1\bin\management_ext.dll
0x00007ffb04c70000 - 0x00007ffb04c78000 	C:\WINDOWS\System32\PSAPI.DLL
0x00007ffb014a0000 - 0x00007ffb014bc000 	C:\WINDOWS\SYSTEM32\CRYPTSP.dll
0x00007ffb00bf0000 - 0x00007ffb00c2a000 	C:\WINDOWS\system32\rsaenh.dll
0x00007ffb012a0000 - 0x00007ffb012cb000 	C:\WINDOWS\SYSTEM32\USERENV.dll
0x00007ffb01db0000 - 0x00007ffb01dd6000 	C:\WINDOWS\SYSTEM32\bcrypt.dll
0x00007ffb014c0000 - 0x00007ffb014cc000 	C:\WINDOWS\SYSTEM32\CRYPTBASE.dll
0x00007ffad9cd0000 - 0x00007ffad9ce8000 	C:\WINDOWS\system32\napinsp.dll
0x00007ffada0d0000 - 0x00007ffada0e2000 	C:\WINDOWS\System32\winrnr.dll
0x00007ffad9d80000 - 0x00007ffad9db0000 	C:\WINDOWS\system32\nlansp_c.dll
0x00007ffaf9300000 - 0x00007ffaf9320000 	C:\WINDOWS\system32\wshbth.dll
0x00007ffaebfe0000 - 0x00007ffaec02e000 	C:\WINDOWS\SYSTEM32\pdh.dll
0x00007ffafa280000 - 0x00007ffafa292000 	C:\WINDOWS\System32\perfproc.dll
0x00007ffaddf30000 - 0x00007ffaddf41000 	C:\WINDOWS\System32\perfos.dll
0x00007ffb003e0000 - 0x00007ffb003f2000 	C:\WINDOWS\SYSTEM32\pfclient.dll
0x00007ffa786c0000 - 0x00007ffa788b8000 	C:\Users\choko\AppData\Local\Temp\idea_libasyncProfiler_dll_temp_folder10574\libasyncProfiler.dll

JVMTI agents:
C:\Program Files\JetBrains\IntelliJ IDEA 2025.1\lib\idea_rt.jar path:C:\Users\choko\.jdks\openjdk-24.0.1\bin\instrument.dll, loaded, initialized, instrumentlib options:56489

dbghelp: loaded successfully - version: 4.0.5 - missing functions: none
symbol engine: initialized successfully - sym options: 0x614 - pdb path: .;C:\Users\choko\.jdks\openjdk-24.0.1\bin;C:\WINDOWS\SYSTEM32;C:\WINDOWS\WinSxS\amd64_microsoft.windows.common-controls_6595b64144ccf1df_6.0.26100.3912_none_3e07963ce335137e;C:\Users\choko\.jdks\openjdk-24.0.1\bin\server;C:\Users\choko\AppData\Local\Temp\idea_libasyncProfiler_dll_temp_folder10574

VM Arguments:
jvm_args: -javaagent:C:\Program Files\JetBrains\IntelliJ IDEA 2025.1\lib\idea_rt.jar=56489 -Dfile.encoding=UTF-8 -Dsun.stdout.encoding=UTF-8 -Dsun.stderr.encoding=UTF-8 
java_command: org.example.Main
java_class_path (initial): C:\Users\choko\IdeaProjects\SeaBattle2.0\target\classes
Launcher Type: SUN_STANDARD

[Global flags]
     intx CICompilerCount                          = 4                                         {product} {ergonomic}
     uint ConcGCThreads                            = 3                                         {product} {ergonomic}
     bool FlightRecorder                           = true                                      {product} {management}
     uint G1ConcRefinementThreads                  = 10                                        {product} {ergonomic}
   size_t G1HeapRegionSize                         = 2097152                                   {product} {ergonomic}
   size_t InitialHeapSize                          = 255852544                                 {product} {ergonomic}
   size_t MarkStackSize                            = 4194304                                   {product} {ergonomic}
   size_t MarkStackSizeMax                         = 536870912                                 {product} {ergonomic}
   size_t MaxHeapSize                              = 4093640704                                {product} {ergonomic}
   size_t MaxNewSize                               = 2455764992                                {product} {ergonomic}
   size_t MinHeapDeltaBytes                        = 2097152                                   {product} {ergonomic}
   size_t MinHeapSize                              = 8388608                                   {product} {ergonomic}
    uintx NonNMethodCodeHeapSize                   = 5832704                                {pd product} {ergonomic}
    uintx NonProfiledCodeHeapSize                  = 122945536                              {pd product} {ergonomic}
    uintx ProfiledCodeHeapSize                     = 122880000                              {pd product} {ergonomic}
    uintx ReservedCodeCacheSize                    = 251658240                              {pd product} {ergonomic}
     bool SegmentedCodeCache                       = true                                      {product} {ergonomic}
   size_t SoftMaxHeapSize                          = 4093640704                             {manageable} {ergonomic}
     bool UseCompressedOops                        = true                           {product lp64_product} {ergonomic}
     bool UseG1GC                                  = true                                      {product} {ergonomic}
     bool UseLargePagesIndividualAllocation        = false                                  {pd product} {ergonomic}

Logging:
Log output configuration:
 #0: stdout all=warning uptime,level,tags foldmultilines=false
 #1: stderr all=off uptime,level,tags foldmultilines=false

Environment Variables:
PATH=C:\Program Files (x86)\Common Files\Oracle\Java\java8path;C:\Program Files (x86)\Common Files\Oracle\Java\javapath;C:\WINDOWS\system32;C:\WINDOWS;C:\WINDOWS\System32\Wbem;C:\WINDOWS\System32\WindowsPowerShell\v1.0\;C:\WINDOWS\System32\OpenSSH\;C:\Program Files\dotnet\;C:\Program Files\NVIDIA Corporation\NVIDIA app\NvDLISR;C:\Program Files (x86)\NVIDIA Corporation\PhysX\Common;C:\Program Files\Git\cmd;C:\Users\choko\apache-maven-3.9.9;C:\Users\choko\AppData\Local\Microsoft\WindowsApps;C:\Users\choko\AppData\Local\gitkraken\bin;C:\Users\choko\.dotnet\tools
USERNAME=choko
OS=Windows_NT
PROCESSOR_IDENTIFIER=AMD64 Family 25 Model 68 Stepping 1, AuthenticAMD
TMP=C:\Users\choko\AppData\Local\Temp
TEMP=C:\Users\choko\AppData\Local\Temp




Periodic native trim disabled

---------------  S Y S T E M  ---------------

OS:
 Windows 11 , 64 bit Build 26100 (10.0.26100.3912)
OS uptime: 1 days 22:15 hours

CPU: total 12 (initial active 12) (12 cores per cpu, 2 threads per core) family 25 model 68 stepping 1 microcode 0xa404107, cx8, cmov, fxsr, ht, mmx, 3dnowpref, sse, sse2, sse3, ssse3, sse4a, sse4.1, sse4.2, popcnt, lzcnt, tsc, tscinvbit, avx, avx2, aes, erms, clmul, bmi1, bmi2, adx, sha, fma, vzeroupper, clflush, clflushopt, rdtscp, rdpid, fsrm, f16c, pku, cet_ss
Processor Information for processor 0
  Max Mhz: 3301, Current Mhz: 3301, Mhz Limit: 3301
Processor Information for processor 1
  Max Mhz: 3301, Current Mhz: 2496, Mhz Limit: 3301
Processor Information for processor 2
  Max Mhz: 3301, Current Mhz: 2496, Mhz Limit: 3301
Processor Information for processor 3
  Max Mhz: 3301, Current Mhz: 3301, Mhz Limit: 3301
Processor Information for processor 4
  Max Mhz: 3301, Current Mhz: 3301, Mhz Limit: 3301
Processor Information for processor 5
  Max Mhz: 3301, Current Mhz: 2496, Mhz Limit: 3301
Processor Information for processor 6
  Max Mhz: 3301, Current Mhz: 3301, Mhz Limit: 3301
Processor Information for processor 7
  Max Mhz: 3301, Current Mhz: 2496, Mhz Limit: 3301
Processor Information for processor 8
  Max Mhz: 3301, Current Mhz: 2496, Mhz Limit: 3301
Processor Information for processor 9
  Max Mhz: 3301, Current Mhz: 3301, Mhz Limit: 3301
Processor Information for processor 10
  Max Mhz: 3301, Current Mhz: 3301, Mhz Limit: 3301
Processor Information for processor 11
  Max Mhz: 3301, Current Mhz: 3301, Mhz Limit: 3301

Memory: 4k page, system-wide physical 15611M (5071M free)
TotalPageFile size 27387M (AvailPageFile size 11661M)
current process WorkingSet (physical memory assigned to process): 222M, peak: 229M
current process commit charge ("private bytes"): 391M, peak: 399M

vm_info: OpenJDK 64-Bit Server VM (24.0.1+9-30) for windows-amd64 JRE (24.0.1+9-30), built on 2025-03-05T07:23:45Z with MS VC++ 17.6 (VS2022)

END.
