#
# A fatal error has been detected by the Java Runtime Environment:
#
#  EXCEPTION_ACCESS_VIOLATION (0xc0000005) at pc=0x00007ffdf7f826c4, pid=24808, tid=28676
#
# JRE version: OpenJDK Runtime Environment (24.0.1+9) (build 24.0.1+9-30)
# Java VM: OpenJDK 64-Bit Server VM (24.0.1+9-30, mixed mode, sharing, tiered, compressed oops, compressed class ptrs, g1 gc, windows-amd64)
# Problematic frame:
# C  [libasyncProfiler.dll+0x926c4]
#
# No core dump will be written. Minidumps are not enabled by default on client versions of Windows
#
# JFR recording file will be written. Location: C:\Users\choko\IdeaProjects\SeaBattle2.0\hs_err_pid24808.jfr
#
# If you would like to submit a bug report, please visit:
#   https://bugreport.java.com/bugreport/crash.jsp
# The crash happened outside the Java Virtual Machine in native code.
# See problematic frame for where to report the bug.
#

---------------  S U M M A R Y ------------

Command Line: -javaagent:C:\Users\choko\AppData\Local\JetBrains\IntelliJIdea2025.1\captureAgent\debugger-agent.jar=file:///C:/Users/choko/AppData/Local/Temp/capture8796630663787435293.props -ea -javaagent:C:\Users\choko\.m2\repository/org/mockito/mockito-core/5.17.0/mockito-core-5.17.0.jar -Didea.test.cyclic.buffer.size=1048576 -javaagent:C:\Program Files\JetBrains\IntelliJ IDEA 2025.1\lib\idea_rt.jar=58350 -Dkotlinx.coroutines.debug.enable.creation.stack.trace=false -Ddebugger.agent.enable.coroutines=true -Dkotlinx.coroutines.debug.enable.flows.stack.trace=true -Dkotlinx.coroutines.debug.enable.mutable.state.flows.stack.trace=true -Dfile.encoding=UTF-8 -Dsun.stdout.encoding=UTF-8 -Dsun.stderr.encoding=UTF-8 com.intellij.rt.junit.JUnitStarter -ideVersion5 -junit5 org.example.Ships.HeadRandomTest

Host: AMD Ryzen 5 7535HS with Radeon Graphics        , 12 cores, 15G,  Windows 11 , 64 bit Build 26100 (10.0.26100.3775)
Time: Tue May 13 21:23:23 2025 RTZ 9 (s 11 , 64 bit Build 26100 (10.0.26100.3775) elapsed time: 106.032288 seconds (0d 0h 1m 46s)

---------------  T H R E A D  ---------------

Current thread (0x000001c97f9a0c40):  JavaThread "Attach Listener" daemon [_thread_in_native, id=28676, stack(0x0000000a62e00000,0x0000000a62f00000) (1024K)]

Stack: [0x0000000a62e00000,0x0000000a62f00000],  sp=0x0000000a62efee20,  free space=1019k
Native frames: (J=compiled Java code, j=interpreted, Vv=VM code, C=native code)
C  [libasyncProfiler.dll+0x926c4]  (no source info available)
C  [libasyncProfiler.dll+0x92b9b]  (no source info available)
C  [libasyncProfiler.dll+0x917f4]  (no source info available)
C  [libasyncProfiler.dll+0x9206a]  (no source info available)
C  [libasyncProfiler.dll+0x8cc21]  (no source info available)
C  [libasyncProfiler.dll+0x7e5e1]  (no source info available)
C  [libasyncProfiler.dll+0x7d2f8]  (no source info available)
C  [libasyncProfiler.dll+0x7d1e0]  (no source info available)
C  [libasyncProfiler.dll+0x841b9]  (no source info available)
V  [jvm.dll+0x57eff7]  (no source info available)
V  [jvm.dll+0x57fdac]  (no source info available)
V  [jvm.dll+0x14ca17]  (no source info available)
V  [jvm.dll+0x14dfe1]  (no source info available)
V  [jvm.dll+0x42f456]  (no source info available)
V  [jvm.dll+0x87d76b]  (no source info available)
V  [jvm.dll+0x72ee55]  (no source info available)
C  [ucrtbase.dll+0x37b0]  (no source info available)
C  [KERNEL32.DLL+0x2e8d7]  (no source info available)
C  [ntdll.dll+0xb14fc]  (no source info available)


siginfo: EXCEPTION_ACCESS_VIOLATION (0xc0000005), reading address 0xffffffffffffffff


Registers:
RAX=0x0000000000000010, RBX=0x0000000000000000, RCX=0xffffffffffffffff, RDX=0x007ffdd943300010
RSP=0x0000000a62efee20, RBP=0x000001c94db54df0, RSI=0x0000000a62efef90, RDI=0x000001c94db54df0
R8 =0x0000000000000042, R9 =0x000000070c002c40, R10=0x00007ffdd96a9fb0, R11=0x00000000000003f4
R12=0x0000000a62efef90, R13=0x000001c94d025300, R14=0x000001c97f9a1008, R15=0x000001c97f9a1008
RIP=0x00007ffdf7f826c4, EFLAGS=0x0000000000010202

XMM[0]=0x0000000000000000 0x0000000000000000
XMM[1]=0x0000000000000000 0x0000000000000000
XMM[2]=0x0000000000000000 0x0000000000000000
XMM[3]=0x0000000000000000 0x0000000000000000
XMM[4]=0x0000000000000000 0x0000000000000000
XMM[5]=0x0000000000000000 0x0000000000000000
XMM[6]=0x0000000000000000 0x0000000000000000
XMM[7]=0x0000000000000000 0x0000000000000000
XMM[8]=0x0000000000000000 0x0000000000000000
XMM[9]=0x0000000000000000 0x0000000000000000
XMM[10]=0x0000000000000000 0x0000000000000000
XMM[11]=0x0000000000000000 0x0000000000000000
XMM[12]=0x0000000000000000 0x0000000000000000
XMM[13]=0x0000000000000000 0x0000000000000000
XMM[14]=0x0000000000000000 0x0000000000000000
XMM[15]=0x0000000000000000 0x0000000000000000
  MXCSR=0x00001fa0


Register to memory mapping:

RAX=0x0000000000000010 is an unknown value
RBX=0x0 is null
RCX=0xffffffffffffffff is an unknown value
RDX=0x007ffdd943300010 is an unknown value
RSP=0x0000000a62efee20 is pointing into the stack for thread: 0x000001c97f9a0c40
RBP=0x000001c94db54df0 points into unknown readable memory: 0x000000070c002c40 | 40 2c 00 0c 07 00 00 00
RSI=0x0000000a62efef90 is pointing into the stack for thread: 0x000001c97f9a0c40
RDI=0x000001c94db54df0 points into unknown readable memory: 0x000000070c002c40 | 40 2c 00 0c 07 00 00 00
R8 =0x0000000000000042 is an unknown value
R9 =0x000000070c002c40 is an oop: java.lang.Thread 
{0x000000070c002c40} - klass: 'java/lang/Thread' - flags: 

 - ---- fields (total size 14 words):
 - 'threadLocalRandomProbe' 'I' @12  -1640531527 (0x9e3779b9)
 - private volatile 'eetop' 'J' @16  1964471535360 (0x000001c963a0c700)
 - private final 'tid' 'J' @24  3 (0x0000000000000003)
 - 'threadLocalRandomSeed' 'J' @32  1999114442942472812 (0x1bbe47fe7cf0626c)
 - injected 'jvmti_thread_state' 'J' @40  1964060270960 (0x000001c94b1d6170)
 - 'threadLocalRandomSecondarySeed' 'I' @48  0 (0x00000000)
 - injected 'jvmti_VTMS_transition_disable_count' 'I' @52  0 (0x00000000)
 - injected 'jfr_epoch' 'S' @56  0 (0x0000)
 - volatile 'interrupted' 'Z' @58  false (0x00)
 - injected 'jvmti_is_in_VTMS_transition' 'Z' @59  false (0x00)
 - private volatile 'name' 'Ljava/lang/String;' @60  "main"{0x000000070c1df3a0} (0xe183be74)
 - private volatile 'contextClassLoader' 'Ljava/lang/ClassLoader;' @64  a 'jdk/internal/loader/ClassLoaders$AppClassLoader'{0x000000070c000000} (0xe1800000)
 - private final 'holder' 'Ljava/lang/Thread$FieldHolder;' @68  a 'java/lang/Thread$FieldHolder'{0x000000070c1df3d0} (0xe183be7a)
 - 'threadLocals' 'Ljava/lang/ThreadLocal$ThreadLocalMap;' @72  a 'java/lang/ThreadLocal$ThreadLocalMap'{0x000000070c1df3f8} (0xe183be7f)
 - 'inheritableThreadLocals' 'Ljava/lang/ThreadLocal$ThreadLocalMap;' @76  null (0x00000000)
 - private 'scopedValueBindings' 'Ljava/lang/Object;' @80  a 'java/lang/Class'{0x000000070c800970} = 'java/lang/Thread' (0xe190012e)
 - final 'interruptLock' 'Ljava/lang/Object;' @84  a 'java/lang/Object'{0x000000070c1df6e8} (0xe183bedd)
 - private volatile 'parkBlocker' 'Ljava/lang/Object;' @88  null (0x00000000)
 - private 'nioBlocker' 'Lsun/nio/ch/Interruptible;' @92  null (0x00000000)
 - private 'cont' 'Ljdk/internal/vm/Continuation;' @96  null (0x00000000)
 - private volatile 'uncaughtExceptionHandler' 'Ljava/lang/Thread$UncaughtExceptionHandler;' @100  null (0x00000000)
 - private 'container' 'Ljdk/internal/vm/ThreadContainer;' @104  null (0x00000000)
 - private volatile 'headStackableScopes' 'Ljdk/internal/vm/StackableScope;' @108  null (0x00000000)
R10=0x00007ffdd96a9fb0 jvm.dll
R11=0x00000000000003f4 is an unknown value
R12=0x0000000a62efef90 is pointing into the stack for thread: 0x000001c97f9a0c40
R13=0x000001c94d025300 points into unknown readable memory: 0x00007ffdd961a510 | 10 a5 61 d9 fd 7f 00 00
R14=0x000001c97f9a1008 points into unknown readable memory: 0x00007ffdd96117b0 | b0 17 61 d9 fd 7f 00 00
R15=0x000001c97f9a1008 points into unknown readable memory: 0x00007ffdd96117b0 | b0 17 61 d9 fd 7f 00 00

Top of Stack: (sp=0x0000000a62efee20)
0x0000000a62efee20:   0000000a62efef90 000001c94db54df0   ...b.....M.M....
0x0000000a62efee30:   0000000000000000 000001c97f9a1bc0   ................
0x0000000a62efee40:   000000000000002a 00007ffdf7f82b9b   *........+......
0x0000000a62efee50:   0000000000000000 000001c97f9a1008   ................
0x0000000a62efee60:   0000000a62efef01 0000000000000000   ...b............
0x0000000a62efee70:   000001c94ef23640 00007ffdf7f817f4   @6.N............
0x0000000a62efee80:   0000000000000000 000000000000002a   ........*.......
0x0000000a62efee90:   0000000000000000 000000000000002a   ........*.......
0x0000000a62efeea0:   0000000f4bb35608 000001c94bb69a20   .V.K.... ..K....
0x0000000a62efeeb0:   000001c94ef23640 000001c94ef236e8   @6.N.....6.N....
0x0000000a62efeec0:   000001c94ef236e8 00000000000031ec   .6.N.....1......
0x0000000a62efeed0:   0000000000000000 0000000000000000   ................
0x0000000a62efeee0:   0000000000000000 00007ffdd8e757d4   .........W......
0x0000000a62efeef0:   00007ffdf80c4ca0 00000000000060e8   .L.......`......
0x0000000a62efef00:   00007ffdf80c4ca0 00000000ffffffff   .L..............
0x0000000a62efef10:   0000000000000000 00007ffdf7f8206a   ........j ......
0x0000000a62efef20:   000001c97f9a1008 0000000000000000   ................
0x0000000a62efef30:   0000000a62efef99 000001c94d025300   ...b.....S.M....
0x0000000a62efef40:   0000000000000004 0000000000000048   ........H.......
0x0000000a62efef50:   0000000800800390 0000000000000020   ........ .......
0x0000000a62efef60:   000001c97f9a1008 00007ffdf80c4ca0   .........L......
0x0000000a62efef70:   000001c97f848dc0 000001c94b1d6170   ........pa.K....
0x0000000a62efef80:   0000000800800390 000001c97f9a1008   ................
0x0000000a62efef90:   000001c94f33af30 000001c94f33b470   0.3O....p.3O....
0x0000000a62efefa0:   000001c94f33b470 00007ffdf80c4ca0   p.3O.....L......
0x0000000a62efefb0:   000001c94bb35608 0000000a62eff128   .V.K....(..b....
0x0000000a62efefc0:   0000000a62eff260 0000000000008840   `..b....@.......
0x0000000a62efefd0:   0000000a62eff440 00007ffdf80c4cf0   @..b.....L......
0x0000000a62efefe0:   0000000000989680 0000000000989680   ................
0x0000000a62efeff0:   0000000a62eff100 00007ffdf7f7cc21   ...b....!.......
0x0000000a62eff000:   00007ffdf80c4ca0 00007ffdf80c4cf8   .L.......L......
0x0000000a62eff010:   00007ffd00000000 00007ffd00000001   ................

Instructions: (pc=0x00007ffdf7f826c4)
  0x00007ffdf7f825c4:   cc cc cc cc cc cc cc cc cc cc cc cc cc cc cc cc
  0x00007ffdf7f825d4:   cc cc cc cc cc cc cc cc cc cc cc cc cc cc cc cc
  0x00007ffdf7f825e4:   cc cc cc cc cc cc cc cc cc cc cc cc cc cc cc cc
  0x00007ffdf7f825f4:   cc cc cc cc cc cc cc cc cc cc cc cc cc cc cc cc
  0x00007ffdf7f82604:   cc cc cc cc cc cc cc cc cc cc cc cc cc cc cc cc
  0x00007ffdf7f82614:   cc cc cc cc cc cc cc cc cc cc cc cc cc cc cc cc
  0x00007ffdf7f82624:   cc cc cc cc cc cc cc cc cc cc cc cc cc cc cc cc
  0x00007ffdf7f82634:   cc cc cc cc cc cc cc cc cc cc cc cc cc cc cc cc
  0x00007ffdf7f82644:   cc cc cc cc cc cc cc cc cc cc cc cc 40 57 48 83
  0x00007ffdf7f82654:   ec 20 48 8b f9 48 8b 0d 10 28 14 00 48 85 c9 74
  0x00007ffdf7f82664:   20 48 8b 01 48 8d 54 24 38 41 b8 06 00 01 00 4c
  0x00007ffdf7f82674:   8b 48 30 41 ff d1 85 c0 75 07 48 8b 4c 24 38 eb
  0x00007ffdf7f82684:   02 33 c9 4c 8b 05 ea 28 14 00 48 89 5c 24 30 4d
  0x00007ffdf7f82694:   85 c0 74 4a 48 8b 01 48 8b d7 4c 8b 88 28 03 00
  0x00007ffdf7f826a4:   00 41 ff d1 48 85 c0 74 35 48 63 0d f8 e6 13 00
  0x00007ffdf7f826b4:   48 8b 14 01 48 85 d2 74 15 48 63 05 fc e6 13 00
=>0x00007ffdf7f826c4:   8b 04 10 48 8b 5c 24 30 48 83 c4 20 5f c3 b8 ff
  0x00007ffdf7f826d4:   ff ff ff 48 8b 5c 24 30 48 83 c4 20 5f c3 80 3d
  0x00007ffdf7f826e4:   9b 27 14 00 00 bb ff ff ff ff 74 20 4c 8b 0d 31
  0x00007ffdf7f826f4:   24 14 00 4c 8d 44 24 38 48 8b 0d 15 24 14 00 48
  0x00007ffdf7f82704:   8b d7 41 ff d1 85 c0 0f 44 5c 24 38 8b c3 48 8b
  0x00007ffdf7f82714:   5c 24 30 48 83 c4 20 5f c3 cc cc cc cc cc cc cc
  0x00007ffdf7f82724:   cc cc cc cc cc cc cc cc cc cc cc cc cc cc cc cc
  0x00007ffdf7f82734:   cc cc cc cc cc cc cc cc cc cc cc cc cc cc cc cc
  0x00007ffdf7f82744:   cc cc cc cc cc cc cc cc cc cc cc cc 48 89 54 24
  0x00007ffdf7f82754:   10 53 55 56 57 41 56 41 57 48 83 ec 28 48 8b f2
  0x00007ffdf7f82764:   4c 8b f1 48 89 4c 24 78 45 33 ff 44 89 7c 24 68
  0x00007ffdf7f82774:   c7 44 24 60 01 00 00 00 48 8d 4c 24 68 e8 ed 42
  0x00007ffdf7f82784:   f7 ff 8b d8 48 8d 4c 24 60 e8 e1 42 f7 ff 8b e8
  0x00007ffdf7f82794:   49 8b ce e8 00 fc f6 ff 48 8b f8 90 8b c3 f0 0f
  0x00007ffdf7f827a4:   b1 2f 74 04 f3 90 eb f4 4c 89 3e 4c 89 7e 08 4c
  0x00007ffdf7f827b4:   89 7e 10 49 8b 6e 08 4d 8b 76 10 49 3b ee 0f 84


Stack slot to memory mapping:

stack at sp + 0 slots: 0x0000000a62efef90 is pointing into the stack for thread: 0x000001c97f9a0c40
stack at sp + 1 slots: 0x000001c94db54df0 points into unknown readable memory: 0x000000070c002c40 | 40 2c 00 0c 07 00 00 00
stack at sp + 2 slots: 0x0 is null
stack at sp + 3 slots: 0x000001c97f9a1bc0 points into unknown readable memory: 0x6e616c2e6176616a | 6a 61 76 61 2e 6c 61 6e
stack at sp + 4 slots: 0x000000000000002a is an unknown value
stack at sp + 5 slots: 0x00007ffdf7f82b9b libasyncProfiler.dll
stack at sp + 6 slots: 0x0 is null
stack at sp + 7 slots: 0x000001c97f9a1008 points into unknown readable memory: 0x00007ffdd96117b0 | b0 17 61 d9 fd 7f 00 00

Lock stack of current Java thread (top to bottom):


---------------  P R O C E S S  ---------------

Threads class SMR info:
_java_thread_list=0x000001c94d8f9d60, length=21, elements={
0x000001c963a0c700, 0x000001c97f99a950, 0x000001c97f99b090, 0x000001c97f99cfe0,
0x000001c97f9a0c40, 0x000001c97f9a6250, 0x000001c97f9a8510, 0x000001c97f9b0f90,
0x000001c97f9b6bf0, 0x000001c94b1c10e0, 0x000001c94b3a9640, 0x000001c94b5686a0,
0x000001c94b56aac0, 0x000001c94bebec50, 0x000001c94bebf3a0, 0x000001c94bebc070,
0x000001c94bebe500, 0x000001c94b50ff00, 0x000001c94c189030, 0x000001c94c8c97b0,
0x000001c94de312e0
}

Java Threads: ( => current thread )
  0x000001c963a0c700 JavaThread "main"                              [_thread_in_Java, id=24216, stack(0x0000000a62300000,0x0000000a62400000) (1024K)]
  0x000001c97f99a950 JavaThread "Reference Handler"          daemon [_thread_blocked, id=28136, stack(0x0000000a62b00000,0x0000000a62c00000) (1024K)]
  0x000001c97f99b090 JavaThread "Finalizer"                  daemon [_thread_blocked, id=29296, stack(0x0000000a62c00000,0x0000000a62d00000) (1024K)]
  0x000001c97f99cfe0 JavaThread "Signal Dispatcher"          daemon [_thread_blocked, id=23700, stack(0x0000000a62d00000,0x0000000a62e00000) (1024K)]
=>0x000001c97f9a0c40 JavaThread "Attach Listener"            daemon [_thread_in_native, id=28676, stack(0x0000000a62e00000,0x0000000a62f00000) (1024K)]
  0x000001c97f9a6250 JavaThread "Service Thread"             daemon [_thread_blocked, id=27516, stack(0x0000000a62f00000,0x0000000a63000000) (1024K)]
  0x000001c97f9a8510 JavaThread "Monitor Deflation Thread"   daemon [_thread_blocked, id=2912, stack(0x0000000a63000000,0x0000000a63100000) (1024K)]
  0x000001c97f9b0f90 JavaThread "C2 CompilerThread0"         daemon [_thread_blocked, id=7928, stack(0x0000000a63100000,0x0000000a63200000) (1024K)]
  0x000001c97f9b6bf0 JavaThread "C1 CompilerThread0"         daemon [_thread_blocked, id=16672, stack(0x0000000a63200000,0x0000000a63300000) (1024K)]
  0x000001c94b1c10e0 JavaThread "Common-Cleaner"             daemon [_thread_blocked, id=20940, stack(0x0000000a63400000,0x0000000a63500000) (1024K)]
  0x000001c94b3a9640 JavaThread "IntelliJ Suspend Helper"    daemon [_thread_blocked, id=31628, stack(0x0000000a63300000,0x0000000a63400000) (1024K)]
  0x000001c94b5686a0 JavaThread "Monitor Ctrl-Break"         daemon [_thread_in_native, id=24320, stack(0x0000000a63600000,0x0000000a63700000) (1024K)]
  0x000001c94b56aac0 JavaThread "Notification Thread"        daemon [_thread_blocked, id=16368, stack(0x0000000a63700000,0x0000000a63800000) (1024K)]
  0x000001c94bebec50 JavaThread "RMI TCP Accept-0"           daemon [_thread_in_native, id=23196, stack(0x0000000a63900000,0x0000000a63a00000) (1024K)]
  0x000001c94bebf3a0 JavaThread "RMI TCP Connection(1)-10.23.13.19" daemon [_thread_in_native, id=27436, stack(0x0000000a63a00000,0x0000000a63b00000) (1024K)]
  0x000001c94bebc070 JavaThread "RMI Scheduler(0)"           daemon [_thread_blocked, id=31020, stack(0x0000000a63b00000,0x0000000a63c00000) (1024K)]
  0x000001c94bebe500 JavaThread "JMX server connection timeout 32" daemon [_thread_blocked, id=10024, stack(0x0000000a63c00000,0x0000000a63d00000) (1024K)]
  0x000001c94b50ff00 JavaThread "C2 CompilerThread1"         daemon [_thread_blocked, id=15280, stack(0x0000000a63800000,0x0000000a63900000) (1024K)]
  0x000001c94c189030 JavaThread "C2 CompilerThread2"         daemon [_thread_blocked, id=17348, stack(0x0000000a64600000,0x0000000a64700000) (1024K)]
  0x000001c94c8c97b0 JavaThread "JFR Recorder Thread"        daemon [_thread_in_native, id=5428, stack(0x0000000a64700000,0x0000000a64800000) (1024K)]
  0x000001c94de312e0 JavaThread "JFR Periodic Tasks"         daemon [_thread_blocked, id=12780, stack(0x0000000a64800000,0x0000000a64900000) (1024K)]
Total: 21

Other Threads:
  0x000001c97f98cfd0 VMThread "VM Thread"                           [id=19404, stack(0x0000000a62a00000,0x0000000a62b00000) (1024K)]
  0x000001c97f857fa0 WatcherThread "VM Periodic Task Thread"        [id=29584, stack(0x0000000a62900000,0x0000000a62a00000) (1024K)]
  0x000001c965f5a9a0 WorkerThread "GC Thread#0"                     [id=2824, stack(0x0000000a62400000,0x0000000a62500000) (1024K)]
  0x000001c94c6569d0 WorkerThread "GC Thread#1"                     [id=15532, stack(0x0000000a63d00000,0x0000000a63e00000) (1024K)]
  0x000001c94c657890 WorkerThread "GC Thread#2"                     [id=4864, stack(0x0000000a63e00000,0x0000000a63f00000) (1024K)]
  0x000001c94c656d80 WorkerThread "GC Thread#3"                     [id=9252, stack(0x0000000a63f00000,0x0000000a64000000) (1024K)]
  0x000001c94c657c40 WorkerThread "GC Thread#4"                     [id=5252, stack(0x0000000a64000000,0x0000000a64100000) (1024K)]
  0x000001c94c656620 WorkerThread "GC Thread#5"                     [id=644, stack(0x0000000a64100000,0x0000000a64200000) (1024K)]
  0x000001c94c657130 WorkerThread "GC Thread#6"                     [id=19668, stack(0x0000000a64200000,0x0000000a64300000) (1024K)]
  0x000001c94c62f390 WorkerThread "GC Thread#7"                     [id=11796, stack(0x0000000a64300000,0x0000000a64400000) (1024K)]
  0x000001c94c62d9c0 WorkerThread "GC Thread#8"                     [id=21388, stack(0x0000000a64400000,0x0000000a64500000) (1024K)]
  0x000001c94c62efe0 WorkerThread "GC Thread#9"                     [id=6836, stack(0x0000000a64500000,0x0000000a64600000) (1024K)]
  0x000001c965f6e3d0 ConcurrentGCThread "G1 Main Marker"            [id=27740, stack(0x0000000a62500000,0x0000000a62600000) (1024K)]
  0x000001c963ade0b0 WorkerThread "G1 Conc#0"                       [id=10520, stack(0x0000000a62600000,0x0000000a62700000) (1024K)]
  0x000001c94c6314c0 WorkerThread "G1 Conc#1"                       [id=14856, stack(0x0000000a62200000,0x0000000a62300000) (1024K)]
  0x000001c94d917950 WorkerThread "G1 Conc#2"                       [id=22756, stack(0x0000000a63500000,0x0000000a63600000) (1024K)]
  0x000001c97f846a00 ConcurrentGCThread "G1 Refine#0"               [id=21544, stack(0x0000000a62700000,0x0000000a62800000) (1024K)]
  0x000001c97f846e40 ConcurrentGCThread "G1 Service"                [id=16448, stack(0x0000000a62800000,0x0000000a62900000) (1024K)]
Total: 18

Threads with active compile tasks:
Total: 0

VM state: not at safepoint (normal execution)

VM Mutex/Monitor currently owned by a thread: None

Heap address: 0x000000070c000000, size: 3904 MB, Compressed Oops mode: Zero based, Oop shift amount: 3

CDS archive(s) mapped at: [0x000001c906000000-0x000001c906d40000-0x000001c906d40000), size 13893632, SharedBaseAddress: 0x000001c906000000, ArchiveRelocationMode: 1.
Compressed class space mapped at: 0x000001c907000000-0x000001c947000000, reserved size: 1073741824
UseCompressedClassPointers 1, UseCompactObjectHeaders 0
Narrow klass pointer bits 32, Max shift 3
Narrow klass base: 0x000001c906000000, Narrow klass shift: 0
Encoding Range: [0x000001c906000000 - 0x000001ca06000000), (4294967296 bytes)
Klass Range:    [0x000001c906000000 - 0x000001c947000000), (1090519040 bytes)
Klass ID Range:  [8 - 1090519033) (1090519025)

GC Precious Log:
 CardTable entry size: 512
 Card Set container configuration: InlinePtr #cards 4 size 8 Array Of Cards #cards 16 size 48 Howl #buckets 8 coarsen threshold 3686 Howl Bitmap #cards 512 size 80 coarsen threshold 460 Card regions per heap region 1 cards per card region 4096
 CPUs: 12 total, 12 available
 Memory: 15611M
 Large Page Support: Disabled
 NUMA Support: Disabled
 Compressed Oops: Enabled (Zero based)
 Heap Region Size: 2M
 Heap Min Capacity: 8M
 Heap Initial Capacity: 244M
 Heap Max Capacity: 3904M
 Pre-touch: Disabled
 Parallel Workers: 10
 Concurrent Workers: 3
 Concurrent Refinement Workers: 10
 Periodic GC: Disabled

Heap:
 garbage-first heap   total reserved 3997696K, committed 147456K, used 83162K [0x000000070c000000, 0x0000000800000000)
  region size 2048K, 38 young (77824K), 1 survivors (2048K)
 Metaspace       used 22305K, committed 22592K, reserved 1114112K
  class space    used 2372K, committed 2496K, reserved 1048576K

Heap Regions: E=young(eden), S=young(survivor), O=old, HS=humongous(starts), HC=humongous(continues), CS=collection set, F=free, TAMS=top-at-mark-start, PB=parsable bottom
|   0|0x000000070c000000, 0x000000070c200000, 0x000000070c200000|100%| O|  |TAMS 0x000000070c000000| PB 0x000000070c000000| Untracked |  0
|   1|0x000000070c200000, 0x000000070c400000, 0x000000070c400000|100%| O|  |TAMS 0x000000070c200000| PB 0x000000070c200000| Untracked |  0
|   2|0x000000070c400000, 0x000000070c600000, 0x000000070c600000|100%| O|  |TAMS 0x000000070c400000| PB 0x000000070c400000| Untracked |  0
|   3|0x000000070c600000, 0x000000070c6d1268, 0x000000070c800000| 40%| O|  |TAMS 0x000000070c600000| PB 0x000000070c600000| Untracked |  0
|   4|0x000000070c800000, 0x000000070c90b270, 0x000000070ca00000| 52%| O|  |TAMS 0x000000070c800000| PB 0x000000070c800000| Untracked |  0
|   5|0x000000070ca00000, 0x000000070ca00000, 0x000000070cc00000|  0%| F|  |TAMS 0x000000070ca00000| PB 0x000000070ca00000| Untracked |  0
|   6|0x000000070cc00000, 0x000000070cc00000, 0x000000070ce00000|  0%| F|  |TAMS 0x000000070cc00000| PB 0x000000070cc00000| Untracked |  0
|   7|0x000000070ce00000, 0x000000070ce00000, 0x000000070d000000|  0%| F|  |TAMS 0x000000070ce00000| PB 0x000000070ce00000| Untracked |  0
|   8|0x000000070d000000, 0x000000070d000000, 0x000000070d200000|  0%| F|  |TAMS 0x000000070d000000| PB 0x000000070d000000| Untracked |  0
|   9|0x000000070d200000, 0x000000070d200000, 0x000000070d400000|  0%| F|  |TAMS 0x000000070d200000| PB 0x000000070d200000| Untracked |  0
|  10|0x000000070d400000, 0x000000070d400000, 0x000000070d600000|  0%| F|  |TAMS 0x000000070d400000| PB 0x000000070d400000| Untracked |  0
|  11|0x000000070d600000, 0x000000070d600000, 0x000000070d800000|  0%| F|  |TAMS 0x000000070d600000| PB 0x000000070d600000| Untracked |  0
|  12|0x000000070d800000, 0x000000070d800000, 0x000000070da00000|  0%| F|  |TAMS 0x000000070d800000| PB 0x000000070d800000| Untracked |  0
|  13|0x000000070da00000, 0x000000070da00000, 0x000000070dc00000|  0%| F|  |TAMS 0x000000070da00000| PB 0x000000070da00000| Untracked |  0
|  14|0x000000070dc00000, 0x000000070dc00000, 0x000000070de00000|  0%| F|  |TAMS 0x000000070dc00000| PB 0x000000070dc00000| Untracked |  0
|  15|0x000000070de00000, 0x000000070de00000, 0x000000070e000000|  0%| F|  |TAMS 0x000000070de00000| PB 0x000000070de00000| Untracked |  0
|  16|0x000000070e000000, 0x000000070e000000, 0x000000070e200000|  0%| F|  |TAMS 0x000000070e000000| PB 0x000000070e000000| Untracked |  0
|  17|0x000000070e200000, 0x000000070e200000, 0x000000070e400000|  0%| F|  |TAMS 0x000000070e200000| PB 0x000000070e200000| Untracked |  0
|  18|0x000000070e400000, 0x000000070e400000, 0x000000070e600000|  0%| F|  |TAMS 0x000000070e400000| PB 0x000000070e400000| Untracked |  0
|  19|0x000000070e600000, 0x000000070e600000, 0x000000070e800000|  0%| F|  |TAMS 0x000000070e600000| PB 0x000000070e600000| Untracked |  0
|  20|0x000000070e800000, 0x000000070e800000, 0x000000070ea00000|  0%| F|  |TAMS 0x000000070e800000| PB 0x000000070e800000| Untracked |  0
|  21|0x000000070ea00000, 0x000000070ea00000, 0x000000070ec00000|  0%| F|  |TAMS 0x000000070ea00000| PB 0x000000070ea00000| Untracked |  0
|  22|0x000000070ec00000, 0x000000070ec00000, 0x000000070ee00000|  0%| F|  |TAMS 0x000000070ec00000| PB 0x000000070ec00000| Untracked |  0
|  23|0x000000070ee00000, 0x000000070ee00000, 0x000000070f000000|  0%| F|  |TAMS 0x000000070ee00000| PB 0x000000070ee00000| Untracked |  0
|  24|0x000000070f000000, 0x000000070f000000, 0x000000070f200000|  0%| F|  |TAMS 0x000000070f000000| PB 0x000000070f000000| Untracked |  0
|  25|0x000000070f200000, 0x000000070f200000, 0x000000070f400000|  0%| F|  |TAMS 0x000000070f200000| PB 0x000000070f200000| Untracked |  0
|  26|0x000000070f400000, 0x000000070f400000, 0x000000070f600000|  0%| F|  |TAMS 0x000000070f400000| PB 0x000000070f400000| Untracked |  0
|  27|0x000000070f600000, 0x000000070f600000, 0x000000070f800000|  0%| F|  |TAMS 0x000000070f600000| PB 0x000000070f600000| Untracked |  0
|  28|0x000000070f800000, 0x000000070f95a3d8, 0x000000070fa00000| 67%| S|CS|TAMS 0x000000070f800000| PB 0x000000070f800000| Complete |  0
|  29|0x000000070fa00000, 0x000000070fa00000, 0x000000070fc00000|  0%| F|  |TAMS 0x000000070fa00000| PB 0x000000070fa00000| Untracked |  0
|  30|0x000000070fc00000, 0x000000070fc00000, 0x000000070fe00000|  0%| F|  |TAMS 0x000000070fc00000| PB 0x000000070fc00000| Untracked |  0
|  31|0x000000070fe00000, 0x000000070fe00000, 0x0000000710000000|  0%| F|  |TAMS 0x000000070fe00000| PB 0x000000070fe00000| Untracked |  0
|  32|0x0000000710000000, 0x0000000710000000, 0x0000000710200000|  0%| F|  |TAMS 0x0000000710000000| PB 0x0000000710000000| Untracked |  0
|  33|0x0000000710200000, 0x0000000710200000, 0x0000000710400000|  0%| F|  |TAMS 0x0000000710200000| PB 0x0000000710200000| Untracked |  0
|  34|0x0000000710400000, 0x0000000710500000, 0x0000000710600000| 50%| E|  |TAMS 0x0000000710400000| PB 0x0000000710400000| Complete |  0
|  35|0x0000000710600000, 0x0000000710800000, 0x0000000710800000|100%| E|CS|TAMS 0x0000000710600000| PB 0x0000000710600000| Complete |  0
|  36|0x0000000710800000, 0x0000000710a00000, 0x0000000710a00000|100%| E|CS|TAMS 0x0000000710800000| PB 0x0000000710800000| Complete |  0
|  37|0x0000000710a00000, 0x0000000710c00000, 0x0000000710c00000|100%| E|CS|TAMS 0x0000000710a00000| PB 0x0000000710a00000| Complete |  0
|  38|0x0000000710c00000, 0x0000000710e00000, 0x0000000710e00000|100%| E|CS|TAMS 0x0000000710c00000| PB 0x0000000710c00000| Complete |  0
|  39|0x0000000710e00000, 0x0000000711000000, 0x0000000711000000|100%| E|CS|TAMS 0x0000000710e00000| PB 0x0000000710e00000| Complete |  0
|  40|0x0000000711000000, 0x0000000711200000, 0x0000000711200000|100%| E|CS|TAMS 0x0000000711000000| PB 0x0000000711000000| Complete |  0
|  41|0x0000000711200000, 0x0000000711400000, 0x0000000711400000|100%| E|CS|TAMS 0x0000000711200000| PB 0x0000000711200000| Complete |  0
|  42|0x0000000711400000, 0x0000000711600000, 0x0000000711600000|100%| E|CS|TAMS 0x0000000711400000| PB 0x0000000711400000| Complete |  0
|  43|0x0000000711600000, 0x0000000711800000, 0x0000000711800000|100%| E|CS|TAMS 0x0000000711600000| PB 0x0000000711600000| Complete |  0
|  44|0x0000000711800000, 0x0000000711a00000, 0x0000000711a00000|100%| E|CS|TAMS 0x0000000711800000| PB 0x0000000711800000| Complete |  0
|  45|0x0000000711a00000, 0x0000000711c00000, 0x0000000711c00000|100%| E|CS|TAMS 0x0000000711a00000| PB 0x0000000711a00000| Complete |  0
|  46|0x0000000711c00000, 0x0000000711e00000, 0x0000000711e00000|100%| E|CS|TAMS 0x0000000711c00000| PB 0x0000000711c00000| Complete |  0
|  47|0x0000000711e00000, 0x0000000712000000, 0x0000000712000000|100%| E|CS|TAMS 0x0000000711e00000| PB 0x0000000711e00000| Complete |  0
|  48|0x0000000712000000, 0x0000000712200000, 0x0000000712200000|100%| E|CS|TAMS 0x0000000712000000| PB 0x0000000712000000| Complete |  0
|  49|0x0000000712200000, 0x0000000712400000, 0x0000000712400000|100%| E|CS|TAMS 0x0000000712200000| PB 0x0000000712200000| Complete |  0
|  50|0x0000000712400000, 0x0000000712600000, 0x0000000712600000|100%| E|CS|TAMS 0x0000000712400000| PB 0x0000000712400000| Complete |  0
|  51|0x0000000712600000, 0x0000000712800000, 0x0000000712800000|100%| E|CS|TAMS 0x0000000712600000| PB 0x0000000712600000| Complete |  0
|  52|0x0000000712800000, 0x0000000712a00000, 0x0000000712a00000|100%| E|CS|TAMS 0x0000000712800000| PB 0x0000000712800000| Complete |  0
|  53|0x0000000712a00000, 0x0000000712c00000, 0x0000000712c00000|100%| E|CS|TAMS 0x0000000712a00000| PB 0x0000000712a00000| Complete |  0
|  54|0x0000000712c00000, 0x0000000712e00000, 0x0000000712e00000|100%| E|CS|TAMS 0x0000000712c00000| PB 0x0000000712c00000| Complete |  0
|  55|0x0000000712e00000, 0x0000000713000000, 0x0000000713000000|100%| E|CS|TAMS 0x0000000712e00000| PB 0x0000000712e00000| Complete |  0
|  56|0x0000000713000000, 0x0000000713200000, 0x0000000713200000|100%| E|CS|TAMS 0x0000000713000000| PB 0x0000000713000000| Complete |  0
|  57|0x0000000713200000, 0x0000000713400000, 0x0000000713400000|100%| E|CS|TAMS 0x0000000713200000| PB 0x0000000713200000| Complete |  0
|  58|0x0000000713400000, 0x0000000713600000, 0x0000000713600000|100%| E|CS|TAMS 0x0000000713400000| PB 0x0000000713400000| Complete |  0
|  59|0x0000000713600000, 0x0000000713800000, 0x0000000713800000|100%| E|CS|TAMS 0x0000000713600000| PB 0x0000000713600000| Complete |  0
|  60|0x0000000713800000, 0x0000000713a00000, 0x0000000713a00000|100%| E|CS|TAMS 0x0000000713800000| PB 0x0000000713800000| Complete |  0
|  61|0x0000000713a00000, 0x0000000713c00000, 0x0000000713c00000|100%| E|CS|TAMS 0x0000000713a00000| PB 0x0000000713a00000| Complete |  0
|  62|0x0000000713c00000, 0x0000000713e00000, 0x0000000713e00000|100%| E|CS|TAMS 0x0000000713c00000| PB 0x0000000713c00000| Complete |  0
|  63|0x0000000713e00000, 0x0000000714000000, 0x0000000714000000|100%| E|CS|TAMS 0x0000000713e00000| PB 0x0000000713e00000| Complete |  0
|  64|0x0000000714000000, 0x0000000714200000, 0x0000000714200000|100%| E|CS|TAMS 0x0000000714000000| PB 0x0000000714000000| Complete |  0
|  65|0x0000000714200000, 0x0000000714400000, 0x0000000714400000|100%| E|CS|TAMS 0x0000000714200000| PB 0x0000000714200000| Complete |  0
|  66|0x0000000714400000, 0x0000000714600000, 0x0000000714600000|100%| E|CS|TAMS 0x0000000714400000| PB 0x0000000714400000| Complete |  0
| 101|0x0000000718a00000, 0x0000000718c00000, 0x0000000718c00000|100%| E|CS|TAMS 0x0000000718a00000| PB 0x0000000718a00000| Complete |  0
| 229|0x0000000728a00000, 0x0000000728c00000, 0x0000000728c00000|100%| E|CS|TAMS 0x0000000728a00000| PB 0x0000000728a00000| Complete |  0
| 230|0x0000000728c00000, 0x0000000728e00000, 0x0000000728e00000|100%| E|CS|TAMS 0x0000000728c00000| PB 0x0000000728c00000| Complete |  0
| 231|0x0000000728e00000, 0x0000000729000000, 0x0000000729000000|100%| E|CS|TAMS 0x0000000728e00000| PB 0x0000000728e00000| Complete |  0
|1951|0x00000007ffe00000, 0x0000000800000000, 0x0000000800000000|100%| E|CS|TAMS 0x00000007ffe00000| PB 0x00000007ffe00000| Complete |  0

Card table byte_map: [0x000001c97e590000,0x000001c97ed30000] _byte_map_base: 0x000001c97ad30000

Marking Bits: (CMBitMap*) 0x000001c963adbe70
 Bits: [0x000001c900000000, 0x000001c903d00000)

Polling page: 0x000001c963d50000

Metaspace:

Usage:
  Non-class:     19.47 MB used.
      Class:      2.32 MB used.
       Both:     21.78 MB used.

Virtual space:
  Non-class space:       64.00 MB reserved,      19.62 MB ( 31%) committed,  1 nodes.
      Class space:        1.00 GB reserved,       2.44 MB ( <1%) committed,  1 nodes.
             Both:        1.06 GB reserved,      22.06 MB (  2%) committed. 

Chunk freelists:
   Non-Class:  12.15 MB
       Class:  13.51 MB
        Both:  25.66 MB

MaxMetaspaceSize: unlimited
CompressedClassSpaceSize: 1.00 GB
Initial GC threshold: 21.00 MB
Current GC threshold: 35.12 MB
CDS: on
 - commit_granule_bytes: 65536.
 - commit_granule_words: 8192.
 - virtual_space_node_default_size: 8388608.
 - enlarge_chunks_in_place: 1.
UseCompressedClassPointers 1, UseCompactObjectHeaders 0
Narrow klass pointer bits 32, Max shift 3
Narrow klass base: 0x000001c906000000, Narrow klass shift: 0
Encoding Range: [0x000001c906000000 - 0x000001ca06000000), (4294967296 bytes)
Klass Range:    [0x000001c906000000 - 0x000001c947000000), (1090519040 bytes)
Klass ID Range:  [8 - 1090519033) (1090519025)


Internal statistics:

num_allocs_failed_limit: 3.
num_arena_births: 336.
num_arena_deaths: 0.
num_vsnodes_births: 2.
num_vsnodes_deaths: 0.
num_space_committed: 353.
num_space_uncommitted: 0.
num_chunks_returned_to_freelist: 3.
num_chunks_taken_from_freelist: 817.
num_chunk_merges: 0.
num_chunk_splits: 493.
num_chunks_enlarged: 332.
num_inconsistent_stats: 0.

CodeHeap 'non-profiled nmethods': size=120064Kb used=1366Kb max_used=1366Kb free=118698Kb
 bounds [0x000001c976250000, 0x000001c9764c0000, 0x000001c97d790000]
CodeHeap 'profiled nmethods': size=120000Kb used=6771Kb max_used=6771Kb free=113229Kb
 bounds [0x000001c96e790000, 0x000001c96ee30000, 0x000001c975cc0000]
CodeHeap 'non-nmethods': size=5696Kb used=1395Kb max_used=1538Kb free=4300Kb
 bounds [0x000001c975cc0000, 0x000001c975f30000, 0x000001c976250000]
CodeCache: size=245760Kb, used=9532Kb, max_used=9675Kb, free=236227Kb
 total_blobs=4452, nmethods=3892, adapters=465, full_count=0
Compilation: enabled, stopped_count=0, restarted_count=0

Compilation events (20 events):
Event: 105.936 Thread 0x000001c94c189030 3875       4       jdk.jfr.internal.MetadataWriter::writeInt (148 bytes)
Event: 105.936 Thread 0x000001c97f9b6bf0 3892       1       jdk.jfr.internal.EventControl::getEventType (5 bytes)
Event: 105.936 Thread 0x000001c97f9b6bf0 nmethod 3892 0x000001c97639bb88 code [0x000001c97639bc80, 0x000001c97639bd48]
Event: 105.936 Thread 0x000001c97f9b6bf0 3893       1       jdk.jfr.internal.EventControl::getSettingsId (5 bytes)
Event: 105.936 Thread 0x000001c97f9b6bf0 nmethod 3893 0x000001c97639be88 code [0x000001c97639bf80, 0x000001c97639c048]
Event: 105.936 Thread 0x000001c97f9b6bf0 3894       1       jdk.jfr.internal.EventControl::getNamedControls (5 bytes)
Event: 105.936 Thread 0x000001c97f9b6bf0 nmethod 3894 0x000001c97639c188 code [0x000001c97639c280, 0x000001c97639c348]
Event: 105.938 Thread 0x000001c97f9b0f90 nmethod 3874 0x000001c97639c488 code [0x000001c97639c5e0, 0x000001c97639cdc0]
Event: 105.938 Thread 0x000001c97f9b0f90 3876       4       java.lang.Integer::valueOf (32 bytes)
Event: 105.939 Thread 0x000001c97f9b0f90 nmethod 3876 0x000001c97639ce08 code [0x000001c97639cf00, 0x000001c97639cff0]
Event: 105.941 Thread 0x000001c97f9b6bf0 3896       1       jdk.jfr.internal.periodic.EventTask::getEventType (5 bytes)
Event: 105.941 Thread 0x000001c97f9b6bf0 nmethod 3896 0x000001c97639d108 code [0x000001c97639d200, 0x000001c97639d2c8]
Event: 105.941 Thread 0x000001c97f9b6bf0 3897       1       jdk.jfr.internal.periodic.PeriodicTask::getPeriod (5 bytes)
Event: 105.941 Thread 0x000001c97f9b6bf0 nmethod 3897 0x000001c97639d408 code [0x000001c97639d500, 0x000001c97639d5c8]
Event: 105.941 Thread 0x000001c97f9b6bf0 3898       3       java.util.Comparator$$Lambda/0x000001c90717a0f8::compare (10 bytes)
Event: 105.941 Thread 0x000001c97f9b6bf0 nmethod 3898 0x000001c96ee2c088 code [0x000001c96ee2c1e0, 0x000001c96ee2c658]
Event: 105.941 Thread 0x000001c97f9b6bf0 3899       3       java.util.Comparator::lambda$comparingLong$6043328a$1 (18 bytes)
Event: 105.941 Thread 0x000001c97f9b6bf0 nmethod 3899 0x000001c96ee2c688 code [0x000001c96ee2c7e0, 0x000001c96ee2cbc0]
Event: 105.943 Thread 0x000001c94c189030 nmethod 3875 0x000001c97639d708 code [0x000001c97639d900, 0x000001c97639f0e8]
Event: 105.983 Thread 0x000001c94b50ff00 nmethod 3670 0x000001c97639f188 code [0x000001c97639f860, 0x000001c9763a53d8]

GC Heap History (20 events):
Event: 104.966 GC heap before
{Heap before GC invocations=490 (full 0):
 garbage-first heap   total reserved 3997696K, committed 477184K, used 290747K [0x000000070c000000, 0x0000000800000000)
  region size 2048K, 139 young (284672K), 1 survivors (2048K)
 Metaspace       used 21135K, committed 21440K, reserved 1114112K
  class space    used 2232K, committed 2368K, reserved 1048576K
}
Event: 104.967 GC heap after
{Heap after GC invocations=491 (full 0):
 garbage-first heap   total reserved 3997696K, committed 477184K, used 8125K [0x000000070c000000, 0x0000000800000000)
  region size 2048K, 1 young (2048K), 1 survivors (2048K)
 Metaspace       used 21135K, committed 21440K, reserved 1114112K
  class space    used 2232K, committed 2368K, reserved 1048576K
}
Event: 105.220 GC heap before
{Heap before GC invocations=491 (full 0):
 garbage-first heap   total reserved 3997696K, committed 477184K, used 290749K [0x000000070c000000, 0x0000000800000000)
  region size 2048K, 139 young (284672K), 1 survivors (2048K)
 Metaspace       used 21135K, committed 21440K, reserved 1114112K
  class space    used 2232K, committed 2368K, reserved 1048576K
}
Event: 105.220 GC heap after
{Heap after GC invocations=492 (full 0):
 garbage-first heap   total reserved 3997696K, committed 477184K, used 8125K [0x000000070c000000, 0x0000000800000000)
  region size 2048K, 1 young (2048K), 1 survivors (2048K)
 Metaspace       used 21135K, committed 21440K, reserved 1114112K
  class space    used 2232K, committed 2368K, reserved 1048576K
}
Event: 105.475 GC heap before
{Heap before GC invocations=492 (full 0):
 garbage-first heap   total reserved 3997696K, committed 477184K, used 290749K [0x000000070c000000, 0x0000000800000000)
  region size 2048K, 139 young (284672K), 1 survivors (2048K)
 Metaspace       used 21135K, committed 21440K, reserved 1114112K
  class space    used 2232K, committed 2368K, reserved 1048576K
}
Event: 105.475 GC heap after
{Heap after GC invocations=493 (full 0):
 garbage-first heap   total reserved 3997696K, committed 477184K, used 8123K [0x000000070c000000, 0x0000000800000000)
  region size 2048K, 1 young (2048K), 1 survivors (2048K)
 Metaspace       used 21135K, committed 21440K, reserved 1114112K
  class space    used 2232K, committed 2368K, reserved 1048576K
}
Event: 105.732 GC heap before
{Heap before GC invocations=493 (full 0):
 garbage-first heap   total reserved 3997696K, committed 477184K, used 272315K [0x000000070c000000, 0x0000000800000000)
  region size 2048K, 131 young (268288K), 1 survivors (2048K)
 Metaspace       used 21217K, committed 21504K, reserved 1114112K
  class space    used 2237K, committed 2368K, reserved 1048576K
}
Event: 105.733 GC heap after
{Heap after GC invocations=494 (full 0):
 garbage-first heap   total reserved 3997696K, committed 477184K, used 8133K [0x000000070c000000, 0x0000000800000000)
  region size 2048K, 1 young (2048K), 1 survivors (2048K)
 Metaspace       used 21217K, committed 21504K, reserved 1114112K
  class space    used 2237K, committed 2368K, reserved 1048576K
}
Event: 105.778 GC heap before
{Heap before GC invocations=495 (full 0):
 garbage-first heap   total reserved 3997696K, committed 40960K, used 36805K [0x000000070c000000, 0x0000000800000000)
  region size 2048K, 15 young (30720K), 1 survivors (2048K)
 Metaspace       used 21664K, committed 22016K, reserved 1114112K
  class space    used 2294K, committed 2432K, reserved 1048576K
}
Event: 105.779 GC heap after
{Heap after GC invocations=496 (full 0):
 garbage-first heap   total reserved 3997696K, committed 43008K, used 8382K [0x000000070c000000, 0x0000000800000000)
  region size 2048K, 1 young (2048K), 1 survivors (2048K)
 Metaspace       used 21664K, committed 22016K, reserved 1114112K
  class space    used 2294K, committed 2432K, reserved 1048576K
}
Event: 105.805 GC heap before
{Heap before GC invocations=496 (full 0):
 garbage-first heap   total reserved 3997696K, committed 43008K, used 30910K [0x000000070c000000, 0x0000000800000000)
  region size 2048K, 12 young (24576K), 1 survivors (2048K)
 Metaspace       used 21756K, committed 22080K, reserved 1114112K
  class space    used 2300K, committed 2432K, reserved 1048576K
}
Event: 105.810 GC heap after
{Heap after GC invocations=497 (full 0):
 garbage-first heap   total reserved 3997696K, committed 43008K, used 8601K [0x000000070c000000, 0x0000000800000000)
  region size 2048K, 1 young (2048K), 1 survivors (2048K)
 Metaspace       used 21756K, committed 22080K, reserved 1114112K
  class space    used 2300K, committed 2432K, reserved 1048576K
}
Event: 105.839 GC heap before
{Heap before GC invocations=497 (full 0):
 garbage-first heap   total reserved 3997696K, committed 43008K, used 31129K [0x000000070c000000, 0x0000000800000000)
  region size 2048K, 12 young (24576K), 1 survivors (2048K)
 Metaspace       used 21859K, committed 22144K, reserved 1114112K
  class space    used 2311K, committed 2432K, reserved 1048576K
}
Event: 105.840 GC heap after
{Heap after GC invocations=498 (full 0):
 garbage-first heap   total reserved 3997696K, committed 43008K, used 8820K [0x000000070c000000, 0x0000000800000000)
  region size 2048K, 1 young (2048K), 1 survivors (2048K)
 Metaspace       used 21859K, committed 22144K, reserved 1114112K
  class space    used 2311K, committed 2432K, reserved 1048576K
}
Event: 105.869 GC heap before
{Heap before GC invocations=498 (full 0):
 garbage-first heap   total reserved 3997696K, committed 43008K, used 31348K [0x000000070c000000, 0x0000000800000000)
  region size 2048K, 12 young (24576K), 1 survivors (2048K)
 Metaspace       used 21983K, committed 22336K, reserved 1114112K
  class space    used 2332K, committed 2496K, reserved 1048576K
}
Event: 105.871 GC heap after
{Heap after GC invocations=499 (full 0):
 garbage-first heap   total reserved 3997696K, committed 43008K, used 9029K [0x000000070c000000, 0x0000000800000000)
  region size 2048K, 1 young (2048K), 1 survivors (2048K)
 Metaspace       used 21983K, committed 22336K, reserved 1114112K
  class space    used 2332K, committed 2496K, reserved 1048576K
}
Event: 105.897 GC heap before
{Heap before GC invocations=499 (full 0):
 garbage-first heap   total reserved 3997696K, committed 43008K, used 31557K [0x000000070c000000, 0x0000000800000000)
  region size 2048K, 12 young (24576K), 1 survivors (2048K)
 Metaspace       used 22173K, committed 22464K, reserved 1114112K
  class space    used 2359K, committed 2496K, reserved 1048576K
}
Event: 105.899 GC heap after
{Heap after GC invocations=500 (full 0):
 garbage-first heap   total reserved 3997696K, committed 147456K, used 9097K [0x000000070c000000, 0x0000000800000000)
  region size 2048K, 1 young (2048K), 1 survivors (2048K)
 Metaspace       used 22173K, committed 22464K, reserved 1114112K
  class space    used 2359K, committed 2496K, reserved 1048576K
}
Event: 106.001 GC heap before
{Heap before GC invocations=500 (full 0):
 garbage-first heap   total reserved 3997696K, committed 147456K, used 95113K [0x000000070c000000, 0x0000000800000000)
  region size 2048K, 43 young (88064K), 1 survivors (2048K)
 Metaspace       used 22305K, committed 22592K, reserved 1114112K
  class space    used 2372K, committed 2496K, reserved 1048576K
}
Event: 106.003 GC heap after
{Heap after GC invocations=501 (full 0):
 garbage-first heap   total reserved 3997696K, committed 147456K, used 9426K [0x000000070c000000, 0x0000000800000000)
  region size 2048K, 1 young (2048K), 1 survivors (2048K)
 Metaspace       used 22305K, committed 22592K, reserved 1114112K
  class space    used 2372K, committed 2496K, reserved 1048576K
}

Dll operation events (13 events):
Event: 0.038 Loaded shared library C:\Users\choko\.jdks\openjdk-24.0.1\bin\java.dll
Event: 0.039 Loaded shared library C:\Users\choko\.jdks\openjdk-24.0.1\bin\zip.dll
Event: 0.060 Loaded shared library C:\Users\choko\.jdks\openjdk-24.0.1\bin\jsvml.dll
Event: 0.095 Loaded shared library C:\Users\choko\.jdks\openjdk-24.0.1\bin\instrument.dll
Event: 0.125 Loaded shared library C:\Users\choko\.jdks\openjdk-24.0.1\bin\zip.dll
Event: 0.138 Loaded shared library C:\Users\choko\.jdks\openjdk-24.0.1\bin\jimage.dll
Event: 0.139 Loaded shared library C:\Users\choko\.jdks\openjdk-24.0.1\bin\net.dll
Event: 0.140 Loaded shared library C:\Users\choko\.jdks\openjdk-24.0.1\bin\nio.dll
Event: 0.168 Loaded shared library C:\Users\choko\.jdks\openjdk-24.0.1\bin\extnet.dll
Event: 0.216 Loaded shared library C:\Users\choko\.jdks\openjdk-24.0.1\bin\management.dll
Event: 0.225 Loaded shared library C:\Users\choko\.jdks\openjdk-24.0.1\bin\management_ext.dll
Event: 0.592 Loaded shared library C:\Users\choko\.jdks\openjdk-24.0.1\bin\verify.dll
Event: 105.718 Loaded shared library C:\Users\choko\AppData\Local\Temp\idea_libasyncProfiler_dll_temp_folder5401\libasyncProfiler.dll

Deoptimization events (20 events):
Event: 105.856 Thread 0x000001c97f9a0c40 Uncommon trap: trap_request=0xffffffde fr.pc=0x000001c976384c90 relative=0x0000000000000070
Event: 105.856 Thread 0x000001c97f9a0c40 Uncommon trap: reason=class_check action=maybe_recompile pc=0x000001c976384c90 method=jdk.jfr.FlightRecorderPermission$InternalAccess.getType(Ljava/lang/Object;)Ljdk/jfr/internal/Type; @ 18 c2
Event: 105.856 Thread 0x000001c97f9a0c40 DEOPT PACKING pc=0x000001c976384c90 sp=0x0000000a62efe380
Event: 105.856 Thread 0x000001c97f9a0c40 DEOPT UNPACKING pc=0x000001c975dd6f02 sp=0x0000000a62efe318 mode 2
Event: 105.856 Thread 0x000001c97f9a0c40 Uncommon trap: trap_request=0xffffffde fr.pc=0x000001c976384c90 relative=0x0000000000000070
Event: 105.856 Thread 0x000001c97f9a0c40 Uncommon trap: reason=class_check action=maybe_recompile pc=0x000001c976384c90 method=jdk.jfr.FlightRecorderPermission$InternalAccess.getType(Ljava/lang/Object;)Ljdk/jfr/internal/Type; @ 18 c2
Event: 105.856 Thread 0x000001c97f9a0c40 DEOPT PACKING pc=0x000001c976384c90 sp=0x0000000a62efe380
Event: 105.856 Thread 0x000001c97f9a0c40 DEOPT UNPACKING pc=0x000001c975dd6f02 sp=0x0000000a62efe318 mode 2
Event: 105.857 Thread 0x000001c97f9a0c40 Uncommon trap: trap_request=0xffffffde fr.pc=0x000001c976384c90 relative=0x0000000000000070
Event: 105.857 Thread 0x000001c97f9a0c40 Uncommon trap: reason=class_check action=maybe_recompile pc=0x000001c976384c90 method=jdk.jfr.FlightRecorderPermission$InternalAccess.getType(Ljava/lang/Object;)Ljdk/jfr/internal/Type; @ 18 c2
Event: 105.857 Thread 0x000001c97f9a0c40 DEOPT PACKING pc=0x000001c976384c90 sp=0x0000000a62efe380
Event: 105.857 Thread 0x000001c97f9a0c40 DEOPT UNPACKING pc=0x000001c975dd6f02 sp=0x0000000a62efe318 mode 2
Event: 105.865 Thread 0x000001c97f9a0c40 Uncommon trap: trap_request=0xffffff4d fr.pc=0x000001c97638f3b8 relative=0x0000000000000918
Event: 105.865 Thread 0x000001c97f9a0c40 Uncommon trap: reason=unstable_if action=reinterpret pc=0x000001c97638f3b8 method=jdk.jfr.internal.Type.getKnownType(Ljava/lang/Class;)Ljdk/jfr/internal/Type; @ 47 c2
Event: 105.865 Thread 0x000001c97f9a0c40 DEOPT PACKING pc=0x000001c97638f3b8 sp=0x0000000a62efdfe0
Event: 105.865 Thread 0x000001c97f9a0c40 DEOPT UNPACKING pc=0x000001c975dd6f02 sp=0x0000000a62efdfc8 mode 2
Event: 105.888 Thread 0x000001c94de312e0 Uncommon trap: trap_request=0xffffffc6 fr.pc=0x000001c976383238 relative=0x0000000000000818
Event: 105.888 Thread 0x000001c94de312e0 Uncommon trap: reason=bimorphic_or_optimized_type_check action=maybe_recompile pc=0x000001c976383238 method=java.util.ImmutableCollections.listCopy(Ljava/util/Collection;)Ljava/util/List; @ 45 c2
Event: 105.888 Thread 0x000001c94de312e0 DEOPT PACKING pc=0x000001c976383238 sp=0x0000000a648fed30
Event: 105.888 Thread 0x000001c94de312e0 DEOPT UNPACKING pc=0x000001c975dd6f02 sp=0x0000000a648fecf0 mode 2

Classes loaded (20 events):
Event: 105.902 Loading class jdk/jfr/internal/MetadataWriter
Event: 105.903 Loading class jdk/jfr/internal/MetadataWriter done
Event: 105.903 Loading class jdk/jfr/internal/MetadataDescriptor$Element
Event: 105.903 Loading class jdk/jfr/internal/MetadataDescriptor$Element done
Event: 105.903 Loading class jdk/jfr/internal/MetadataDescriptor$Attribute
Event: 105.903 Loading class jdk/jfr/internal/MetadataDescriptor$Attribute done
Event: 105.912 Loading class jdk/jfr/internal/consumer/StringParser$Encoding
Event: 105.912 Loading class jdk/jfr/internal/consumer/StringParser$Encoding done
Event: 105.930 Loading class jdk/jfr/internal/consumer/RepositoryFiles
Event: 105.930 Loading class jdk/jfr/internal/consumer/RepositoryFiles done
Event: 105.932 Loading class jdk/jfr/internal/SettingsManager$InternalSetting
Event: 105.932 Loading class jdk/jfr/internal/SettingsManager$InternalSetting done
Event: 105.934 Loading class jdk/jfr/internal/util/Rate
Event: 105.934 Loading class jdk/jfr/internal/util/Rate done
Event: 105.934 Loading class jdk/jfr/internal/util/TimespanUnit
Event: 105.934 Loading class jdk/jfr/internal/util/TimespanUnit done
Event: 105.934 Loading class jdk/jfr/internal/util/ValueParser
Event: 105.934 Loading class jdk/jfr/internal/util/ValueParser done
Event: 105.935 Loading class jdk/jfr/internal/periodic/PeriodicType
Event: 105.936 Loading class jdk/jfr/internal/periodic/PeriodicType done

Classes unloaded (0 events):
No events

Classes redefined (4 events):
Event: 0.127 Thread 0x000001c97f98cfd0 redefined class name=java.lang.Throwable, count=1
Event: 0.934 Thread 0x000001c97f98cfd0 redefined class name=java.lang.Object, count=1
Event: 0.934 Thread 0x000001c97f98cfd0 redefined class name=org.example.Ships.Storage, count=2
Event: 0.964 Thread 0x000001c97f98cfd0 redefined class name=org.example.Ships.HeadRandom, count=2

Internal exceptions (20 events):
Event: 0.471 Thread 0x000001c94bebf3a0 Exception <a 'java/lang/NoSuchMethodError'{0x00000007186fc530}: 'double java.lang.invoke.DelegatingMethodHandle$Holder.reinvoke_L(java.lang.Object, java.lang.Object)'> (0x00000007186fc530) 
thrown [s\open\src\hotspot\share\interpreter\linkResolver.cpp, line 805]
Event: 0.590 Thread 0x000001c963a0c700 Exception <a 'java/lang/NoSuchMethodError'{0x000000071b09c0f0}: 'int java.lang.invoke.DirectMethodHandle$Holder.invokeSpecial(java.lang.Object, java.lang.Object, java.lang.Object, java.lang.Object)'> (0x000000071b09c0f0) 
thrown [s\open\src\hotspot\share\interpreter\linkResolver.cpp, line 805]
Event: 0.854 Thread 0x000001c963a0c700 Exception <a 'java/lang/NoSuchMethodError'{0x0000000719f9b220}: 'java.lang.Object java.lang.invoke.Invokers$Holder.invoker(java.lang.Object, java.lang.Object, java.lang.Object)'> (0x0000000719f9b220) 
thrown [s\open\src\hotspot\share\interpreter\linkResolver.cpp, line 805]
Event: 0.855 Thread 0x000001c963a0c700 Exception <a 'java/lang/NoSuchMethodError'{0x0000000719fc0318}: 'void java.lang.invoke.DelegatingMethodHandle$Holder.delegate(java.lang.Object, java.lang.Object, int, java.lang.Object)'> (0x0000000719fc0318) 
thrown [s\open\src\hotspot\share\interpreter\linkResolver.cpp, line 805]
Event: 0.944 Thread 0x000001c963a0c700 Exception <a 'java/lang/NoSuchMethodError'{0x000000071989b170}: 'java.lang.Object java.lang.invoke.Invokers$Holder.invoker(java.lang.Object, java.lang.Object)'> (0x000000071989b170) 
thrown [s\open\src\hotspot\share\interpreter\linkResolver.cpp, line 805]
Event: 0.945 Thread 0x000001c963a0c700 Exception <a 'java/lang/NoSuchMethodError'{0x00000007198ad340}: 'java.lang.Object java.lang.invoke.Invokers$Holder.invoker(java.lang.Object, java.lang.Object, java.lang.Object, java.lang.Object)'> (0x00000007198ad340) 
thrown [s\open\src\hotspot\share\interpreter\linkResolver.cpp, line 805]
Event: 0.954 Thread 0x000001c94bebf3a0 Exception <a 'java/lang/NoSuchMethodError'{0x00000007199513c8}: 'long java.lang.invoke.DirectMethodHandle$Holder.invokeVirtual(java.lang.Object, java.lang.Object)'> (0x00000007199513c8) 
thrown [s\open\src\hotspot\share\interpreter\linkResolver.cpp, line 805]
Event: 0.955 Thread 0x000001c94bebf3a0 Exception <a 'java/lang/NoSuchMethodError'{0x00000007199596d8}: 'java.lang.Object java.lang.invoke.DirectMethodHandle$Holder.invokeStatic(java.lang.Object, long)'> (0x00000007199596d8) 
thrown [s\open\src\hotspot\share\interpreter\linkResolver.cpp, line 805]
Event: 0.955 Thread 0x000001c94bebf3a0 Exception <a 'java/lang/NoSuchMethodError'{0x00000007199697a0}: 'long java.lang.invoke.DelegatingMethodHandle$Holder.reinvoke_L(java.lang.Object, java.lang.Object)'> (0x00000007199697a0) 
thrown [s\open\src\hotspot\share\interpreter\linkResolver.cpp, line 805]
Event: 0.983 Thread 0x000001c963a0c700 Exception <a 'java/lang/NoSuchMethodError'{0x00000007196c71c8}: 'int java.lang.invoke.DirectMethodHandle$Holder.invokeStaticInit(java.lang.Object, java.lang.Object, java.lang.Object)'> (0x00000007196c71c8) 
thrown [s\open\src\hotspot\share\interpreter\linkResolver.cpp, line 805]
Event: 0.988 Thread 0x000001c963a0c700 Exception <a 'java/lang/IncompatibleClassChangeError'{0x00000007197188c8}: Found class java.lang.Object, but interface was expected> (0x00000007197188c8) 
thrown [s\open\src\hotspot\share\interpreter\linkResolver.cpp, line 872]
Event: 0.994 Thread 0x000001c963a0c700 Exception <a 'java/lang/NoSuchMethodError'{0x000000071979a708}: 'void java.lang.invoke.DirectMethodHandle$Holder.invokeVirtual(java.lang.Object, java.lang.Object)'> (0x000000071979a708) 
thrown [s\open\src\hotspot\share\interpreter\linkResolver.cpp, line 805]
Event: 1.004 Thread 0x000001c963a0c700 Exception <a 'java/lang/IncompatibleClassChangeError'{0x000000071942b038}: Found class java.lang.Object, but interface was expected> (0x000000071942b038) 
thrown [s\open\src\hotspot\share\interpreter\linkResolver.cpp, line 872]
Event: 1.006 Thread 0x000001c963a0c700 Exception <a 'java/lang/NoSuchMethodError'{0x0000000719453e78}: 'java.lang.Object java.lang.invoke.DirectMethodHandle$Holder.invokeStatic(java.lang.Object, int, java.lang.Object)'> (0x0000000719453e78) 
thrown [s\open\src\hotspot\share\interpreter\linkResolver.cpp, line 805]
Event: 105.885 Thread 0x000001c97f9a0c40 Exception <a 'java/lang/NoSuchMethodError'{0x000000070dfccfc8}: 'void java.lang.invoke.DirectMethodHandle$Holder.invokeSpecial(java.lang.Object, java.lang.Object, int)'> (0x000000070dfccfc8) 
thrown [s\open\src\hotspot\share\interpreter\linkResolver.cpp, line 805]
Event: 105.885 Thread 0x000001c97f9a0c40 Exception <a 'java/lang/NoSuchMethodError'{0x000000070dfd4bf8}: 'void java.lang.invoke.Invokers$Holder.invokeExact_MT(java.lang.Object, int, java.lang.Object)'> (0x000000070dfd4bf8) 
thrown [s\open\src\hotspot\share\interpreter\linkResolver.cpp, line 805]
Event: 105.887 Thread 0x000001c97f9a0c40 Exception <a 'java/lang/NoSuchMethodError'{0x000000070dd4c690}: 'void java.lang.invoke.DirectMethodHandle$Holder.invokeStatic(java.lang.Object, java.lang.Object, int)'> (0x000000070dd4c690) 
thrown [s\open\src\hotspot\share\interpreter\linkResolver.cpp, line 805]
Event: 105.891 Thread 0x000001c97f9a0c40 Exception <a 'sun/nio/fs/WindowsException'{0x000000070d9517f0}> (0x000000070d9517f0) 
thrown [s\open\src\hotspot\share\prims\jni.cpp, line 518]
Event: 105.894 Thread 0x000001c97f9a0c40 Exception <a 'sun/nio/fs/WindowsException'{0x000000070d4008b8}> (0x000000070d4008b8) 
thrown [s\open\src\hotspot\share\prims\jni.cpp, line 518]
Event: 105.900 Thread 0x000001c97f9a0c40 Exception <a 'sun/nio/fs/WindowsException'{0x00000007ffee1b78}> (0x00000007ffee1b78) 
thrown [s\open\src\hotspot\share\prims\jni.cpp, line 518]

VM Operations (20 events):
Event: 105.739 Executing VM operation: G1PauseRemark
Event: 105.741 Executing VM operation: G1PauseRemark done
Event: 105.743 Executing VM operation: G1PauseCleanup
Event: 105.748 Executing VM operation: G1PauseCleanup done
Event: 105.778 Executing VM operation: G1CollectForAllocation (G1 Evacuation Pause)
Event: 105.779 Executing VM operation: G1CollectForAllocation (G1 Evacuation Pause) done
Event: 105.805 Executing VM operation: G1CollectForAllocation (G1 Evacuation Pause)
Event: 105.810 Executing VM operation: G1CollectForAllocation (G1 Evacuation Pause) done
Event: 105.839 Executing VM operation: G1CollectForAllocation (G1 Evacuation Pause)
Event: 105.840 Executing VM operation: G1CollectForAllocation (G1 Evacuation Pause) done
Event: 105.869 Executing VM operation: G1CollectForAllocation (G1 Evacuation Pause)
Event: 105.871 Executing VM operation: G1CollectForAllocation (G1 Evacuation Pause) done
Event: 105.889 Executing VM operation: HandshakeAllThreads (Deoptimize)
Event: 105.889 Executing VM operation: HandshakeAllThreads (Deoptimize) done
Event: 105.897 Executing VM operation: G1CollectForAllocation (G1 Evacuation Pause)
Event: 105.899 Executing VM operation: G1CollectForAllocation (G1 Evacuation Pause) done
Event: 105.930 Executing VM operation: JFRSafepointClear
Event: 105.930 Executing VM operation: JFRSafepointClear done
Event: 106.001 Executing VM operation: G1CollectForAllocation (G1 Evacuation Pause)
Event: 106.003 Executing VM operation: G1CollectForAllocation (G1 Evacuation Pause) done

Memory protections (0 events):
No events

Nmethod flushes (0 events):
No events

Events (20 events):
Event: 0.058 Thread 0x000001c963a0c700 Thread added: 0x000001c97f9a6250
Event: 0.058 Thread 0x000001c963a0c700 Thread added: 0x000001c97f9a8510
Event: 0.058 Thread 0x000001c963a0c700 Thread added: 0x000001c97f9b0f90
Event: 0.058 Thread 0x000001c963a0c700 Thread added: 0x000001c97f9b6bf0
Event: 0.111 Thread 0x000001c963a0c700 Thread added: 0x000001c94b1c10e0
Event: 0.128 Thread 0x000001c963a0c700 Thread added: 0x000001c94b3a9640
Event: 0.150 Thread 0x000001c97f9b0f90 Thread added: 0x000001c94b50ff00
Event: 0.157 Thread 0x000001c963a0c700 Thread added: 0x000001c94b5686a0
Event: 0.157 Thread 0x000001c963a0c700 Thread added: 0x000001c94b56aac0
Event: 0.329 Thread 0x000001c97f9b6bf0 Thread added: 0x000001c94c189030
Event: 0.419 Thread 0x000001c97f9a0c40 Thread added: 0x000001c94bebec50
Event: 0.429 Thread 0x000001c94bebec50 Thread added: 0x000001c94bebf3a0
Event: 0.443 Thread 0x000001c94bebf3a0 Thread added: 0x000001c94bebc070
Event: 0.448 Thread 0x000001c94bebf3a0 Thread added: 0x000001c94bebe500
Event: 1.962 Thread 0x000001c94c189030 Thread exited: 0x000001c94c189030
Event: 1.998 Thread 0x000001c94b50ff00 Thread exited: 0x000001c94b50ff00
Event: 105.736 Thread 0x000001c97f9b6bf0 Thread added: 0x000001c94b50ff00
Event: 105.736 Thread 0x000001c97f9b6bf0 Thread added: 0x000001c94c189030
Event: 105.755 Thread 0x000001c97f9a0c40 Thread added: 0x000001c94c8c97b0
Event: 105.888 Thread 0x000001c97f9a0c40 Thread added: 0x000001c94de312e0


Dynamic libraries:
0x00007ff7685a0000 - 0x00007ff7685ae000 	C:\Users\choko\.jdks\openjdk-24.0.1\bin\java.exe
0x00007ffe60460000 - 0x00007ffe606c0000 	C:\WINDOWS\SYSTEM32\ntdll.dll
0x00007ffe5e520000 - 0x00007ffe5e5e7000 	C:\WINDOWS\System32\KERNEL32.DLL
0x00007ffe5da50000 - 0x00007ffe5de1a000 	C:\WINDOWS\System32\KERNELBASE.dll
0x00007ffe5d870000 - 0x00007ffe5d9bb000 	C:\WINDOWS\System32\ucrtbase.dll
0x00007ffe55680000 - 0x00007ffe5569b000 	C:\Users\choko\.jdks\openjdk-24.0.1\bin\VCRUNTIME140.dll
0x00007ffe561b0000 - 0x00007ffe561c6000 	C:\Users\choko\.jdks\openjdk-24.0.1\bin\jli.dll
0x00007ffe5e970000 - 0x00007ffe5eb3c000 	C:\WINDOWS\System32\USER32.dll
0x00007ffe4b930000 - 0x00007ffe4bbc7000 	C:\WINDOWS\WinSxS\amd64_microsoft.windows.common-controls_6595b64144ccf1df_6.0.26100.3624_none_3e086962e3345f24\COMCTL32.dll
0x00007ffe5e190000 - 0x00007ffe5e1b7000 	C:\WINDOWS\System32\win32u.dll
0x00007ffe5ed30000 - 0x00007ffe5edd9000 	C:\WINDOWS\System32\msvcrt.dll
0x00007ffe5e4f0000 - 0x00007ffe5e51a000 	C:\WINDOWS\System32\GDI32.dll
0x00007ffe5e050000 - 0x00007ffe5e181000 	C:\WINDOWS\System32\gdi32full.dll
0x00007ffe5d7c0000 - 0x00007ffe5d863000 	C:\WINDOWS\System32\msvcp_win.dll
0x00007ffe5f980000 - 0x00007ffe5f9af000 	C:\WINDOWS\System32\IMM32.DLL
0x00007ffe4cc70000 - 0x00007ffe4cc7c000 	C:\Users\choko\.jdks\openjdk-24.0.1\bin\vcruntime140_1.dll
0x00007ffe2e8d0000 - 0x00007ffe2e95e000 	C:\Users\choko\.jdks\openjdk-24.0.1\bin\msvcp140.dll
0x00007ffdd89e0000 - 0x00007ffdd9782000 	C:\Users\choko\.jdks\openjdk-24.0.1\bin\server\jvm.dll
0x00007ffe5e320000 - 0x00007ffe5e3d2000 	C:\WINDOWS\System32\ADVAPI32.dll
0x00007ffe5e430000 - 0x00007ffe5e4d6000 	C:\WINDOWS\System32\sechost.dll
0x00007ffe5e850000 - 0x00007ffe5e966000 	C:\WINDOWS\System32\RPCRT4.dll
0x00007ffe5f0d0000 - 0x00007ffe5f144000 	C:\WINDOWS\System32\WS2_32.dll
0x00007ffe5d490000 - 0x00007ffe5d4ee000 	C:\WINDOWS\SYSTEM32\POWRPROF.dll
0x00007ffe52680000 - 0x00007ffe526b6000 	C:\WINDOWS\SYSTEM32\WINMM.dll
0x00007ffe55800000 - 0x00007ffe5580b000 	C:\WINDOWS\SYSTEM32\VERSION.dll
0x00007ffe5d470000 - 0x00007ffe5d484000 	C:\WINDOWS\SYSTEM32\UMPDC.dll
0x00007ffe5c450000 - 0x00007ffe5c46a000 	C:\WINDOWS\SYSTEM32\kernel.appcore.dll
0x00007ffe4cad0000 - 0x00007ffe4cada000 	C:\Users\choko\.jdks\openjdk-24.0.1\bin\jimage.dll
0x00007ffe5ae10000 - 0x00007ffe5b051000 	C:\WINDOWS\SYSTEM32\DBGHELP.DLL
0x00007ffe5feb0000 - 0x00007ffe60232000 	C:\WINDOWS\System32\combase.dll
0x00007ffe5ede0000 - 0x00007ffe5eeb6000 	C:\WINDOWS\System32\OLEAUT32.dll
0x00007ffe12580000 - 0x00007ffe125b9000 	C:\WINDOWS\SYSTEM32\dbgcore.DLL
0x00007ffe5e1c0000 - 0x00007ffe5e259000 	C:\WINDOWS\System32\bcryptPrimitives.dll
0x00007ffe4c270000 - 0x00007ffe4c27f000 	C:\Users\choko\.jdks\openjdk-24.0.1\bin\instrument.dll
0x00007ffe4c370000 - 0x00007ffe4c38e000 	C:\Users\choko\.jdks\openjdk-24.0.1\bin\java.dll
0x00007ffe5eb40000 - 0x00007ffe5ecd6000 	C:\WINDOWS\System32\ole32.dll
0x00007ffe5f250000 - 0x00007ffe5f979000 	C:\WINDOWS\System32\SHELL32.dll
0x00007ffe5dee0000 - 0x00007ffe5e048000 	C:\WINDOWS\System32\wintypes.dll
0x00007ffe4a3a0000 - 0x00007ffe4a3b7000 	C:\Users\choko\.jdks\openjdk-24.0.1\bin\zip.dll
0x00007ffe5b300000 - 0x00007ffe5bb52000 	C:\WINDOWS\SYSTEM32\windows.storage.dll
0x00007ffe5ef50000 - 0x00007ffe5f03d000 	C:\WINDOWS\System32\SHCORE.dll
0x00007ffe5e600000 - 0x00007ffe5e664000 	C:\WINDOWS\System32\shlwapi.dll
0x00007ffe5d550000 - 0x00007ffe5d57f000 	C:\WINDOWS\SYSTEM32\profapi.dll
0x00007ffe0cbb0000 - 0x00007ffe0cc87000 	C:\Users\choko\.jdks\openjdk-24.0.1\bin\jsvml.dll
0x00007ffe4c330000 - 0x00007ffe4c340000 	C:\Users\choko\.jdks\openjdk-24.0.1\bin\net.dll
0x00007ffe5c970000 - 0x00007ffe5c9da000 	C:\WINDOWS\system32\mswsock.dll
0x00007ffe4ab30000 - 0x00007ffe4ab46000 	C:\Users\choko\.jdks\openjdk-24.0.1\bin\nio.dll
0x00007ffe4bdb0000 - 0x00007ffe4bdb9000 	C:\Users\choko\.jdks\openjdk-24.0.1\bin\extnet.dll
0x00007ffe5c000000 - 0x00007ffe5c125000 	C:\WINDOWS\SYSTEM32\DNSAPI.dll
0x00007ffe5bf30000 - 0x00007ffe5bf63000 	C:\WINDOWS\SYSTEM32\IPHLPAPI.DLL
0x00007ffe5eec0000 - 0x00007ffe5eeca000 	C:\WINDOWS\System32\NSI.dll
0x00007ffe55810000 - 0x00007ffe5581b000 	C:\Windows\System32\rasadhlp.dll
0x00007ffe57330000 - 0x00007ffe573b5000 	C:\WINDOWS\System32\fwpuclnt.dll
0x00007ffe49350000 - 0x00007ffe4935a000 	C:\Users\choko\.jdks\openjdk-24.0.1\bin\management.dll
0x00007ffe49340000 - 0x00007ffe4934b000 	C:\Users\choko\.jdks\openjdk-24.0.1\bin\management_ext.dll
0x00007ffe5e310000 - 0x00007ffe5e318000 	C:\WINDOWS\System32\PSAPI.DLL
0x00007ffe5cc10000 - 0x00007ffe5cc2c000 	C:\WINDOWS\SYSTEM32\CRYPTSP.dll
0x00007ffe5c3b0000 - 0x00007ffe5c3ea000 	C:\WINDOWS\system32\rsaenh.dll
0x00007ffe5ca10000 - 0x00007ffe5ca3b000 	C:\WINDOWS\SYSTEM32\USERENV.dll
0x00007ffe5d520000 - 0x00007ffe5d546000 	C:\WINDOWS\SYSTEM32\bcrypt.dll
0x00007ffe5cc30000 - 0x00007ffe5cc3c000 	C:\WINDOWS\SYSTEM32\CRYPTBASE.dll
0x00007ffe39fa0000 - 0x00007ffe39fb8000 	C:\WINDOWS\system32\napinsp.dll
0x00007ffe39fc0000 - 0x00007ffe39fd2000 	C:\WINDOWS\System32\winrnr.dll
0x00007ffe3a0a0000 - 0x00007ffe3a0d0000 	C:\WINDOWS\system32\nlansp_c.dll
0x00007ffe54c60000 - 0x00007ffe54c76000 	C:\WINDOWS\system32\wshbth.dll
0x00007ffe49c70000 - 0x00007ffe49cbe000 	C:\WINDOWS\SYSTEM32\pdh.dll
0x00007ffe487a0000 - 0x00007ffe487b0000 	C:\Users\choko\.jdks\openjdk-24.0.1\bin\verify.dll
0x00007ffe55600000 - 0x00007ffe55612000 	C:\WINDOWS\System32\perfproc.dll
0x00007ffe3e0f0000 - 0x00007ffe3e101000 	C:\WINDOWS\System32\perfos.dll
0x00007ffe5bb80000 - 0x00007ffe5bb92000 	C:\WINDOWS\SYSTEM32\pfclient.dll
0x00007ffdf7ef0000 - 0x00007ffdf80e8000 	C:\Users\choko\AppData\Local\Temp\idea_libasyncProfiler_dll_temp_folder5401\libasyncProfiler.dll

JVMTI agents:
C:\Users\choko\AppData\Local\JetBrains\IntelliJIdea2025.1\captureAgent\debugger-agent.jar path:C:\Users\choko\.jdks\openjdk-24.0.1\bin\instrument.dll, loaded, initialized, instrumentlib options:file:///C:/Users/choko/AppData/Local/Temp/capture8796630663787435293.props
C:\Users\choko\.m2\repository/org/mockito/mockito-core/5.17.0/mockito-core-5.17.0.jar path:C:\Users\choko\.jdks\openjdk-24.0.1\bin\instrument.dll, loaded, initialized, instrumentlib options:none
C:\Program Files\JetBrains\IntelliJ IDEA 2025.1\lib\idea_rt.jar path:C:\Users\choko\.jdks\openjdk-24.0.1\bin\instrument.dll, loaded, initialized, instrumentlib options:58350

dbghelp: loaded successfully - version: 4.0.5 - missing functions: none
symbol engine: initialized successfully - sym options: 0x614 - pdb path: .;C:\Users\choko\.jdks\openjdk-24.0.1\bin;C:\WINDOWS\SYSTEM32;C:\WINDOWS\WinSxS\amd64_microsoft.windows.common-controls_6595b64144ccf1df_6.0.26100.3624_none_3e086962e3345f24;C:\Users\choko\.jdks\openjdk-24.0.1\bin\server;C:\Users\choko\AppData\Local\Temp\idea_libasyncProfiler_dll_temp_folder5401

VM Arguments:
jvm_args: -javaagent:C:\Users\choko\AppData\Local\JetBrains\IntelliJIdea2025.1\captureAgent\debugger-agent.jar=file:///C:/Users/choko/AppData/Local/Temp/capture8796630663787435293.props -ea -javaagent:C:\Users\choko\.m2\repository/org/mockito/mockito-core/5.17.0/mockito-core-5.17.0.jar -Didea.test.cyclic.buffer.size=1048576 -javaagent:C:\Program Files\JetBrains\IntelliJ IDEA 2025.1\lib\idea_rt.jar=58350 -Dkotlinx.coroutines.debug.enable.creation.stack.trace=false -Ddebugger.agent.enable.coroutines=true -Dkotlinx.coroutines.debug.enable.flows.stack.trace=true -Dkotlinx.coroutines.debug.enable.mutable.state.flows.stack.trace=true -Dfile.encoding=UTF-8 -Dsun.stdout.encoding=UTF-8 -Dsun.stderr.encoding=UTF-8 
java_command: com.intellij.rt.junit.JUnitStarter -ideVersion5 -junit5 org.example.Ships.HeadRandomTest
java_class_path (initial): C:\Users\choko\.m2\repository\org\junit\platform\junit-platform-launcher\1.10.0\junit-platform-launcher-1.10.0.jar;C:\Users\choko\.m2\repository\org\junit\platform\junit-platform-engine\1.10.0\junit-platform-engine-1.10.0.jar;C:\Users\choko\.m2\repository\org\junit\jupiter\junit-jupiter-engine\5.10.0\junit-jupiter-engine-5.10.0.jar;C:\Program Files\JetBrains\IntelliJ IDEA 2025.1\lib\idea_rt.jar;C:\Program Files\JetBrains\IntelliJ IDEA 2025.1\plugins\junit\lib\junit5-rt.jar;C:\Program Files\JetBrains\IntelliJ IDEA 2025.1\plugins\junit\lib\junit-rt.jar;C:\Users\choko\IdeaProjects\SeaBattle2.0\target\test-classes;C:\Users\choko\IdeaProjects\SeaBattle2.0\target\classes;C:\Users\choko\.m2\repository\org\mockito\mockito-core\5.17.0\mockito-core-5.17.0.jar;C:\Users\choko\.m2\repository\net\bytebuddy\byte-buddy\1.15.11\byte-buddy-1.15.11.jar;C:\Users\choko\.m2\repository\net\bytebuddy\byte-buddy-agent\1.15.11\byte-buddy-agent-1.15.11.jar;C:\Users\choko\.m2\repository\org\objenesis\objenesis\3.3\objenesis-3.3.jar;C:\Users\choko\.m2\repository\org\mockito\mockito-junit-jupiter\5.17.0\mockito-junit-jupiter-5.17.0.jar;C:\Users\choko\.m2\repository\org\junit\jupiter\junit-jupiter-api\5.10.0\junit-jupiter-api-5.10.0.jar;C:\Users\choko\.m2\repository\org\opentest4j\opentest4j\1.3.0\opentest4j-1.3.0.jar;C:\Users\choko\.m2\repository\org\junit\platform\junit-platform-commons\1.10.0\junit-platform-commons-1.10.0.jar;C:\Users\choko\.m2\repository\org\apiguardian\apiguardian-api\1.1.2\apiguardian-api-1.1.2.jar
Launcher Type: SUN_STANDARD

[Global flags]
     intx CICompilerCount                          = 4                                         {product} {ergonomic}
     uint ConcGCThreads                            = 3                                         {product} {ergonomic}
     bool FlightRecorder                           = true                                      {product} {management}
     uint G1ConcRefinementThreads                  = 10                                        {product} {ergonomic}
   size_t G1HeapRegionSize                         = 2097152                                   {product} {ergonomic}
   size_t InitialHeapSize                          = 255852544                                 {product} {ergonomic}
   size_t MarkStackSize                            = 4194304                                   {product} {ergonomic}
   size_t MarkStackSizeMax                         = 536870912                                 {product} {ergonomic}
   size_t MaxHeapSize                              = 4093640704                                {product} {ergonomic}
   size_t MaxNewSize                               = 2455764992                                {product} {ergonomic}
   size_t MinHeapDeltaBytes                        = 2097152                                   {product} {ergonomic}
   size_t MinHeapSize                              = 8388608                                   {product} {ergonomic}
    uintx NonNMethodCodeHeapSize                   = 5832704                                {pd product} {ergonomic}
    uintx NonProfiledCodeHeapSize                  = 122945536                              {pd product} {ergonomic}
    uintx ProfiledCodeHeapSize                     = 122880000                              {pd product} {ergonomic}
    uintx ReservedCodeCacheSize                    = 251658240                              {pd product} {ergonomic}
     bool SegmentedCodeCache                       = true                                      {product} {ergonomic}
   size_t SoftMaxHeapSize                          = 4093640704                             {manageable} {ergonomic}
     bool UseCompressedOops                        = true                           {product lp64_product} {ergonomic}
     bool UseG1GC                                  = true                                      {product} {ergonomic}
     bool UseLargePagesIndividualAllocation        = false                                  {pd product} {ergonomic}

Logging:
Log output configuration:
 #0: stdout all=warning uptime,level,tags foldmultilines=false
 #1: stderr all=off uptime,level,tags foldmultilines=false

Environment Variables:
PATH=C:\WINDOWS\system32;C:\WINDOWS;C:\WINDOWS\System32\Wbem;C:\WINDOWS\System32\WindowsPowerShell\v1.0\;C:\WINDOWS\System32\OpenSSH\;C:\Program Files\dotnet\;C:\Program Files\NVIDIA Corporation\NVIDIA app\NvDLISR;C:\Program Files (x86)\NVIDIA Corporation\PhysX\Common;C:\Program Files\Git\cmd;C:\Users\choko\AppData\Local\Microsoft\WindowsApps;C:\Users\choko\AppData\Local\gitkraken\bin;C:\Users\choko\.dotnet\tools
USERNAME=choko
OS=Windows_NT
PROCESSOR_IDENTIFIER=AMD64 Family 25 Model 68 Stepping 1, AuthenticAMD
TMP=C:\Users\choko\AppData\Local\Temp
TEMP=C:\Users\choko\AppData\Local\Temp




Periodic native trim disabled

---------------  S Y S T E M  ---------------

OS:
 Windows 11 , 64 bit Build 26100 (10.0.26100.3775)
OS uptime: 11 days 21:46 hours

CPU: total 12 (initial active 12) (12 cores per cpu, 2 threads per core) family 25 model 68 stepping 1 microcode 0xa404107, cx8, cmov, fxsr, ht, mmx, 3dnowpref, sse, sse2, sse3, ssse3, sse4a, sse4.1, sse4.2, popcnt, lzcnt, tsc, tscinvbit, avx, avx2, aes, erms, clmul, bmi1, bmi2, adx, sha, fma, vzeroupper, clflush, clflushopt, rdtscp, rdpid, fsrm, f16c, pku, cet_ss
Processor Information for the first 12 processors :
  Max Mhz: 3301, Current Mhz: 3301, Mhz Limit: 3301

Memory: 4k page, system-wide physical 15611M (4232M free)
TotalPageFile size 29947M (AvailPageFile size 9187M)
current process WorkingSet (physical memory assigned to process): 245M, peak: 515M
current process commit charge ("private bytes"): 336M, peak: 651M

vm_info: OpenJDK 64-Bit Server VM (24.0.1+9-30) for windows-amd64 JRE (24.0.1+9-30), built on 2025-03-05T07:23:45Z with MS VC++ 17.6 (VS2022)

END.
